{"/Users/wupeilin/Documents/code/nodejs/aliyun-tablestore-nodejs-sdk/index.js":{"path":"/Users/wupeilin/Documents/code/nodejs/aliyun-tablestore-nodejs-sdk/index.js","s":{"1":1,"2":1},"b":{},"f":{},"fnMap":{},"statementMap":{"1":{"start":{"line":1,"column":0},"end":{"line":1,"column":39}},"2":{"start":{"line":2,"column":0},"end":{"line":2,"column":28}}},"branchMap":{}},"/Users/wupeilin/Documents/code/nodejs/aliyun-tablestore-nodejs-sdk/lib/core.js":{"path":"/Users/wupeilin/Documents/code/nodejs/aliyun-tablestore-nodejs-sdk/lib/core.js","s":{"1":1,"2":1,"3":1,"4":1,"5":1,"6":1,"7":1,"8":1,"9":1,"10":1,"11":1,"12":1,"13":1,"14":1,"15":1,"16":1,"17":1,"18":1,"19":1,"20":1,"21":1,"22":1,"23":1,"24":1,"25":1},"b":{},"f":{},"fnMap":{},"statementMap":{"1":{"start":{"line":4,"column":0},"end":{"line":4,"column":20}},"2":{"start":{"line":5,"column":0},"end":{"line":5,"column":28}},"3":{"start":{"line":6,"column":0},"end":{"line":6,"column":18}},"4":{"start":{"line":7,"column":0},"end":{"line":7,"column":22}},"5":{"start":{"line":8,"column":0},"end":{"line":8,"column":18}},"6":{"start":{"line":9,"column":0},"end":{"line":9,"column":42}},"7":{"start":{"line":10,"column":0},"end":{"line":10,"column":40}},"8":{"start":{"line":11,"column":0},"end":{"line":11,"column":42}},"9":{"start":{"line":12,"column":0},"end":{"line":12,"column":48}},"10":{"start":{"line":13,"column":0},"end":{"line":13,"column":43}},"11":{"start":{"line":14,"column":0},"end":{"line":14,"column":20}},"12":{"start":{"line":15,"column":0},"end":{"line":15,"column":30}},"13":{"start":{"line":16,"column":0},"end":{"line":16,"column":30}},"14":{"start":{"line":17,"column":0},"end":{"line":17,"column":22}},"15":{"start":{"line":18,"column":0},"end":{"line":18,"column":20}},"16":{"start":{"line":19,"column":0},"end":{"line":19,"column":18}},"17":{"start":{"line":20,"column":0},"end":{"line":20,"column":33}},"18":{"start":{"line":21,"column":0},"end":{"line":21,"column":29}},"19":{"start":{"line":22,"column":0},"end":{"line":22,"column":21}},"20":{"start":{"line":23,"column":0},"end":{"line":23,"column":20}},"21":{"start":{"line":24,"column":0},"end":{"line":24,"column":56}},"22":{"start":{"line":25,"column":0},"end":{"line":25,"column":23}},"23":{"start":{"line":26,"column":0},"end":{"line":26,"column":30}},"24":{"start":{"line":27,"column":0},"end":{"line":27,"column":40}},"25":{"start":{"line":28,"column":0},"end":{"line":28,"column":20}}},"branchMap":{}},"/Users/wupeilin/Documents/code/nodejs/aliyun-tablestore-nodejs-sdk/lib/util.js":{"path":"/Users/wupeilin/Documents/code/nodejs/aliyun-tablestore-nodejs-sdk/lib/util.js","s":{"1":1,"2":1,"3":1,"4":1,"5":1,"6":1,"7":0,"8":0,"9":0,"10":0,"11":0,"12":0,"13":0,"14":0,"15":0,"16":0,"17":0,"18":0,"19":0,"20":0,"21":0,"22":0,"23":0,"24":0,"25":0,"26":0,"27":0,"28":0,"29":0,"30":0,"31":0,"32":0,"33":0,"34":0,"35":2,"36":0,"37":0,"38":0,"39":0,"40":0,"41":0,"42":0,"43":0,"44":0,"45":0,"46":0,"47":0,"48":0,"49":0,"50":0,"51":0,"52":0,"53":0,"54":0,"55":0,"56":0,"57":0,"58":0,"59":0,"60":0,"61":0,"62":0,"63":0,"64":0,"65":0,"66":0,"67":0,"68":0,"69":0,"70":0,"71":0,"72":0,"73":0,"74":0,"75":0,"76":0,"77":0,"78":0,"79":2,"80":0,"81":2,"82":0,"83":2,"84":2,"85":0,"86":0,"87":0,"88":0,"89":0,"90":0,"91":0,"92":2,"93":0,"94":4,"95":0,"96":1,"97":0,"98":0,"99":0,"100":0,"101":0,"102":0,"103":0,"104":0,"105":0,"106":0,"107":2,"108":0,"109":2,"110":0,"111":0,"112":0,"113":0,"114":0,"115":0,"116":0,"117":0,"118":0,"119":0,"120":0,"121":0,"122":0,"123":0,"124":0,"125":0,"126":0,"127":0,"128":0,"129":0,"130":0,"131":0,"132":0,"133":0,"134":0,"135":0,"136":0,"137":2,"138":0,"139":2,"140":0,"141":2,"142":0,"143":2,"144":2,"145":2,"146":2,"147":0,"148":2,"149":0,"150":2,"151":0,"152":2,"153":0,"154":0,"155":0,"156":0,"157":0,"158":0,"159":0,"160":0,"161":0,"162":0,"163":0,"164":2,"165":30,"166":218,"167":208,"168":208,"169":0,"170":22,"171":40,"172":40,"173":40,"174":0,"175":23,"176":167,"177":23,"178":0,"179":0,"180":0,"181":0,"182":0,"183":0,"184":0,"185":0,"186":0,"187":0,"188":0,"189":0,"190":0,"191":0,"192":0,"193":0,"194":0,"195":0,"196":0,"197":0,"198":0,"199":0,"200":0,"201":0,"202":0,"203":0,"204":0,"205":0,"206":0,"207":0,"208":0,"209":0,"210":0,"211":0,"212":0,"213":0,"214":0,"215":0,"216":0,"217":0,"218":0,"219":0,"220":0,"221":19,"222":19,"223":17,"224":17,"225":17,"226":2,"227":2,"228":2,"229":19,"230":3,"231":1,"232":0,"233":19,"234":19,"235":19,"236":19,"237":1,"238":1,"239":1,"240":14,"241":14,"242":13,"243":1,"244":2,"245":0,"246":2,"247":10,"248":1},"b":{"1":[0,0],"2":[0,0,0],"3":[0,0],"4":[0,0],"5":[0,0],"6":[0,0],"7":[0,0],"8":[0,0],"9":[0,0],"10":[0,0],"11":[0,0],"12":[0,2],"13":[2,2],"14":[0,2],"15":[2,0],"16":[0,0],"17":[0,0],"18":[0,0],"19":[0,0],"20":[0,0],"21":[0,0,0,0,0,0,0],"22":[0,2],"23":[0,0],"24":[0,0],"25":[0,0],"26":[0,0],"27":[0,0],"28":[0,0],"29":[0,0],"30":[0,0],"31":[0,2],"32":[0,2],"33":[0,2],"34":[2,0],"35":[0,2],"36":[0,2],"37":[0,2],"38":[0,0],"39":[0,0],"40":[0,0],"41":[208,10],"42":[0,208],"43":[40,0],"44":[0,40],"45":[0,0],"46":[0,0],"47":[0,0],"48":[0,0],"49":[0,0],"50":[0,0],"51":[0,0],"52":[0,0],"53":[0,0],"54":[0,0,0],"55":[0,0],"56":[0,0],"57":[0,0],"58":[0,0],"59":[0,0],"60":[0,0],"61":[0,0],"62":[0,0],"63":[0,0],"64":[0,0,0],"65":[0,0],"66":[17,2],"67":[3,16],"68":[0,1],"69":[13,1],"70":[0,2]},"f":{"1":0,"2":0,"3":0,"4":0,"5":0,"6":0,"7":2,"8":0,"9":0,"10":0,"11":0,"12":0,"13":0,"14":0,"15":0,"16":0,"17":0,"18":0,"19":2,"20":2,"21":0,"22":4,"23":0,"24":0,"25":0,"26":2,"27":0,"28":0,"29":0,"30":0,"31":0,"32":0,"33":2,"34":2,"35":0,"36":0,"37":2,"38":30,"39":22,"40":23,"41":167,"42":0,"43":0,"44":0,"45":0,"46":0,"47":0,"48":19,"49":2,"50":1,"51":1,"52":2,"53":10},"fnMap":{"1":{"name":"(anonymous_1)","line":27,"loc":{"start":{"line":27,"column":13},"end":{"line":27,"column":36}}},"2":{"name":"(anonymous_2)","line":51,"loc":{"start":{"line":51,"column":13},"end":{"line":51,"column":36}}},"3":{"name":"uriEscape","line":62,"loc":{"start":{"line":62,"column":13},"end":{"line":62,"column":40}}},"4":{"name":"(anonymous_4)","line":68,"loc":{"start":{"line":68,"column":36},"end":{"line":68,"column":50}}},"5":{"name":"uriEscapePath","line":75,"loc":{"start":{"line":75,"column":17},"end":{"line":75,"column":48}}},"6":{"name":"(anonymous_6)","line":77,"loc":{"start":{"line":77,"column":49},"end":{"line":77,"column":65}}},"7":{"name":"urlParse","line":83,"loc":{"start":{"line":83,"column":12},"end":{"line":83,"column":35}}},"8":{"name":"urlFormat","line":87,"loc":{"start":{"line":87,"column":13},"end":{"line":87,"column":37}}},"9":{"name":"generateUUID","line":91,"loc":{"start":{"line":91,"column":8},"end":{"line":91,"column":32}}},"10":{"name":"(anonymous_10)","line":96,"loc":{"start":{"line":96,"column":71},"end":{"line":96,"column":84}}},"11":{"name":"queryParamsToString","line":104,"loc":{"start":{"line":104,"column":23},"end":{"line":104,"column":60}}},"12":{"name":"(anonymous_12)","line":109,"loc":{"start":{"line":109,"column":42},"end":{"line":109,"column":58}}},"13":{"name":"(anonymous_13)","line":115,"loc":{"start":{"line":115,"column":41},"end":{"line":115,"column":57}}},"14":{"name":"readFileSync","line":126,"loc":{"start":{"line":126,"column":16},"end":{"line":126,"column":44}}},"15":{"name":"encode64","line":133,"loc":{"start":{"line":133,"column":12},"end":{"line":133,"column":38}}},"16":{"name":"decode64","line":137,"loc":{"start":{"line":137,"column":12},"end":{"line":137,"column":38}}},"17":{"name":"(anonymous_17)","line":149,"loc":{"start":{"line":149,"column":12},"end":{"line":149,"column":31}}},"18":{"name":"(anonymous_18)","line":170,"loc":{"start":{"line":170,"column":25},"end":{"line":170,"column":43}}},"19":{"name":"byteLength","line":181,"loc":{"start":{"line":181,"column":16},"end":{"line":181,"column":44}}},"20":{"name":"upperFirst","line":198,"loc":{"start":{"line":198,"column":16},"end":{"line":198,"column":44}}},"21":{"name":"lowerFirst","line":202,"loc":{"start":{"line":202,"column":16},"end":{"line":202,"column":44}}},"22":{"name":"getDate","line":218,"loc":{"start":{"line":218,"column":13},"end":{"line":218,"column":32}}},"23":{"name":"top","line":221,"loc":{"start":{"line":221,"column":9},"end":{"line":221,"column":33}}},"24":{"name":"pad","line":224,"loc":{"start":{"line":224,"column":6},"end":{"line":224,"column":26}}},"25":{"name":"(anonymous_25)","line":228,"loc":{"start":{"line":228,"column":41},"end":{"line":228,"column":63}}},"26":{"name":"iso8601","line":251,"loc":{"start":{"line":251,"column":13},"end":{"line":251,"column":36}}},"27":{"name":"rfc822","line":259,"loc":{"start":{"line":259,"column":12},"end":{"line":259,"column":34}}},"28":{"name":"unixSeconds","line":264,"loc":{"start":{"line":264,"column":17},"end":{"line":264,"column":44}}},"29":{"name":"unixMilliseconds","line":269,"loc":{"start":{"line":269,"column":22},"end":{"line":269,"column":54}}},"30":{"name":"format","line":278,"loc":{"start":{"line":278,"column":10},"end":{"line":278,"column":32}}},"31":{"name":"format","line":304,"loc":{"start":{"line":304,"column":12},"end":{"line":304,"column":45}}},"32":{"name":"crc32","line":366,"loc":{"start":{"line":366,"column":11},"end":{"line":366,"column":32}}},"33":{"name":"hmac","line":382,"loc":{"start":{"line":382,"column":10},"end":{"line":382,"column":49}}},"34":{"name":"md5","line":390,"loc":{"start":{"line":390,"column":9},"end":{"line":390,"column":36}}},"35":{"name":"sha256","line":397,"loc":{"start":{"line":397,"column":12},"end":{"line":397,"column":44}}},"36":{"name":"toHex","line":404,"loc":{"start":{"line":404,"column":11},"end":{"line":404,"column":32}}},"37":{"name":"createHash","line":412,"loc":{"start":{"line":412,"column":16},"end":{"line":412,"column":47}}},"38":{"name":"each","line":423,"loc":{"start":{"line":423,"column":8},"end":{"line":423,"column":44}}},"39":{"name":"arrayEach","line":432,"loc":{"start":{"line":432,"column":13},"end":{"line":432,"column":53}}},"40":{"name":"update","line":441,"loc":{"start":{"line":441,"column":10},"end":{"line":441,"column":38}}},"41":{"name":"iterator","line":442,"loc":{"start":{"line":442,"column":31},"end":{"line":442,"column":60}}},"42":{"name":"merge","line":448,"loc":{"start":{"line":448,"column":9},"end":{"line":448,"column":36}}},"43":{"name":"copy","line":452,"loc":{"start":{"line":452,"column":8},"end":{"line":452,"column":30}}},"44":{"name":"isEmpty","line":462,"loc":{"start":{"line":462,"column":11},"end":{"line":462,"column":33}}},"45":{"name":"isType","line":471,"loc":{"start":{"line":471,"column":10},"end":{"line":471,"column":37}}},"46":{"name":"typeName","line":477,"loc":{"start":{"line":477,"column":12},"end":{"line":477,"column":36}}},"47":{"name":"error","line":484,"loc":{"start":{"line":484,"column":9},"end":{"line":484,"column":38}}},"48":{"name":"inherit","line":523,"loc":{"start":{"line":523,"column":11},"end":{"line":523,"column":45}}},"49":{"name":"__ctor_wrapper__","line":532,"loc":{"start":{"line":532,"column":17},"end":{"line":532,"column":45}}},"50":{"name":"(anonymous_50)","line":539,"loc":{"start":{"line":539,"column":29},"end":{"line":539,"column":41}}},"51":{"name":"mixin","line":555,"loc":{"start":{"line":555,"column":9},"end":{"line":555,"column":26}}},"52":{"name":"hideProperties","line":572,"loc":{"start":{"line":572,"column":18},"end":{"line":572,"column":54}}},"53":{"name":"(anonymous_53)","line":575,"loc":{"start":{"line":575,"column":37},"end":{"line":575,"column":52}}}},"statementMap":{"1":{"start":{"line":3,"column":0},"end":{"line":3,"column":35}},"2":{"start":{"line":4,"column":0},"end":{"line":4,"column":34}},"3":{"start":{"line":5,"column":0},"end":{"line":5,"column":23}},"4":{"start":{"line":6,"column":0},"end":{"line":6,"column":42}},"5":{"start":{"line":9,"column":0},"end":{"line":9,"column":38}},"6":{"start":{"line":26,"column":0},"end":{"line":581,"column":2}},"7":{"start":{"line":28,"column":4},"end":{"line":28,"column":20}},"8":{"start":{"line":29,"column":4},"end":{"line":29,"column":14}},"9":{"start":{"line":30,"column":4},"end":{"line":30,"column":41}},"10":{"start":{"line":31,"column":4},"end":{"line":31,"column":38}},"11":{"start":{"line":32,"column":4},"end":{"line":47,"column":5}},"12":{"start":{"line":33,"column":6},"end":{"line":33,"column":52}},"13":{"start":{"line":34,"column":6},"end":{"line":46,"column":7}},"14":{"start":{"line":35,"column":8},"end":{"line":35,"column":27}},"15":{"start":{"line":36,"column":8},"end":{"line":36,"column":29}},"16":{"start":{"line":38,"column":8},"end":{"line":44,"column":9}},"17":{"start":{"line":39,"column":10},"end":{"line":39,"column":26}},"18":{"start":{"line":41,"column":10},"end":{"line":41,"column":51}},"19":{"start":{"line":42,"column":10},"end":{"line":42,"column":45}},"20":{"start":{"line":43,"column":10},"end":{"line":43,"column":80}},"21":{"start":{"line":45,"column":8},"end":{"line":45,"column":12}},"22":{"start":{"line":48,"column":4},"end":{"line":48,"column":18}},"23":{"start":{"line":52,"column":4},"end":{"line":52,"column":41}},"24":{"start":{"line":53,"column":4},"end":{"line":58,"column":29}},"25":{"start":{"line":59,"column":4},"end":{"line":59,"column":23}},"26":{"start":{"line":64,"column":4},"end":{"line":64,"column":44}},"27":{"start":{"line":65,"column":4},"end":{"line":65,"column":60}},"28":{"start":{"line":68,"column":4},"end":{"line":70,"column":7}},"29":{"start":{"line":69,"column":6},"end":{"line":69,"column":63}},"30":{"start":{"line":72,"column":4},"end":{"line":72,"column":18}},"31":{"start":{"line":76,"column":4},"end":{"line":76,"column":19}},"32":{"start":{"line":77,"column":4},"end":{"line":79,"column":7}},"33":{"start":{"line":78,"column":6},"end":{"line":78,"column":50}},"34":{"start":{"line":80,"column":4},"end":{"line":80,"column":27}},"35":{"start":{"line":84,"column":4},"end":{"line":84,"column":37}},"36":{"start":{"line":88,"column":4},"end":{"line":88,"column":38}},"37":{"start":{"line":92,"column":4},"end":{"line":92,"column":33}},"38":{"start":{"line":93,"column":4},"end":{"line":95,"column":5}},"39":{"start":{"line":94,"column":6},"end":{"line":94,"column":29}},"40":{"start":{"line":96,"column":4},"end":{"line":100,"column":7}},"41":{"start":{"line":97,"column":6},"end":{"line":97,"column":48}},"42":{"start":{"line":98,"column":6},"end":{"line":98,"column":29}},"43":{"start":{"line":99,"column":6},"end":{"line":99,"column":59}},"44":{"start":{"line":101,"column":4},"end":{"line":101,"column":16}},"45":{"start":{"line":105,"column":4},"end":{"line":105,"column":19}},"46":{"start":{"line":106,"column":4},"end":{"line":106,"column":43}},"47":{"start":{"line":107,"column":4},"end":{"line":107,"column":48}},"48":{"start":{"line":109,"column":4},"end":{"line":121,"column":7}},"49":{"start":{"line":110,"column":6},"end":{"line":110,"column":31}},"50":{"start":{"line":111,"column":6},"end":{"line":111,"column":31}},"51":{"start":{"line":112,"column":6},"end":{"line":112,"column":25}},"52":{"start":{"line":113,"column":6},"end":{"line":119,"column":7}},"53":{"start":{"line":114,"column":8},"end":{"line":114,"column":22}},"54":{"start":{"line":115,"column":8},"end":{"line":115,"column":87}},"55":{"start":{"line":115,"column":59},"end":{"line":115,"column":83}},"56":{"start":{"line":116,"column":8},"end":{"line":116,"column":67}},"57":{"start":{"line":117,"column":13},"end":{"line":119,"column":7}},"58":{"start":{"line":118,"column":8},"end":{"line":118,"column":45}},"59":{"start":{"line":120,"column":6},"end":{"line":120,"column":25}},"60":{"start":{"line":123,"column":4},"end":{"line":123,"column":27}},"61":{"start":{"line":127,"column":4},"end":{"line":127,"column":51}},"62":{"start":{"line":127,"column":39},"end":{"line":127,"column":51}},"63":{"start":{"line":128,"column":4},"end":{"line":128,"column":53}},"64":{"start":{"line":134,"column":6},"end":{"line":134,"column":51}},"65":{"start":{"line":138,"column":6},"end":{"line":138,"column":53}},"66":{"start":{"line":150,"column":6},"end":{"line":152,"column":25}},"67":{"start":{"line":154,"column":6},"end":{"line":156,"column":7}},"68":{"start":{"line":155,"column":8},"end":{"line":155,"column":36}},"69":{"start":{"line":158,"column":6},"end":{"line":158,"column":34}},"70":{"start":{"line":160,"column":6},"end":{"line":163,"column":7}},"71":{"start":{"line":161,"column":8},"end":{"line":161,"column":40}},"72":{"start":{"line":162,"column":8},"end":{"line":162,"column":36}},"73":{"start":{"line":165,"column":6},"end":{"line":165,"column":20}},"74":{"start":{"line":171,"column":6},"end":{"line":171,"column":30}},"75":{"start":{"line":172,"column":7},"end":{"line":172,"column":19}},"76":{"start":{"line":173,"column":7},"end":{"line":173,"column":36}},"77":{"start":{"line":175,"column":7},"end":{"line":175,"column":48}},"78":{"start":{"line":176,"column":7},"end":{"line":176,"column":20}},"79":{"start":{"line":182,"column":6},"end":{"line":182,"column":60}},"80":{"start":{"line":182,"column":51},"end":{"line":182,"column":60}},"81":{"start":{"line":183,"column":6},"end":{"line":183,"column":66}},"82":{"start":{"line":183,"column":38},"end":{"line":183,"column":66}},"83":{"start":{"line":185,"column":6},"end":{"line":196,"column":7}},"84":{"start":{"line":186,"column":8},"end":{"line":186,"column":33}},"85":{"start":{"line":187,"column":13},"end":{"line":196,"column":7}},"86":{"start":{"line":188,"column":8},"end":{"line":188,"column":29}},"87":{"start":{"line":189,"column":13},"end":{"line":196,"column":7}},"88":{"start":{"line":190,"column":8},"end":{"line":190,"column":27}},"89":{"start":{"line":191,"column":13},"end":{"line":196,"column":7}},"90":{"start":{"line":192,"column":8},"end":{"line":192,"column":57}},"91":{"start":{"line":194,"column":8},"end":{"line":195,"column":30}},"92":{"start":{"line":199,"column":6},"end":{"line":199,"column":56}},"93":{"start":{"line":203,"column":6},"end":{"line":203,"column":56}},"94":{"start":{"line":218,"column":34},"end":{"line":218,"column":52}},"95":{"start":{"line":222,"column":6},"end":{"line":222,"column":40}},"96":{"start":{"line":224,"column":6},"end":{"line":226,"column":7}},"97":{"start":{"line":225,"column":8},"end":{"line":225,"column":67}},"98":{"start":{"line":228,"column":6},"end":{"line":245,"column":9}},"99":{"start":{"line":229,"column":8},"end":{"line":244,"column":9}},"100":{"start":{"line":231,"column":12},"end":{"line":231,"column":41}},"101":{"start":{"line":233,"column":12},"end":{"line":233,"column":47}},"102":{"start":{"line":235,"column":12},"end":{"line":235,"column":42}},"103":{"start":{"line":237,"column":12},"end":{"line":237,"column":43}},"104":{"start":{"line":239,"column":12},"end":{"line":239,"column":45}},"105":{"start":{"line":241,"column":12},"end":{"line":241,"column":45}},"106":{"start":{"line":243,"column":12},"end":{"line":243,"column":67}},"107":{"start":{"line":252,"column":6},"end":{"line":252,"column":72}},"108":{"start":{"line":252,"column":32},"end":{"line":252,"column":70}},"109":{"start":{"line":253,"column":6},"end":{"line":253,"column":32}},"110":{"start":{"line":260,"column":6},"end":{"line":260,"column":72}},"111":{"start":{"line":260,"column":32},"end":{"line":260,"column":70}},"112":{"start":{"line":261,"column":6},"end":{"line":261,"column":54}},"113":{"start":{"line":265,"column":6},"end":{"line":265,"column":72}},"114":{"start":{"line":265,"column":32},"end":{"line":265,"column":70}},"115":{"start":{"line":266,"column":6},"end":{"line":266,"column":47}},"116":{"start":{"line":270,"column":6},"end":{"line":270,"column":72}},"117":{"start":{"line":270,"column":32},"end":{"line":270,"column":70}},"118":{"start":{"line":271,"column":6},"end":{"line":271,"column":28}},"119":{"start":{"line":279,"column":6},"end":{"line":290,"column":7}},"120":{"start":{"line":280,"column":8},"end":{"line":282,"column":9}},"121":{"start":{"line":281,"column":10},"end":{"line":281,"column":39}},"122":{"start":{"line":283,"column":8},"end":{"line":283,"column":30}},"123":{"start":{"line":285,"column":11},"end":{"line":290,"column":7}},"124":{"start":{"line":286,"column":8},"end":{"line":286,"column":20}},"125":{"start":{"line":289,"column":8},"end":{"line":289,"column":30}},"126":{"start":{"line":305,"column":6},"end":{"line":305,"column":48}},"127":{"start":{"line":305,"column":22},"end":{"line":305,"column":48}},"128":{"start":{"line":306,"column":6},"end":{"line":306,"column":78}},"129":{"start":{"line":368,"column":6},"end":{"line":368,"column":50}},"130":{"start":{"line":369,"column":6},"end":{"line":369,"column":23}},"131":{"start":{"line":371,"column":6},"end":{"line":373,"column":7}},"132":{"start":{"line":372,"column":8},"end":{"line":372,"column":32}},"133":{"start":{"line":375,"column":6},"end":{"line":378,"column":7}},"134":{"start":{"line":376,"column":8},"end":{"line":376,"column":37}},"135":{"start":{"line":377,"column":8},"end":{"line":377,"column":53}},"136":{"start":{"line":379,"column":6},"end":{"line":379,"column":30}},"137":{"start":{"line":383,"column":6},"end":{"line":383,"column":37}},"138":{"start":{"line":383,"column":19},"end":{"line":383,"column":37}},"139":{"start":{"line":384,"column":6},"end":{"line":384,"column":54}},"140":{"start":{"line":384,"column":33},"end":{"line":384,"column":52}},"141":{"start":{"line":385,"column":6},"end":{"line":385,"column":29}},"142":{"start":{"line":385,"column":15},"end":{"line":385,"column":29}},"143":{"start":{"line":386,"column":6},"end":{"line":386,"column":66}},"144":{"start":{"line":386,"column":38},"end":{"line":386,"column":66}},"145":{"start":{"line":387,"column":6},"end":{"line":387,"column":73}},"146":{"start":{"line":391,"column":6},"end":{"line":391,"column":41}},"147":{"start":{"line":391,"column":21},"end":{"line":391,"column":39}},"148":{"start":{"line":392,"column":6},"end":{"line":392,"column":54}},"149":{"start":{"line":392,"column":33},"end":{"line":392,"column":52}},"150":{"start":{"line":393,"column":6},"end":{"line":393,"column":60}},"151":{"start":{"line":393,"column":36},"end":{"line":393,"column":60}},"152":{"start":{"line":394,"column":6},"end":{"line":394,"column":82}},"153":{"start":{"line":398,"column":6},"end":{"line":398,"column":41}},"154":{"start":{"line":398,"column":21},"end":{"line":398,"column":39}},"155":{"start":{"line":399,"column":6},"end":{"line":399,"column":54}},"156":{"start":{"line":399,"column":33},"end":{"line":399,"column":52}},"157":{"start":{"line":400,"column":6},"end":{"line":400,"column":66}},"158":{"start":{"line":400,"column":38},"end":{"line":400,"column":66}},"159":{"start":{"line":401,"column":6},"end":{"line":401,"column":87}},"160":{"start":{"line":405,"column":6},"end":{"line":405,"column":19}},"161":{"start":{"line":406,"column":6},"end":{"line":408,"column":7}},"162":{"start":{"line":407,"column":8},"end":{"line":407,"column":72}},"163":{"start":{"line":409,"column":6},"end":{"line":409,"column":26}},"164":{"start":{"line":413,"column":6},"end":{"line":413,"column":45}},"165":{"start":{"line":424,"column":4},"end":{"line":429,"column":5}},"166":{"start":{"line":425,"column":6},"end":{"line":428,"column":7}},"167":{"start":{"line":426,"column":8},"end":{"line":426,"column":60}},"168":{"start":{"line":427,"column":8},"end":{"line":427,"column":49}},"169":{"start":{"line":427,"column":43},"end":{"line":427,"column":49}},"170":{"start":{"line":433,"column":4},"end":{"line":438,"column":5}},"171":{"start":{"line":434,"column":6},"end":{"line":437,"column":7}},"172":{"start":{"line":435,"column":8},"end":{"line":435,"column":73}},"173":{"start":{"line":436,"column":8},"end":{"line":436,"column":49}},"174":{"start":{"line":436,"column":43},"end":{"line":436,"column":49}},"175":{"start":{"line":442,"column":4},"end":{"line":444,"column":7}},"176":{"start":{"line":443,"column":6},"end":{"line":443,"column":23}},"177":{"start":{"line":445,"column":4},"end":{"line":445,"column":16}},"178":{"start":{"line":449,"column":4},"end":{"line":449,"column":68}},"179":{"start":{"line":453,"column":4},"end":{"line":453,"column":63}},"180":{"start":{"line":453,"column":49},"end":{"line":453,"column":63}},"181":{"start":{"line":454,"column":4},"end":{"line":454,"column":18}},"182":{"start":{"line":456,"column":4},"end":{"line":458,"column":5}},"183":{"start":{"line":457,"column":6},"end":{"line":457,"column":30}},"184":{"start":{"line":459,"column":4},"end":{"line":459,"column":16}},"185":{"start":{"line":463,"column":4},"end":{"line":467,"column":5}},"186":{"start":{"line":464,"column":6},"end":{"line":466,"column":7}},"187":{"start":{"line":465,"column":8},"end":{"line":465,"column":21}},"188":{"start":{"line":468,"column":4},"end":{"line":468,"column":16}},"189":{"start":{"line":473,"column":4},"end":{"line":473,"column":74}},"190":{"start":{"line":473,"column":36},"end":{"line":473,"column":74}},"191":{"start":{"line":474,"column":4},"end":{"line":474,"column":75}},"192":{"start":{"line":478,"column":4},"end":{"line":478,"column":54}},"193":{"start":{"line":478,"column":37},"end":{"line":478,"column":54}},"194":{"start":{"line":479,"column":4},"end":{"line":479,"column":30}},"195":{"start":{"line":480,"column":4},"end":{"line":480,"column":49}},"196":{"start":{"line":481,"column":4},"end":{"line":481,"column":34}},"197":{"start":{"line":485,"column":4},"end":{"line":485,"column":29}},"198":{"start":{"line":486,"column":4},"end":{"line":491,"column":5}},"199":{"start":{"line":487,"column":6},"end":{"line":490,"column":7}},"200":{"start":{"line":488,"column":8},"end":{"line":488,"column":50}},"201":{"start":{"line":489,"column":8},"end":{"line":489,"column":44}},"202":{"start":{"line":492,"column":4},"end":{"line":492,"column":38}},"203":{"start":{"line":494,"column":4},"end":{"line":505,"column":5}},"204":{"start":{"line":495,"column":6},"end":{"line":495,"column":28}},"205":{"start":{"line":497,"column":9},"end":{"line":505,"column":5}},"206":{"start":{"line":498,"column":6},"end":{"line":498,"column":43}},"207":{"start":{"line":499,"column":6},"end":{"line":500,"column":38}},"208":{"start":{"line":500,"column":8},"end":{"line":500,"column":38}},"209":{"start":{"line":501,"column":6},"end":{"line":502,"column":48}},"210":{"start":{"line":502,"column":8},"end":{"line":502,"column":48}},"211":{"start":{"line":503,"column":6},"end":{"line":504,"column":34}},"212":{"start":{"line":504,"column":8},"end":{"line":504,"column":34}},"213":{"start":{"line":507,"column":4},"end":{"line":510,"column":5}},"214":{"start":{"line":508,"column":6},"end":{"line":508,"column":80}},"215":{"start":{"line":509,"column":6},"end":{"line":509,"column":66}},"216":{"start":{"line":512,"column":4},"end":{"line":512,"column":47}},"217":{"start":{"line":513,"column":4},"end":{"line":513,"column":26}},"218":{"start":{"line":515,"column":4},"end":{"line":515,"column":57}},"219":{"start":{"line":515,"column":23},"end":{"line":515,"column":57}},"220":{"start":{"line":517,"column":4},"end":{"line":517,"column":15}},"221":{"start":{"line":524,"column":4},"end":{"line":524,"column":25}},"222":{"start":{"line":525,"column":4},"end":{"line":535,"column":5}},"223":{"start":{"line":526,"column":6},"end":{"line":526,"column":23}},"224":{"start":{"line":527,"column":6},"end":{"line":527,"column":21}},"225":{"start":{"line":528,"column":6},"end":{"line":528,"column":21}},"226":{"start":{"line":532,"column":6},"end":{"line":532,"column":49}},"227":{"start":{"line":533,"column":6},"end":{"line":533,"column":39}},"228":{"start":{"line":534,"column":6},"end":{"line":534,"column":29}},"229":{"start":{"line":538,"column":4},"end":{"line":544,"column":5}},"230":{"start":{"line":539,"column":6},"end":{"line":543,"column":8}},"231":{"start":{"line":540,"column":8},"end":{"line":542,"column":9}},"232":{"start":{"line":541,"column":10},"end":{"line":541,"column":46}},"233":{"start":{"line":546,"column":4},"end":{"line":546,"column":47}},"234":{"start":{"line":547,"column":4},"end":{"line":547,"column":69}},"235":{"start":{"line":548,"column":4},"end":{"line":548,"column":43}},"236":{"start":{"line":549,"column":4},"end":{"line":549,"column":32}},"237":{"start":{"line":556,"column":4},"end":{"line":556,"column":29}},"238":{"start":{"line":557,"column":4},"end":{"line":565,"column":5}},"239":{"start":{"line":559,"column":6},"end":{"line":564,"column":7}},"240":{"start":{"line":560,"column":8},"end":{"line":560,"column":46}},"241":{"start":{"line":561,"column":8},"end":{"line":563,"column":9}},"242":{"start":{"line":562,"column":10},"end":{"line":562,"column":37}},"243":{"start":{"line":566,"column":4},"end":{"line":566,"column":17}},"244":{"start":{"line":573,"column":4},"end":{"line":573,"column":60}},"245":{"start":{"line":573,"column":53},"end":{"line":573,"column":60}},"246":{"start":{"line":575,"column":4},"end":{"line":579,"column":7}},"247":{"start":{"line":576,"column":6},"end":{"line":578,"column":9}},"248":{"start":{"line":583,"column":0},"end":{"line":583,"column":33}}},"branchMap":{"1":{"line":34,"type":"if","locations":[{"start":{"line":34,"column":6},"end":{"line":34,"column":6}},{"start":{"line":34,"column":6},"end":{"line":34,"column":6}}]},"2":{"line":34,"type":"binary-expr","locations":[{"start":{"line":34,"column":10},"end":{"line":34,"column":23}},{"start":{"line":34,"column":27},"end":{"line":34,"column":43}},{"start":{"line":34,"column":47},"end":{"line":34,"column":61}}]},"3":{"line":38,"type":"if","locations":[{"start":{"line":38,"column":8},"end":{"line":38,"column":8}},{"start":{"line":38,"column":8},"end":{"line":38,"column":8}}]},"4":{"line":43,"type":"cond-expr","locations":[{"start":{"line":43,"column":47},"end":{"line":43,"column":50}},{"start":{"line":43,"column":53},"end":{"line":43,"column":55}}]},"5":{"line":93,"type":"if","locations":[{"start":{"line":93,"column":4},"end":{"line":93,"column":4}},{"start":{"line":93,"column":4},"end":{"line":93,"column":4}}]},"6":{"line":93,"type":"binary-expr","locations":[{"start":{"line":93,"column":8},"end":{"line":93,"column":26}},{"start":{"line":93,"column":30},"end":{"line":93,"column":74}}]},"7":{"line":99,"type":"cond-expr","locations":[{"start":{"line":99,"column":25},"end":{"line":99,"column":26}},{"start":{"line":99,"column":30},"end":{"line":99,"column":43}}]},"8":{"line":113,"type":"if","locations":[{"start":{"line":113,"column":6},"end":{"line":113,"column":6}},{"start":{"line":113,"column":6},"end":{"line":113,"column":6}}]},"9":{"line":117,"type":"if","locations":[{"start":{"line":117,"column":13},"end":{"line":117,"column":13}},{"start":{"line":117,"column":13},"end":{"line":117,"column":13}}]},"10":{"line":117,"type":"binary-expr","locations":[{"start":{"line":117,"column":17},"end":{"line":117,"column":36}},{"start":{"line":117,"column":40},"end":{"line":117,"column":54}}]},"11":{"line":127,"type":"if","locations":[{"start":{"line":127,"column":4},"end":{"line":127,"column":4}},{"start":{"line":127,"column":4},"end":{"line":127,"column":4}}]},"12":{"line":182,"type":"if","locations":[{"start":{"line":182,"column":6},"end":{"line":182,"column":6}},{"start":{"line":182,"column":6},"end":{"line":182,"column":6}}]},"13":{"line":182,"type":"binary-expr","locations":[{"start":{"line":182,"column":10},"end":{"line":182,"column":25}},{"start":{"line":182,"column":29},"end":{"line":182,"column":49}}]},"14":{"line":183,"type":"if","locations":[{"start":{"line":183,"column":6},"end":{"line":183,"column":6}},{"start":{"line":183,"column":6},"end":{"line":183,"column":6}}]},"15":{"line":185,"type":"if","locations":[{"start":{"line":185,"column":6},"end":{"line":185,"column":6}},{"start":{"line":185,"column":6},"end":{"line":185,"column":6}}]},"16":{"line":187,"type":"if","locations":[{"start":{"line":187,"column":13},"end":{"line":187,"column":13}},{"start":{"line":187,"column":13},"end":{"line":187,"column":13}}]},"17":{"line":189,"type":"if","locations":[{"start":{"line":189,"column":13},"end":{"line":189,"column":13}},{"start":{"line":189,"column":13},"end":{"line":189,"column":13}}]},"18":{"line":191,"type":"if","locations":[{"start":{"line":191,"column":13},"end":{"line":191,"column":13}},{"start":{"line":191,"column":13},"end":{"line":191,"column":13}}]},"19":{"line":222,"type":"binary-expr","locations":[{"start":{"line":222,"column":12},"end":{"line":222,"column":15}},{"start":{"line":222,"column":19},"end":{"line":222,"column":39}}]},"20":{"line":225,"type":"cond-expr","locations":[{"start":{"line":225,"column":47},"end":{"line":225,"column":58}},{"start":{"line":225,"column":61},"end":{"line":225,"column":66}}]},"21":{"line":229,"type":"switch","locations":[{"start":{"line":230,"column":10},"end":{"line":231,"column":41}},{"start":{"line":232,"column":10},"end":{"line":233,"column":47}},{"start":{"line":234,"column":10},"end":{"line":235,"column":42}},{"start":{"line":236,"column":10},"end":{"line":237,"column":43}},{"start":{"line":238,"column":10},"end":{"line":239,"column":45}},{"start":{"line":240,"column":10},"end":{"line":241,"column":45}},{"start":{"line":242,"column":10},"end":{"line":243,"column":67}}]},"22":{"line":252,"type":"if","locations":[{"start":{"line":252,"column":6},"end":{"line":252,"column":6}},{"start":{"line":252,"column":6},"end":{"line":252,"column":6}}]},"23":{"line":260,"type":"if","locations":[{"start":{"line":260,"column":6},"end":{"line":260,"column":6}},{"start":{"line":260,"column":6},"end":{"line":260,"column":6}}]},"24":{"line":265,"type":"if","locations":[{"start":{"line":265,"column":6},"end":{"line":265,"column":6}},{"start":{"line":265,"column":6},"end":{"line":265,"column":6}}]},"25":{"line":270,"type":"if","locations":[{"start":{"line":270,"column":6},"end":{"line":270,"column":6}},{"start":{"line":270,"column":6},"end":{"line":270,"column":6}}]},"26":{"line":279,"type":"if","locations":[{"start":{"line":279,"column":6},"end":{"line":279,"column":6}},{"start":{"line":279,"column":6},"end":{"line":279,"column":6}}]},"27":{"line":280,"type":"if","locations":[{"start":{"line":280,"column":8},"end":{"line":280,"column":8}},{"start":{"line":280,"column":8},"end":{"line":280,"column":8}}]},"28":{"line":285,"type":"if","locations":[{"start":{"line":285,"column":11},"end":{"line":285,"column":11}},{"start":{"line":285,"column":11},"end":{"line":285,"column":11}}]},"29":{"line":305,"type":"if","locations":[{"start":{"line":305,"column":6},"end":{"line":305,"column":6}},{"start":{"line":305,"column":6},"end":{"line":305,"column":6}}]},"30":{"line":371,"type":"if","locations":[{"start":{"line":371,"column":6},"end":{"line":371,"column":6}},{"start":{"line":371,"column":6},"end":{"line":371,"column":6}}]},"31":{"line":383,"type":"if","locations":[{"start":{"line":383,"column":6},"end":{"line":383,"column":6}},{"start":{"line":383,"column":6},"end":{"line":383,"column":6}}]},"32":{"line":384,"type":"if","locations":[{"start":{"line":384,"column":6},"end":{"line":384,"column":6}},{"start":{"line":384,"column":6},"end":{"line":384,"column":6}}]},"33":{"line":385,"type":"if","locations":[{"start":{"line":385,"column":6},"end":{"line":385,"column":6}},{"start":{"line":385,"column":6},"end":{"line":385,"column":6}}]},"34":{"line":386,"type":"if","locations":[{"start":{"line":386,"column":6},"end":{"line":386,"column":6}},{"start":{"line":386,"column":6},"end":{"line":386,"column":6}}]},"35":{"line":391,"type":"if","locations":[{"start":{"line":391,"column":6},"end":{"line":391,"column":6}},{"start":{"line":391,"column":6},"end":{"line":391,"column":6}}]},"36":{"line":392,"type":"if","locations":[{"start":{"line":392,"column":6},"end":{"line":392,"column":6}},{"start":{"line":392,"column":6},"end":{"line":392,"column":6}}]},"37":{"line":393,"type":"if","locations":[{"start":{"line":393,"column":6},"end":{"line":393,"column":6}},{"start":{"line":393,"column":6},"end":{"line":393,"column":6}}]},"38":{"line":398,"type":"if","locations":[{"start":{"line":398,"column":6},"end":{"line":398,"column":6}},{"start":{"line":398,"column":6},"end":{"line":398,"column":6}}]},"39":{"line":399,"type":"if","locations":[{"start":{"line":399,"column":6},"end":{"line":399,"column":6}},{"start":{"line":399,"column":6},"end":{"line":399,"column":6}}]},"40":{"line":400,"type":"if","locations":[{"start":{"line":400,"column":6},"end":{"line":400,"column":6}},{"start":{"line":400,"column":6},"end":{"line":400,"column":6}}]},"41":{"line":425,"type":"if","locations":[{"start":{"line":425,"column":6},"end":{"line":425,"column":6}},{"start":{"line":425,"column":6},"end":{"line":425,"column":6}}]},"42":{"line":427,"type":"if","locations":[{"start":{"line":427,"column":8},"end":{"line":427,"column":8}},{"start":{"line":427,"column":8},"end":{"line":427,"column":8}}]},"43":{"line":434,"type":"if","locations":[{"start":{"line":434,"column":6},"end":{"line":434,"column":6}},{"start":{"line":434,"column":6},"end":{"line":434,"column":6}}]},"44":{"line":436,"type":"if","locations":[{"start":{"line":436,"column":8},"end":{"line":436,"column":8}},{"start":{"line":436,"column":8},"end":{"line":436,"column":8}}]},"45":{"line":453,"type":"if","locations":[{"start":{"line":453,"column":4},"end":{"line":453,"column":4}},{"start":{"line":453,"column":4},"end":{"line":453,"column":4}}]},"46":{"line":453,"type":"binary-expr","locations":[{"start":{"line":453,"column":8},"end":{"line":453,"column":23}},{"start":{"line":453,"column":27},"end":{"line":453,"column":47}}]},"47":{"line":464,"type":"if","locations":[{"start":{"line":464,"column":6},"end":{"line":464,"column":6}},{"start":{"line":464,"column":6},"end":{"line":464,"column":6}}]},"48":{"line":473,"type":"if","locations":[{"start":{"line":473,"column":4},"end":{"line":473,"column":4}},{"start":{"line":473,"column":4},"end":{"line":473,"column":4}}]},"49":{"line":478,"type":"if","locations":[{"start":{"line":478,"column":4},"end":{"line":478,"column":4}},{"start":{"line":478,"column":4},"end":{"line":478,"column":4}}]},"50":{"line":481,"type":"cond-expr","locations":[{"start":{"line":481,"column":19},"end":{"line":481,"column":27}},{"start":{"line":481,"column":30},"end":{"line":481,"column":33}}]},"51":{"line":486,"type":"if","locations":[{"start":{"line":486,"column":4},"end":{"line":486,"column":4}},{"start":{"line":486,"column":4},"end":{"line":486,"column":4}}]},"52":{"line":486,"type":"binary-expr","locations":[{"start":{"line":486,"column":8},"end":{"line":486,"column":39}},{"start":{"line":486,"column":43},"end":{"line":486,"column":61}}]},"53":{"line":487,"type":"if","locations":[{"start":{"line":487,"column":6},"end":{"line":487,"column":6}},{"start":{"line":487,"column":6},"end":{"line":487,"column":6}}]},"54":{"line":487,"type":"binary-expr","locations":[{"start":{"line":487,"column":10},"end":{"line":487,"column":37}},{"start":{"line":487,"column":42},"end":{"line":487,"column":49}},{"start":{"line":487,"column":53},"end":{"line":487,"column":68}}]},"55":{"line":492,"type":"binary-expr","locations":[{"start":{"line":492,"column":18},"end":{"line":492,"column":29}},{"start":{"line":492,"column":33},"end":{"line":492,"column":37}}]},"56":{"line":494,"type":"if","locations":[{"start":{"line":494,"column":4},"end":{"line":494,"column":4}},{"start":{"line":494,"column":4},"end":{"line":494,"column":4}}]},"57":{"line":497,"type":"if","locations":[{"start":{"line":497,"column":9},"end":{"line":497,"column":9}},{"start":{"line":497,"column":9},"end":{"line":497,"column":9}}]},"58":{"line":499,"type":"if","locations":[{"start":{"line":499,"column":6},"end":{"line":499,"column":6}},{"start":{"line":499,"column":6},"end":{"line":499,"column":6}}]},"59":{"line":501,"type":"if","locations":[{"start":{"line":501,"column":6},"end":{"line":501,"column":6}},{"start":{"line":501,"column":6},"end":{"line":501,"column":6}}]},"60":{"line":501,"type":"binary-expr","locations":[{"start":{"line":501,"column":10},"end":{"line":501,"column":22}},{"start":{"line":501,"column":26},"end":{"line":501,"column":38}}]},"61":{"line":502,"type":"binary-expr","locations":[{"start":{"line":502,"column":19},"end":{"line":502,"column":31}},{"start":{"line":502,"column":35},"end":{"line":502,"column":47}}]},"62":{"line":503,"type":"if","locations":[{"start":{"line":503,"column":6},"end":{"line":503,"column":6}},{"start":{"line":503,"column":6},"end":{"line":503,"column":6}}]},"63":{"line":507,"type":"if","locations":[{"start":{"line":507,"column":4},"end":{"line":507,"column":4}},{"start":{"line":507,"column":4},"end":{"line":507,"column":4}}]},"64":{"line":512,"type":"binary-expr","locations":[{"start":{"line":512,"column":15},"end":{"line":512,"column":23}},{"start":{"line":512,"column":27},"end":{"line":512,"column":35}},{"start":{"line":512,"column":39},"end":{"line":512,"column":46}}]},"65":{"line":515,"type":"if","locations":[{"start":{"line":515,"column":4},"end":{"line":515,"column":4}},{"start":{"line":515,"column":4},"end":{"line":515,"column":4}}]},"66":{"line":525,"type":"if","locations":[{"start":{"line":525,"column":4},"end":{"line":525,"column":4}},{"start":{"line":525,"column":4},"end":{"line":525,"column":4}}]},"67":{"line":538,"type":"if","locations":[{"start":{"line":538,"column":4},"end":{"line":538,"column":4}},{"start":{"line":538,"column":4},"end":{"line":538,"column":4}}]},"68":{"line":540,"type":"if","locations":[{"start":{"line":540,"column":8},"end":{"line":540,"column":8}},{"start":{"line":540,"column":8},"end":{"line":540,"column":8}}]},"69":{"line":561,"type":"if","locations":[{"start":{"line":561,"column":8},"end":{"line":561,"column":8}},{"start":{"line":561,"column":8},"end":{"line":561,"column":8}}]},"70":{"line":573,"type":"if","locations":[{"start":{"line":573,"column":4},"end":{"line":573,"column":4}},{"start":{"line":573,"column":4},"end":{"line":573,"column":4}}]}}},"/Users/wupeilin/Documents/code/nodejs/aliyun-tablestore-nodejs-sdk/lib/metadata.js":{"path":"/Users/wupeilin/Documents/code/nodejs/aliyun-tablestore-nodejs-sdk/lib/metadata.js","s":{"1":1,"2":1,"3":1,"4":1,"5":1,"6":1,"7":1,"8":1,"9":1},"b":{},"f":{},"fnMap":{},"statementMap":{"1":{"start":{"line":1,"column":0},"end":{"line":1,"column":35}},"2":{"start":{"line":2,"column":0},"end":{"line":2,"column":38}},"3":{"start":{"line":4,"column":0},"end":{"line":8,"column":2}},"4":{"start":{"line":10,"column":0},"end":{"line":13,"column":2}},"5":{"start":{"line":15,"column":0},"end":{"line":19,"column":2}},"6":{"start":{"line":21,"column":0},"end":{"line":24,"column":2}},"7":{"start":{"line":26,"column":0},"end":{"line":26,"column":24}},"8":{"start":{"line":28,"column":0},"end":{"line":28,"column":24}},"9":{"start":{"line":30,"column":0},"end":{"line":30,"column":29}}},"branchMap":{}},"/Users/wupeilin/Documents/code/nodejs/aliyun-tablestore-nodejs-sdk/lib/long.js":{"path":"/Users/wupeilin/Documents/code/nodejs/aliyun-tablestore-nodejs-sdk/lib/long.js","s":{"1":1,"2":1,"3":1,"4":2,"5":2,"6":0,"7":0,"8":0,"9":0},"b":{},"f":{"1":2,"2":0,"3":0,"4":0},"fnMap":{"1":{"name":"(anonymous_1)","line":5,"loc":{"start":{"line":5,"column":16},"end":{"line":5,"column":31}}},"2":{"name":"(anonymous_2)","line":9,"loc":{"start":{"line":9,"column":16},"end":{"line":9,"column":31}}},"3":{"name":"(anonymous_3)","line":13,"loc":{"start":{"line":13,"column":14},"end":{"line":13,"column":26}}},"4":{"name":"(anonymous_4)","line":16,"loc":{"start":{"line":16,"column":14},"end":{"line":16,"column":26}}}},"statementMap":{"1":{"start":{"line":1,"column":0},"end":{"line":1,"column":35}},"2":{"start":{"line":2,"column":0},"end":{"line":2,"column":39}},"3":{"start":{"line":4,"column":0},"end":{"line":19,"column":2}},"4":{"start":{"line":6,"column":8},"end":{"line":6,"column":47}},"5":{"start":{"line":7,"column":8},"end":{"line":7,"column":26}},"6":{"start":{"line":10,"column":8},"end":{"line":10,"column":51}},"7":{"start":{"line":11,"column":8},"end":{"line":11,"column":26}},"8":{"start":{"line":14,"column":8},"end":{"line":14,"column":37}},"9":{"start":{"line":17,"column":8},"end":{"line":17,"column":37}}},"branchMap":{}},"/Users/wupeilin/Documents/code/nodejs/aliyun-tablestore-nodejs-sdk/lib/protocol/plain_buffer_consts.js":{"path":"/Users/wupeilin/Documents/code/nodejs/aliyun-tablestore-nodejs-sdk/lib/protocol/plain_buffer_consts.js","s":{"1":1,"2":1},"b":{},"f":{},"fnMap":{},"statementMap":{"1":{"start":{"line":1,"column":0},"end":{"line":1,"column":34}},"2":{"start":{"line":3,"column":0},"end":{"line":43,"column":2}}},"branchMap":{}},"/Users/wupeilin/Documents/code/nodejs/aliyun-tablestore-nodejs-sdk/lib/protocol/plain_buffer_crc8.js":{"path":"/Users/wupeilin/Documents/code/nodejs/aliyun-tablestore-nodejs-sdk/lib/protocol/plain_buffer_crc8.js","s":{"1":1,"2":1,"3":1,"4":0,"5":0,"6":0,"7":0,"8":0,"9":0,"10":0,"11":0,"12":0,"13":0,"14":0,"15":0,"16":0,"17":0,"18":0,"19":0,"20":0,"21":0,"22":0},"b":{},"f":{"1":0,"2":0,"3":0,"4":0,"5":0,"6":0},"fnMap":{"1":{"name":"(anonymous_1)","line":40,"loc":{"start":{"line":40,"column":12},"end":{"line":40,"column":35}}},"2":{"name":"(anonymous_2)","line":43,"loc":{"start":{"line":43,"column":13},"end":{"line":43,"column":36}}},"3":{"name":"(anonymous_3)","line":51,"loc":{"start":{"line":51,"column":15},"end":{"line":51,"column":38}}},"4":{"name":"(anonymous_4)","line":55,"loc":{"start":{"line":55,"column":13},"end":{"line":55,"column":34}}},"5":{"name":"(anonymous_5)","line":59,"loc":{"start":{"line":59,"column":14},"end":{"line":59,"column":35}}},"6":{"name":"(anonymous_6)","line":66,"loc":{"start":{"line":66,"column":17},"end":{"line":66,"column":38}}}},"statementMap":{"1":{"start":{"line":1,"column":0},"end":{"line":1,"column":36}},"2":{"start":{"line":3,"column":0},"end":{"line":35,"column":56}},"3":{"start":{"line":38,"column":0},"end":{"line":78,"column":2}},"4":{"start":{"line":41,"column":8},"end":{"line":41,"column":63}},"5":{"start":{"line":44,"column":8},"end":{"line":44,"column":45}},"6":{"start":{"line":45,"column":8},"end":{"line":47,"column":9}},"7":{"start":{"line":46,"column":12},"end":{"line":46,"column":62}},"8":{"start":{"line":48,"column":8},"end":{"line":48,"column":18}},"9":{"start":{"line":52,"column":8},"end":{"line":52,"column":40}},"10":{"start":{"line":56,"column":8},"end":{"line":56,"column":49}},"11":{"start":{"line":60,"column":8},"end":{"line":62,"column":9}},"12":{"start":{"line":61,"column":12},"end":{"line":61,"column":62}},"13":{"start":{"line":63,"column":8},"end":{"line":63,"column":19}},"14":{"start":{"line":67,"column":8},"end":{"line":67,"column":48}},"15":{"start":{"line":68,"column":8},"end":{"line":68,"column":48}},"16":{"start":{"line":69,"column":8},"end":{"line":69,"column":48}},"17":{"start":{"line":70,"column":8},"end":{"line":70,"column":48}},"18":{"start":{"line":71,"column":8},"end":{"line":71,"column":48}},"19":{"start":{"line":72,"column":8},"end":{"line":72,"column":48}},"20":{"start":{"line":73,"column":8},"end":{"line":73,"column":48}},"21":{"start":{"line":74,"column":8},"end":{"line":74,"column":48}},"22":{"start":{"line":76,"column":8},"end":{"line":76,"column":19}}},"branchMap":{}},"/Users/wupeilin/Documents/code/nodejs/aliyun-tablestore-nodejs-sdk/lib/protocol/plain_buffer_stream.js":{"path":"/Users/wupeilin/Documents/code/nodejs/aliyun-tablestore-nodejs-sdk/lib/protocol/plain_buffer_stream.js","s":{"1":1,"2":1,"3":1,"4":1,"5":0,"6":0,"7":0,"8":0,"9":0,"10":0,"11":0,"12":0,"13":0,"14":0,"15":0,"16":0,"17":0,"18":0,"19":0,"20":0,"21":0,"22":0,"23":0,"24":0,"25":0,"26":0,"27":0,"28":0,"29":0,"30":0,"31":0,"32":0,"33":0,"34":0,"35":0,"36":0,"37":0,"38":0,"39":0,"40":0,"41":0,"42":0,"43":0,"44":0,"45":0,"46":0,"47":0,"48":0,"49":0,"50":0,"51":0,"52":0,"53":0,"54":0,"55":0,"56":0,"57":0,"58":1,"59":0,"60":0,"61":0,"62":0,"63":0,"64":0,"65":0,"66":0,"67":0,"68":0,"69":0,"70":0,"71":0,"72":0,"73":0,"74":0,"75":0,"76":0,"77":0,"78":0,"79":0,"80":0,"81":0,"82":0,"83":0,"84":0,"85":0,"86":0,"87":0,"88":0,"89":0,"90":0,"91":0,"92":0,"93":0,"94":0,"95":0,"96":0,"97":0,"98":0},"b":{"1":[0,0],"2":[0,0],"3":[0,0],"4":[0,0],"5":[0,0],"6":[0,0],"7":[0,0],"8":[0,0],"9":[0,0],"10":[0,0],"11":[0,0],"12":[0,0]},"f":{"1":0,"2":0,"3":0,"4":0,"5":0,"6":0,"7":0,"8":0,"9":0,"10":0,"11":0,"12":0,"13":0,"14":0,"15":0,"16":0,"17":0,"18":0,"19":0,"20":0,"21":0,"22":0,"23":0,"24":0,"25":0,"26":0,"27":0},"fnMap":{"1":{"name":"(anonymous_1)","line":7,"loc":{"start":{"line":7,"column":17},"end":{"line":7,"column":39}}},"2":{"name":"(anonymous_2)","line":14,"loc":{"start":{"line":14,"column":13},"end":{"line":14,"column":25}}},"3":{"name":"(anonymous_3)","line":18,"loc":{"start":{"line":18,"column":13},"end":{"line":18,"column":25}}},"4":{"name":"(anonymous_4)","line":28,"loc":{"start":{"line":28,"column":21},"end":{"line":28,"column":36}}},"5":{"name":"(anonymous_5)","line":32,"loc":{"start":{"line":32,"column":16},"end":{"line":32,"column":28}}},"6":{"name":"(anonymous_6)","line":36,"loc":{"start":{"line":36,"column":17},"end":{"line":36,"column":29}}},"7":{"name":"(anonymous_7)","line":45,"loc":{"start":{"line":45,"column":27},"end":{"line":45,"column":39}}},"8":{"name":"(anonymous_8)","line":59,"loc":{"start":{"line":59,"column":27},"end":{"line":59,"column":39}}},"9":{"name":"(anonymous_9)","line":67,"loc":{"start":{"line":67,"column":17},"end":{"line":67,"column":29}}},"10":{"name":"(anonymous_10)","line":71,"loc":{"start":{"line":71,"column":24},"end":{"line":71,"column":36}}},"11":{"name":"(anonymous_11)","line":79,"loc":{"start":{"line":79,"column":15},"end":{"line":79,"column":27}}},"12":{"name":"(anonymous_12)","line":83,"loc":{"start":{"line":83,"column":15},"end":{"line":83,"column":27}}},"13":{"name":"(anonymous_13)","line":90,"loc":{"start":{"line":90,"column":15},"end":{"line":90,"column":31}}},"14":{"name":"(anonymous_14)","line":102,"loc":{"start":{"line":102,"column":19},"end":{"line":102,"column":35}}},"15":{"name":"(anonymous_15)","line":114,"loc":{"start":{"line":114,"column":17},"end":{"line":114,"column":37}}},"16":{"name":"(anonymous_16)","line":121,"loc":{"start":{"line":121,"column":15},"end":{"line":121,"column":27}}},"17":{"name":"(anonymous_17)","line":125,"loc":{"start":{"line":125,"column":12},"end":{"line":125,"column":24}}},"18":{"name":"(anonymous_18)","line":129,"loc":{"start":{"line":129,"column":11},"end":{"line":129,"column":23}}},"19":{"name":"(anonymous_19)","line":133,"loc":{"start":{"line":133,"column":12},"end":{"line":133,"column":24}}},"20":{"name":"(anonymous_20)","line":137,"loc":{"start":{"line":137,"column":11},"end":{"line":137,"column":23}}},"21":{"name":"(anonymous_21)","line":142,"loc":{"start":{"line":142,"column":18},"end":{"line":142,"column":35}}},"22":{"name":"(anonymous_22)","line":149,"loc":{"start":{"line":149,"column":28},"end":{"line":149,"column":45}}},"23":{"name":"(anonymous_23)","line":156,"loc":{"start":{"line":156,"column":28},"end":{"line":156,"column":43}}},"24":{"name":"(anonymous_24)","line":163,"loc":{"start":{"line":163,"column":18},"end":{"line":163,"column":37}}},"25":{"name":"(anonymous_25)","line":168,"loc":{"start":{"line":168,"column":17},"end":{"line":168,"column":34}}},"26":{"name":"(anonymous_26)","line":173,"loc":{"start":{"line":173,"column":18},"end":{"line":173,"column":35}}},"27":{"name":"(anonymous_27)","line":181,"loc":{"start":{"line":181,"column":16},"end":{"line":181,"column":33}}}},"statementMap":{"1":{"start":{"line":1,"column":0},"end":{"line":1,"column":36}},"2":{"start":{"line":2,"column":0},"end":{"line":2,"column":42}},"3":{"start":{"line":3,"column":0},"end":{"line":3,"column":38}},"4":{"start":{"line":6,"column":0},"end":{"line":111,"column":3}},"5":{"start":{"line":8,"column":8},"end":{"line":8,"column":40}},"6":{"start":{"line":9,"column":8},"end":{"line":9,"column":44}},"7":{"start":{"line":10,"column":8},"end":{"line":10,"column":40}},"8":{"start":{"line":11,"column":8},"end":{"line":11,"column":25}},"9":{"start":{"line":15,"column":8},"end":{"line":15,"column":48}},"10":{"start":{"line":19,"column":8},"end":{"line":22,"column":9}},"11":{"start":{"line":20,"column":12},"end":{"line":20,"column":29}},"12":{"start":{"line":21,"column":12},"end":{"line":21,"column":21}},"13":{"start":{"line":24,"column":8},"end":{"line":24,"column":42}},"14":{"start":{"line":25,"column":8},"end":{"line":25,"column":28}},"15":{"start":{"line":29,"column":8},"end":{"line":29,"column":36}},"16":{"start":{"line":33,"column":8},"end":{"line":33,"column":28}},"17":{"start":{"line":37,"column":8},"end":{"line":39,"column":9}},"18":{"start":{"line":38,"column":12},"end":{"line":38,"column":62}},"19":{"start":{"line":40,"column":8},"end":{"line":40,"column":30}},"20":{"start":{"line":41,"column":8},"end":{"line":41,"column":25}},"21":{"start":{"line":42,"column":8},"end":{"line":42,"column":32}},"22":{"start":{"line":46,"column":8},"end":{"line":46,"column":36}},"23":{"start":{"line":47,"column":8},"end":{"line":47,"column":36}},"24":{"start":{"line":48,"column":8},"end":{"line":48,"column":36}},"25":{"start":{"line":49,"column":8},"end":{"line":49,"column":36}},"26":{"start":{"line":50,"column":8},"end":{"line":50,"column":36}},"27":{"start":{"line":51,"column":8},"end":{"line":51,"column":36}},"28":{"start":{"line":52,"column":8},"end":{"line":52,"column":36}},"29":{"start":{"line":53,"column":8},"end":{"line":53,"column":36}},"30":{"start":{"line":55,"column":8},"end":{"line":55,"column":63}},"31":{"start":{"line":56,"column":8},"end":{"line":56,"column":19}},"32":{"start":{"line":60,"column":8},"end":{"line":60,"column":36}},"33":{"start":{"line":61,"column":8},"end":{"line":61,"column":36}},"34":{"start":{"line":62,"column":8},"end":{"line":62,"column":36}},"35":{"start":{"line":63,"column":8},"end":{"line":63,"column":36}},"36":{"start":{"line":64,"column":8},"end":{"line":64,"column":102}},"37":{"start":{"line":68,"column":8},"end":{"line":68,"column":39}},"38":{"start":{"line":72,"column":8},"end":{"line":72,"column":47}},"39":{"start":{"line":73,"column":8},"end":{"line":73,"column":40}},"40":{"start":{"line":74,"column":8},"end":{"line":74,"column":51}},"41":{"start":{"line":76,"column":8},"end":{"line":76,"column":52}},"42":{"start":{"line":80,"column":8},"end":{"line":80,"column":44}},"43":{"start":{"line":84,"column":8},"end":{"line":84,"column":47}},"44":{"start":{"line":86,"column":8},"end":{"line":86,"column":51}},"45":{"start":{"line":87,"column":8},"end":{"line":87,"column":23}},"46":{"start":{"line":91,"column":8},"end":{"line":93,"column":9}},"47":{"start":{"line":92,"column":12},"end":{"line":92,"column":59}},"48":{"start":{"line":95,"column":8},"end":{"line":95,"column":32}},"49":{"start":{"line":96,"column":8},"end":{"line":96,"column":28}},"50":{"start":{"line":97,"column":8},"end":{"line":97,"column":40}},"51":{"start":{"line":98,"column":8},"end":{"line":98,"column":58}},"52":{"start":{"line":99,"column":8},"end":{"line":99,"column":24}},"53":{"start":{"line":103,"column":8},"end":{"line":105,"column":9}},"54":{"start":{"line":104,"column":12},"end":{"line":104,"column":64}},"55":{"start":{"line":106,"column":8},"end":{"line":106,"column":84}},"56":{"start":{"line":107,"column":8},"end":{"line":107,"column":28}},"57":{"start":{"line":108,"column":8},"end":{"line":108,"column":23}},"58":{"start":{"line":113,"column":0},"end":{"line":203,"column":3}},"59":{"start":{"line":115,"column":8},"end":{"line":115,"column":43}},"60":{"start":{"line":116,"column":8},"end":{"line":116,"column":28}},"61":{"start":{"line":117,"column":8},"end":{"line":117,"column":33}},"62":{"start":{"line":118,"column":8},"end":{"line":118,"column":21}},"63":{"start":{"line":122,"column":8},"end":{"line":122,"column":27}},"64":{"start":{"line":126,"column":8},"end":{"line":126,"column":42}},"65":{"start":{"line":130,"column":8},"end":{"line":130,"column":24}},"66":{"start":{"line":134,"column":8},"end":{"line":134,"column":40}},"67":{"start":{"line":138,"column":8},"end":{"line":138,"column":21}},"68":{"start":{"line":139,"column":8},"end":{"line":139,"column":25}},"69":{"start":{"line":143,"column":8},"end":{"line":145,"column":9}},"70":{"start":{"line":144,"column":12},"end":{"line":144,"column":50}},"71":{"start":{"line":146,"column":8},"end":{"line":146,"column":40}},"72":{"start":{"line":150,"column":8},"end":{"line":150,"column":42}},"73":{"start":{"line":151,"column":8},"end":{"line":151,"column":47}},"74":{"start":{"line":152,"column":8},"end":{"line":152,"column":48}},"75":{"start":{"line":153,"column":8},"end":{"line":153,"column":48}},"76":{"start":{"line":157,"column":8},"end":{"line":160,"column":9}},"77":{"start":{"line":158,"column":12},"end":{"line":158,"column":62}},"78":{"start":{"line":159,"column":12},"end":{"line":159,"column":45}},"79":{"start":{"line":164,"column":8},"end":{"line":164,"column":37}},"80":{"start":{"line":165,"column":8},"end":{"line":165,"column":41}},"81":{"start":{"line":169,"column":8},"end":{"line":169,"column":67}},"82":{"start":{"line":170,"column":8},"end":{"line":170,"column":52}},"83":{"start":{"line":174,"column":8},"end":{"line":178,"column":9}},"84":{"start":{"line":175,"column":12},"end":{"line":175,"column":33}},"85":{"start":{"line":177,"column":12},"end":{"line":177,"column":33}},"86":{"start":{"line":182,"column":8},"end":{"line":182,"column":25}},"87":{"start":{"line":183,"column":8},"end":{"line":187,"column":9}},"88":{"start":{"line":184,"column":12},"end":{"line":184,"column":26}},"89":{"start":{"line":185,"column":15},"end":{"line":187,"column":9}},"90":{"start":{"line":186,"column":12},"end":{"line":186,"column":38}},"91":{"start":{"line":189,"column":8},"end":{"line":191,"column":9}},"92":{"start":{"line":190,"column":12},"end":{"line":190,"column":47}},"93":{"start":{"line":193,"column":8},"end":{"line":199,"column":9}},"94":{"start":{"line":194,"column":12},"end":{"line":194,"column":46}},"95":{"start":{"line":195,"column":15},"end":{"line":199,"column":9}},"96":{"start":{"line":196,"column":12},"end":{"line":196,"column":47}},"97":{"start":{"line":198,"column":12},"end":{"line":198,"column":84}},"98":{"start":{"line":201,"column":8},"end":{"line":201,"column":33}}},"branchMap":{"1":{"line":19,"type":"if","locations":[{"start":{"line":19,"column":8},"end":{"line":19,"column":8}},{"start":{"line":19,"column":8},"end":{"line":19,"column":8}}]},"2":{"line":37,"type":"if","locations":[{"start":{"line":37,"column":8},"end":{"line":37,"column":8}},{"start":{"line":37,"column":8},"end":{"line":37,"column":8}}]},"3":{"line":91,"type":"if","locations":[{"start":{"line":91,"column":8},"end":{"line":91,"column":8}},{"start":{"line":91,"column":8},"end":{"line":91,"column":8}}]},"4":{"line":103,"type":"if","locations":[{"start":{"line":103,"column":8},"end":{"line":103,"column":8}},{"start":{"line":103,"column":8},"end":{"line":103,"column":8}}]},"5":{"line":143,"type":"if","locations":[{"start":{"line":143,"column":8},"end":{"line":143,"column":8}},{"start":{"line":143,"column":8},"end":{"line":143,"column":8}}]},"6":{"line":158,"type":"cond-expr","locations":[{"start":{"line":158,"column":40},"end":{"line":158,"column":52}},{"start":{"line":158,"column":55},"end":{"line":158,"column":61}}]},"7":{"line":174,"type":"if","locations":[{"start":{"line":174,"column":8},"end":{"line":174,"column":8}},{"start":{"line":174,"column":8},"end":{"line":174,"column":8}}]},"8":{"line":183,"type":"if","locations":[{"start":{"line":183,"column":8},"end":{"line":183,"column":8}},{"start":{"line":183,"column":8},"end":{"line":183,"column":8}}]},"9":{"line":185,"type":"if","locations":[{"start":{"line":185,"column":15},"end":{"line":185,"column":15}},{"start":{"line":185,"column":15},"end":{"line":185,"column":15}}]},"10":{"line":189,"type":"if","locations":[{"start":{"line":189,"column":8},"end":{"line":189,"column":8}},{"start":{"line":189,"column":8},"end":{"line":189,"column":8}}]},"11":{"line":193,"type":"if","locations":[{"start":{"line":193,"column":8},"end":{"line":193,"column":8}},{"start":{"line":193,"column":8},"end":{"line":193,"column":8}}]},"12":{"line":195,"type":"if","locations":[{"start":{"line":195,"column":15},"end":{"line":195,"column":15}},{"start":{"line":195,"column":15},"end":{"line":195,"column":15}}]}}},"/Users/wupeilin/Documents/code/nodejs/aliyun-tablestore-nodejs-sdk/lib/protocol/plain_buffer_coded_stream.js":{"path":"/Users/wupeilin/Documents/code/nodejs/aliyun-tablestore-nodejs-sdk/lib/protocol/plain_buffer_coded_stream.js","s":{"1":1,"2":1,"3":1,"4":1,"5":0,"6":0,"7":0,"8":0,"9":0,"10":0,"11":0,"12":0,"13":0,"14":0,"15":0,"16":0,"17":0,"18":0,"19":0,"20":0,"21":0,"22":0,"23":0,"24":0,"25":0,"26":0,"27":0,"28":0,"29":0,"30":0,"31":0,"32":0,"33":0,"34":0,"35":0,"36":0,"37":0,"38":0,"39":0,"40":0,"41":0,"42":0,"43":0,"44":0,"45":0,"46":0,"47":0,"48":0,"49":0,"50":0,"51":0,"52":0,"53":0,"54":0,"55":0,"56":0,"57":0,"58":0,"59":0,"60":0,"61":0,"62":0,"63":0,"64":0,"65":0,"66":0,"67":0,"68":0,"69":0,"70":0,"71":0,"72":0,"73":0,"74":0,"75":0,"76":0,"77":0,"78":0,"79":0,"80":0,"81":0,"82":0,"83":0,"84":0,"85":0,"86":0,"87":0,"88":0,"89":0,"90":0,"91":0,"92":0,"93":0,"94":0,"95":0,"96":0,"97":0,"98":0,"99":0,"100":0,"101":0,"102":0,"103":0,"104":0,"105":0,"106":0,"107":0,"108":0,"109":0,"110":0,"111":0,"112":0,"113":0,"114":0,"115":0,"116":0,"117":0,"118":0,"119":0,"120":0,"121":0,"122":0,"123":0,"124":0,"125":0,"126":0,"127":0,"128":0,"129":0,"130":0,"131":0,"132":0,"133":0,"134":0,"135":0,"136":0,"137":0,"138":0,"139":0,"140":0,"141":0,"142":0,"143":0,"144":0,"145":0,"146":0,"147":0,"148":0,"149":0,"150":0,"151":0,"152":0,"153":0,"154":0,"155":0,"156":0,"157":0,"158":0,"159":0,"160":0,"161":0,"162":0,"163":0,"164":0,"165":0,"166":0,"167":0,"168":0,"169":0,"170":0,"171":0,"172":0,"173":0,"174":0,"175":0,"176":0,"177":0,"178":0,"179":1,"180":0,"181":0,"182":0,"183":0,"184":0,"185":0,"186":0,"187":0,"188":0,"189":0,"190":0,"191":0,"192":0,"193":0,"194":0,"195":0,"196":0,"197":0,"198":0,"199":0,"200":0,"201":0,"202":0,"203":0,"204":0,"205":0,"206":0,"207":0,"208":0,"209":0,"210":0,"211":0,"212":0,"213":0,"214":0,"215":0,"216":0,"217":0,"218":0,"219":0,"220":0,"221":0,"222":0,"223":0,"224":0,"225":0,"226":0,"227":0,"228":0,"229":0,"230":0,"231":0,"232":0,"233":0,"234":0,"235":0,"236":0,"237":0,"238":0,"239":0,"240":0,"241":0,"242":0,"243":0,"244":0,"245":0,"246":0,"247":0,"248":0,"249":0,"250":0,"251":0,"252":0,"253":0,"254":0,"255":0,"256":0,"257":0,"258":0,"259":0,"260":0,"261":0,"262":0,"263":0,"264":0,"265":0,"266":0,"267":0,"268":0,"269":0,"270":0,"271":0,"272":0,"273":0,"274":0,"275":0,"276":0,"277":0,"278":0,"279":0,"280":0,"281":0,"282":0,"283":0,"284":0,"285":0,"286":0,"287":0,"288":0,"289":0,"290":0,"291":0,"292":0,"293":0,"294":0,"295":0,"296":0,"297":0,"298":0,"299":0,"300":0,"301":0,"302":0,"303":0,"304":0,"305":0,"306":0,"307":0,"308":0,"309":0,"310":0,"311":0,"312":0,"313":0,"314":0,"315":0,"316":0,"317":0,"318":0,"319":0,"320":0,"321":0,"322":0,"323":0,"324":0,"325":0,"326":0,"327":0,"328":0,"329":0,"330":0,"331":0,"332":0,"333":0,"334":0,"335":0,"336":0,"337":0,"338":0,"339":0,"340":0,"341":0,"342":0,"343":0,"344":0,"345":0,"346":0,"347":0,"348":0,"349":0,"350":0,"351":0,"352":0,"353":0,"354":0,"355":0,"356":0,"357":0,"358":0,"359":0,"360":0,"361":0,"362":0,"363":0,"364":0,"365":0,"366":0,"367":0,"368":0,"369":0,"370":0,"371":0,"372":0,"373":0,"374":0,"375":0,"376":0,"377":0,"378":0,"379":0,"380":0},"b":{"1":[0,0],"2":[0,0],"3":[0,0],"4":[0,0],"5":[0,0],"6":[0,0],"7":[0,0],"8":[0,0],"9":[0,0],"10":[0,0],"11":[0,0],"12":[0,0],"13":[0,0],"14":[0,0],"15":[0,0],"16":[0,0],"17":[0,0],"18":[0,0],"19":[0,0],"20":[0,0],"21":[0,0],"22":[0,0],"23":[0,0],"24":[0,0],"25":[0,0],"26":[0,0],"27":[0,0],"28":[0,0],"29":[0,0],"30":[0,0],"31":[0,0],"32":[0,0],"33":[0,0],"34":[0,0],"35":[0,0],"36":[0,0],"37":[0,0],"38":[0,0],"39":[0,0],"40":[0,0],"41":[0,0],"42":[0,0],"43":[0,0],"44":[0,0],"45":[0,0],"46":[0,0],"47":[0,0],"48":[0,0],"49":[0,0],"50":[0,0],"51":[0,0],"52":[0,0],"53":[0,0],"54":[0,0],"55":[0,0],"56":[0,0],"57":[0,0],"58":[0,0],"59":[0,0],"60":[0,0],"61":[0,0],"62":[0,0],"63":[0,0],"64":[0,0],"65":[0,0]},"f":{"1":0,"2":0,"3":0,"4":0,"5":0,"6":0,"7":0,"8":0,"9":0,"10":0,"11":0,"12":0,"13":0,"14":0,"15":0,"16":0,"17":0,"18":0,"19":0,"20":0,"21":0,"22":0,"23":0,"24":0,"25":0,"26":0,"27":0},"fnMap":{"1":{"name":"(anonymous_1)","line":6,"loc":{"start":{"line":6,"column":17},"end":{"line":6,"column":40}}},"2":{"name":"(anonymous_2)","line":10,"loc":{"start":{"line":10,"column":13},"end":{"line":10,"column":25}}},"3":{"name":"(anonymous_3)","line":14,"loc":{"start":{"line":14,"column":21},"end":{"line":14,"column":36}}},"4":{"name":"(anonymous_4)","line":18,"loc":{"start":{"line":18,"column":16},"end":{"line":18,"column":28}}},"5":{"name":"(anonymous_5)","line":22,"loc":{"start":{"line":22,"column":16},"end":{"line":22,"column":28}}},"6":{"name":"(anonymous_6)","line":26,"loc":{"start":{"line":26,"column":25},"end":{"line":26,"column":49}}},"7":{"name":"(anonymous_7)","line":62,"loc":{"start":{"line":62,"column":21},"end":{"line":62,"column":45}}},"8":{"name":"(anonymous_8)","line":113,"loc":{"start":{"line":113,"column":26},"end":{"line":113,"column":49}}},"9":{"name":"(anonymous_9)","line":154,"loc":{"start":{"line":154,"column":16},"end":{"line":154,"column":39}}},"10":{"name":"(anonymous_10)","line":207,"loc":{"start":{"line":207,"column":26},"end":{"line":207,"column":38}}},"11":{"name":"(anonymous_11)","line":254,"loc":{"start":{"line":254,"column":13},"end":{"line":254,"column":25}}},"12":{"name":"(anonymous_12)","line":262,"loc":{"start":{"line":262,"column":14},"end":{"line":262,"column":26}}},"13":{"name":"(anonymous_13)","line":280,"loc":{"start":{"line":280,"column":17},"end":{"line":280,"column":41}}},"14":{"name":"(anonymous_14)","line":283,"loc":{"start":{"line":283,"column":17},"end":{"line":283,"column":29}}},"15":{"name":"(anonymous_15)","line":286,"loc":{"start":{"line":286,"column":14},"end":{"line":286,"column":29}}},"16":{"name":"(anonymous_16)","line":289,"loc":{"start":{"line":289,"column":19},"end":{"line":289,"column":49}}},"17":{"name":"(anonymous_17)","line":297,"loc":{"start":{"line":297,"column":26},"end":{"line":297,"column":57}}},"18":{"name":"(anonymous_18)","line":348,"loc":{"start":{"line":348,"column":34},"end":{"line":348,"column":65}}},"19":{"name":"(anonymous_19)","line":398,"loc":{"start":{"line":398,"column":22},"end":{"line":398,"column":39}}},"20":{"name":"(anonymous_20)","line":422,"loc":{"start":{"line":422,"column":27},"end":{"line":422,"column":67}}},"21":{"name":"(anonymous_21)","line":433,"loc":{"start":{"line":433,"column":17},"end":{"line":433,"column":76}}},"22":{"name":"(anonymous_22)","line":451,"loc":{"start":{"line":451,"column":23},"end":{"line":451,"column":83}}},"23":{"name":"(anonymous_23)","line":497,"loc":{"start":{"line":497,"column":21},"end":{"line":497,"column":57}}},"24":{"name":"(anonymous_24)","line":508,"loc":{"start":{"line":508,"column":18},"end":{"line":508,"column":50}}},"25":{"name":"(anonymous_25)","line":521,"loc":{"start":{"line":521,"column":24},"end":{"line":521,"column":65}}},"26":{"name":"(anonymous_26)","line":557,"loc":{"start":{"line":557,"column":23},"end":{"line":557,"column":46}}},"27":{"name":"(anonymous_27)","line":561,"loc":{"start":{"line":561,"column":22},"end":{"line":561,"column":45}}}},"statementMap":{"1":{"start":{"line":1,"column":0},"end":{"line":1,"column":36}},"2":{"start":{"line":2,"column":0},"end":{"line":2,"column":39}},"3":{"start":{"line":3,"column":0},"end":{"line":3,"column":38}},"4":{"start":{"line":5,"column":0},"end":{"line":277,"column":3}},"5":{"start":{"line":7,"column":8},"end":{"line":7,"column":39}},"6":{"start":{"line":11,"column":8},"end":{"line":11,"column":42}},"7":{"start":{"line":15,"column":8},"end":{"line":15,"column":53}},"8":{"start":{"line":19,"column":8},"end":{"line":19,"column":45}},"9":{"start":{"line":23,"column":8},"end":{"line":23,"column":44}},"10":{"start":{"line":27,"column":8},"end":{"line":29,"column":9}},"11":{"start":{"line":28,"column":12},"end":{"line":28,"column":84}},"12":{"start":{"line":30,"column":8},"end":{"line":30,"column":49}},"13":{"start":{"line":31,"column":8},"end":{"line":31,"column":56}},"14":{"start":{"line":33,"column":8},"end":{"line":33,"column":30}},"15":{"start":{"line":34,"column":8},"end":{"line":58,"column":9}},"16":{"start":{"line":35,"column":12},"end":{"line":35,"column":53}},"17":{"start":{"line":36,"column":12},"end":{"line":36,"column":117}},"18":{"start":{"line":37,"column":12},"end":{"line":37,"column":98}},"19":{"start":{"line":38,"column":12},"end":{"line":38,"column":27}},"20":{"start":{"line":39,"column":12},"end":{"line":39,"column":26}},"21":{"start":{"line":40,"column":15},"end":{"line":58,"column":9}},"22":{"start":{"line":41,"column":12},"end":{"line":41,"column":58}},"23":{"start":{"line":42,"column":12},"end":{"line":42,"column":74}},"24":{"start":{"line":43,"column":12},"end":{"line":43,"column":116}},"25":{"start":{"line":44,"column":12},"end":{"line":44,"column":89}},"26":{"start":{"line":45,"column":12},"end":{"line":45,"column":92}},"27":{"start":{"line":46,"column":12},"end":{"line":46,"column":27}},"28":{"start":{"line":47,"column":12},"end":{"line":47,"column":33}},"29":{"start":{"line":48,"column":15},"end":{"line":58,"column":9}},"30":{"start":{"line":49,"column":12},"end":{"line":49,"column":58}},"31":{"start":{"line":50,"column":12},"end":{"line":50,"column":70}},"32":{"start":{"line":51,"column":12},"end":{"line":51,"column":114}},"33":{"start":{"line":52,"column":12},"end":{"line":52,"column":89}},"34":{"start":{"line":53,"column":12},"end":{"line":53,"column":92}},"35":{"start":{"line":54,"column":12},"end":{"line":54,"column":27}},"36":{"start":{"line":55,"column":12},"end":{"line":55,"column":33}},"37":{"start":{"line":57,"column":12},"end":{"line":57,"column":73}},"38":{"start":{"line":59,"column":8},"end":{"line":59,"column":60}},"39":{"start":{"line":63,"column":8},"end":{"line":65,"column":9}},"40":{"start":{"line":64,"column":12},"end":{"line":64,"column":84}},"41":{"start":{"line":66,"column":8},"end":{"line":66,"column":34}},"42":{"start":{"line":67,"column":8},"end":{"line":67,"column":49}},"43":{"start":{"line":68,"column":8},"end":{"line":68,"column":56}},"44":{"start":{"line":69,"column":8},"end":{"line":109,"column":9}},"45":{"start":{"line":70,"column":12},"end":{"line":70,"column":53}},"46":{"start":{"line":71,"column":12},"end":{"line":71,"column":117}},"47":{"start":{"line":72,"column":12},"end":{"line":72,"column":98}},"48":{"start":{"line":73,"column":12},"end":{"line":73,"column":27}},"49":{"start":{"line":74,"column":12},"end":{"line":74,"column":30}},"50":{"start":{"line":75,"column":15},"end":{"line":109,"column":9}},"51":{"start":{"line":76,"column":12},"end":{"line":76,"column":58}},"52":{"start":{"line":77,"column":12},"end":{"line":77,"column":74}},"53":{"start":{"line":78,"column":12},"end":{"line":78,"column":116}},"54":{"start":{"line":79,"column":12},"end":{"line":79,"column":89}},"55":{"start":{"line":80,"column":12},"end":{"line":80,"column":92}},"56":{"start":{"line":81,"column":12},"end":{"line":81,"column":27}},"57":{"start":{"line":82,"column":12},"end":{"line":82,"column":37}},"58":{"start":{"line":83,"column":15},"end":{"line":109,"column":9}},"59":{"start":{"line":84,"column":12},"end":{"line":84,"column":58}},"60":{"start":{"line":85,"column":12},"end":{"line":85,"column":70}},"61":{"start":{"line":86,"column":12},"end":{"line":86,"column":114}},"62":{"start":{"line":87,"column":12},"end":{"line":87,"column":89}},"63":{"start":{"line":88,"column":12},"end":{"line":88,"column":92}},"64":{"start":{"line":89,"column":12},"end":{"line":89,"column":27}},"65":{"start":{"line":90,"column":12},"end":{"line":90,"column":37}},"66":{"start":{"line":91,"column":15},"end":{"line":109,"column":9}},"67":{"start":{"line":92,"column":12},"end":{"line":92,"column":60}},"68":{"start":{"line":93,"column":12},"end":{"line":93,"column":121}},"69":{"start":{"line":94,"column":12},"end":{"line":94,"column":47}},"70":{"start":{"line":95,"column":12},"end":{"line":95,"column":87}},"71":{"start":{"line":96,"column":12},"end":{"line":96,"column":27}},"72":{"start":{"line":97,"column":12},"end":{"line":97,"column":35}},"73":{"start":{"line":98,"column":15},"end":{"line":109,"column":9}},"74":{"start":{"line":99,"column":12},"end":{"line":99,"column":63}},"75":{"start":{"line":100,"column":12},"end":{"line":100,"column":39}},"76":{"start":{"line":101,"column":12},"end":{"line":101,"column":39}},"77":{"start":{"line":102,"column":12},"end":{"line":102,"column":116}},"78":{"start":{"line":103,"column":12},"end":{"line":103,"column":98}},"79":{"start":{"line":104,"column":12},"end":{"line":104,"column":27}},"80":{"start":{"line":106,"column":12},"end":{"line":106,"column":31}},"81":{"start":{"line":108,"column":12},"end":{"line":108,"column":70}},"82":{"start":{"line":110,"column":8},"end":{"line":110,"column":68}},"83":{"start":{"line":114,"column":8},"end":{"line":116,"column":9}},"84":{"start":{"line":115,"column":12},"end":{"line":115,"column":79}},"85":{"start":{"line":117,"column":8},"end":{"line":117,"column":23}},"86":{"start":{"line":119,"column":8},"end":{"line":121,"column":9}},"87":{"start":{"line":120,"column":12},"end":{"line":120,"column":84}},"88":{"start":{"line":123,"column":8},"end":{"line":123,"column":29}},"89":{"start":{"line":124,"column":8},"end":{"line":124,"column":65}},"90":{"start":{"line":125,"column":8},"end":{"line":125,"column":67}},"91":{"start":{"line":126,"column":8},"end":{"line":126,"column":90}},"92":{"start":{"line":127,"column":8},"end":{"line":127,"column":23}},"93":{"start":{"line":129,"column":8},"end":{"line":131,"column":9}},"94":{"start":{"line":130,"column":12},"end":{"line":130,"column":85}},"95":{"start":{"line":132,"column":8},"end":{"line":132,"column":42}},"96":{"start":{"line":133,"column":8},"end":{"line":133,"column":60}},"97":{"start":{"line":134,"column":8},"end":{"line":134,"column":39}},"98":{"start":{"line":135,"column":8},"end":{"line":135,"column":43}},"99":{"start":{"line":137,"column":8},"end":{"line":145,"column":9}},"100":{"start":{"line":138,"column":12},"end":{"line":138,"column":58}},"101":{"start":{"line":139,"column":12},"end":{"line":141,"column":13}},"102":{"start":{"line":140,"column":16},"end":{"line":140,"column":103}},"103":{"start":{"line":142,"column":12},"end":{"line":142,"column":27}},"104":{"start":{"line":144,"column":12},"end":{"line":144,"column":88}},"105":{"start":{"line":146,"column":8},"end":{"line":146,"column":88}},"106":{"start":{"line":147,"column":8},"end":{"line":151,"column":10}},"107":{"start":{"line":155,"column":8},"end":{"line":157,"column":9}},"108":{"start":{"line":156,"column":12},"end":{"line":156,"column":79}},"109":{"start":{"line":158,"column":8},"end":{"line":158,"column":23}},"110":{"start":{"line":160,"column":8},"end":{"line":162,"column":9}},"111":{"start":{"line":161,"column":12},"end":{"line":161,"column":84}},"112":{"start":{"line":163,"column":8},"end":{"line":163,"column":29}},"113":{"start":{"line":164,"column":8},"end":{"line":164,"column":30}},"114":{"start":{"line":165,"column":8},"end":{"line":165,"column":31}},"115":{"start":{"line":166,"column":8},"end":{"line":166,"column":29}},"116":{"start":{"line":167,"column":8},"end":{"line":167,"column":65}},"117":{"start":{"line":168,"column":8},"end":{"line":168,"column":67}},"118":{"start":{"line":169,"column":8},"end":{"line":169,"column":90}},"119":{"start":{"line":170,"column":8},"end":{"line":170,"column":23}},"120":{"start":{"line":172,"column":8},"end":{"line":176,"column":9}},"121":{"start":{"line":173,"column":12},"end":{"line":173,"column":63}},"122":{"start":{"line":174,"column":12},"end":{"line":174,"column":46}},"123":{"start":{"line":175,"column":12},"end":{"line":175,"column":50}},"124":{"start":{"line":178,"column":8},"end":{"line":181,"column":9}},"125":{"start":{"line":179,"column":12},"end":{"line":179,"column":84}},"126":{"start":{"line":180,"column":12},"end":{"line":180,"column":27}},"127":{"start":{"line":183,"column":8},"end":{"line":188,"column":9}},"128":{"start":{"line":184,"column":12},"end":{"line":184,"column":53}},"129":{"start":{"line":185,"column":12},"end":{"line":185,"column":30}},"130":{"start":{"line":186,"column":12},"end":{"line":186,"column":98}},"131":{"start":{"line":187,"column":12},"end":{"line":187,"column":27}},"132":{"start":{"line":189,"column":8},"end":{"line":197,"column":9}},"133":{"start":{"line":190,"column":12},"end":{"line":190,"column":58}},"134":{"start":{"line":191,"column":12},"end":{"line":193,"column":13}},"135":{"start":{"line":192,"column":16},"end":{"line":192,"column":54}},"136":{"start":{"line":194,"column":12},"end":{"line":194,"column":27}},"137":{"start":{"line":196,"column":12},"end":{"line":196,"column":88}},"138":{"start":{"line":198,"column":8},"end":{"line":198,"column":88}},"139":{"start":{"line":199,"column":8},"end":{"line":204,"column":10}},"140":{"start":{"line":208,"column":8},"end":{"line":208,"column":28}},"141":{"start":{"line":209,"column":8},"end":{"line":209,"column":28}},"142":{"start":{"line":210,"column":8},"end":{"line":210,"column":28}},"143":{"start":{"line":212,"column":8},"end":{"line":214,"column":9}},"144":{"start":{"line":213,"column":12},"end":{"line":213,"column":81}},"145":{"start":{"line":215,"column":8},"end":{"line":215,"column":23}},"146":{"start":{"line":217,"column":8},"end":{"line":221,"column":9}},"147":{"start":{"line":218,"column":12},"end":{"line":218,"column":66}},"148":{"start":{"line":219,"column":12},"end":{"line":219,"column":92}},"149":{"start":{"line":220,"column":12},"end":{"line":220,"column":47}},"150":{"start":{"line":222,"column":8},"end":{"line":233,"column":9}},"151":{"start":{"line":223,"column":12},"end":{"line":223,"column":27}},"152":{"start":{"line":224,"column":12},"end":{"line":232,"column":13}},"153":{"start":{"line":225,"column":16},"end":{"line":225,"column":62}},"154":{"start":{"line":226,"column":16},"end":{"line":230,"column":19}},"155":{"start":{"line":231,"column":16},"end":{"line":231,"column":53}},"156":{"start":{"line":234,"column":8},"end":{"line":239,"column":9}},"157":{"start":{"line":235,"column":12},"end":{"line":235,"column":27}},"158":{"start":{"line":236,"column":12},"end":{"line":236,"column":77}},"159":{"start":{"line":238,"column":12},"end":{"line":238,"column":77}},"160":{"start":{"line":241,"column":8},"end":{"line":249,"column":9}},"161":{"start":{"line":242,"column":12},"end":{"line":242,"column":58}},"162":{"start":{"line":243,"column":12},"end":{"line":245,"column":13}},"163":{"start":{"line":244,"column":16},"end":{"line":244,"column":57}},"164":{"start":{"line":246,"column":12},"end":{"line":246,"column":27}},"165":{"start":{"line":248,"column":12},"end":{"line":248,"column":87}},"166":{"start":{"line":251,"column":8},"end":{"line":251,"column":66}},"167":{"start":{"line":255,"column":8},"end":{"line":257,"column":9}},"168":{"start":{"line":256,"column":12},"end":{"line":256,"column":65}},"169":{"start":{"line":258,"column":8},"end":{"line":258,"column":23}},"170":{"start":{"line":259,"column":8},"end":{"line":259,"column":43}},"171":{"start":{"line":263,"column":8},"end":{"line":265,"column":9}},"172":{"start":{"line":264,"column":12},"end":{"line":264,"column":65}},"173":{"start":{"line":266,"column":8},"end":{"line":266,"column":23}},"174":{"start":{"line":268,"column":8},"end":{"line":268,"column":25}},"175":{"start":{"line":269,"column":8},"end":{"line":272,"column":9}},"176":{"start":{"line":270,"column":12},"end":{"line":270,"column":53}},"177":{"start":{"line":271,"column":12},"end":{"line":271,"column":91}},"178":{"start":{"line":273,"column":8},"end":{"line":273,"column":23}},"179":{"start":{"line":279,"column":0},"end":{"line":565,"column":3}},"180":{"start":{"line":281,"column":8},"end":{"line":281,"column":41}},"181":{"start":{"line":284,"column":8},"end":{"line":284,"column":86}},"182":{"start":{"line":287,"column":8},"end":{"line":287,"column":44}},"183":{"start":{"line":290,"column":8},"end":{"line":290,"column":66}},"184":{"start":{"line":291,"column":8},"end":{"line":291,"column":62}},"185":{"start":{"line":292,
[...]
,"2":[0,0,0,0,0,0],"3":[0,0],"4":[0,0],"5":[0,0],"6":[0,0],"7":[0,0,0,0],"8":[0,0],"9":[0,0,0],"10":[0,0],"11":[0,0,0],"12":[0,0],"13":[0,0]},"f":{"1":0,"2":0,"3":0,"4":0},"fnMap":{"1":{"name":"(anonymous_1)","line":5,"loc":{"start":{"line":5,"column":33},"end":{"line":5,"column":54}}},"2":{"name":"(anonymous_2)","line":25,"loc":{"start":{"line":25,"column":21},"end":{"line":25,"column":40}}},"3":{"name":"(anonymous_3)","line":35,"loc":{"start":{"line":35,"column":34},"end":{"line":35,"column":78}}},"4":{"name":"(anonymous_4)","line":53,"loc":{"start":{"line":53,"column":33},"end":{"line":53,"column":54}}}},"statementMap":{"1":{"start":{"line":1,"column":0},"end":{"line":1,"column":36}},"2":{"start":{"line":3,"column":0},"end":{"line":69,"column":1}},"3":{"start":{"line":6,"column":8},"end":{"line":6,"column":39}},"4":{"start":{"line":7,"column":8},"end":{"line":7,"column":45}},"5":{"start":{"line":9,"column":8},"end":{"line":16,"column":9}},"6":{"start":{"line":15,"column":12},"end":{"line":15,"column":24}},"7":{"start":{"line":18,"column":8},"end":{"line":20,"column":9}},"8":{"start":{"line":19,"column":12},"end":{"line":19,"column":24}},"9":{"start":{"line":22,"column":8},"end":{"line":22,"column":21}},"10":{"start":{"line":26,"column":8},"end":{"line":26,"column":61}},"11":{"start":{"line":27,"column":8},"end":{"line":27,"column":96}},"12":{"start":{"line":28,"column":8},"end":{"line":32,"column":9}},"13":{"start":{"line":29,"column":12},"end":{"line":31,"column":13}},"14":{"start":{"line":30,"column":16},"end":{"line":30,"column":28}},"15":{"start":{"line":36,"column":8},"end":{"line":36,"column":39}},"16":{"start":{"line":37,"column":8},"end":{"line":37,"column":45}},"17":{"start":{"line":39,"column":8},"end":{"line":44,"column":9}},"18":{"start":{"line":43,"column":12},"end":{"line":43,"column":24}},"19":{"start":{"line":46,"column":8},"end":{"line":48,"column":9}},"20":{"start":{"line":47,"column":12},"end":{"line":47,"column":24}},"21":{"start":{"line":50,"column":8},"end":{"line":50,"column":21}},"22":{"start":{"line":54,"column":8},"end":{"line":54,"column":38}},"23":{"start":{"line":55,"column":8},"end":{"line":55,"column":44}},"24":{"start":{"line":57,"column":8},"end":{"line":61,"column":9}},"25":{"start":{"line":60,"column":12},"end":{"line":60,"column":24}},"26":{"start":{"line":63,"column":8},"end":{"line":65,"column":9}},"27":{"start":{"line":64,"column":12},"end":{"line":64,"column":24}},"28":{"start":{"line":67,"column":8},"end":{"line":67,"column":21}}},"branchMap":{"1":{"line":9,"type":"if","locations":[{"start":{"line":9,"column":8},"end":{"line":9,"column":8}},{"start":{"line":9,"column":8},"end":{"line":9,"column":8}}]},"2":{"line":9,"type":"binary-expr","locations":[{"start":{"line":9,"column":12},"end":{"line":9,"column":50}},{"start":{"line":10,"column":12},"end":{"line":10,"column":51}},{"start":{"line":11,"column":12},"end":{"line":11,"column":43}},{"start":{"line":12,"column":12},"end":{"line":12,"column":50}},{"start":{"line":13,"column":12},"end":{"line":13,"column":40}},{"start":{"line":14,"column":12},"end":{"line":14,"column":48}}]},"3":{"line":18,"type":"if","locations":[{"start":{"line":18,"column":8},"end":{"line":18,"column":8}},{"start":{"line":18,"column":8},"end":{"line":18,"column":8}}]},"4":{"line":18,"type":"binary-expr","locations":[{"start":{"line":18,"column":12},"end":{"line":18,"column":44}},{"start":{"line":18,"column":48},"end":{"line":18,"column":96}}]},"5":{"line":29,"type":"if","locations":[{"start":{"line":29,"column":12},"end":{"line":29,"column":12}},{"start":{"line":29,"column":12},"end":{"line":29,"column":12}}]},"6":{"line":39,"type":"if","locations":[{"start":{"line":39,"column":8},"end":{"line":39,"column":8}},{"start":{"line":39,"column":8},"end":{"line":39,"column":8}}]},"7":{"line":39,"type":"binary-expr","locations":[{"start":{"line":39,"column":12},"end":{"line":39,"column":37}},{"start":{"line":40,"column":12},"end":{"line":40,"column":49}},{"start":{"line":41,"column":12},"end":{"line":41,"column":47}},{"start":{"line":42,"column":12},"end":{"line":42,"column":42}}]},"8":{"line":46,"type":"if","locations":[{"start":{"line":46,"column":8},"end":{"line":46,"column":8}},{"start":{"line":46,"column":8},"end":{"line":46,"column":8}}]},"9":{"line":46,"type":"binary-expr","locations":[{"start":{"line":46,"column":12},"end":{"line":46,"column":28}},{"start":{"line":46,"column":32},"end":{"line":46,"column":48}},{"start":{"line":46,"column":52},"end":{"line":46,"column":68}}]},"10":{"line":57,"type":"if","locations":[{"start":{"line":57,"column":8},"end":{"line":57,"column":8}},{"start":{"line":57,"column":8},"end":{"line":57,"column":8}}]},"11":{"line":57,"type":"binary-expr","locations":[{"start":{"line":57,"column":12},"end":{"line":57,"column":40}},{"start":{"line":58,"column":12},"end":{"line":58,"column":51}},{"start":{"line":59,"column":12},"end":{"line":59,"column":48}}]},"12":{"line":63,"type":"if","locations":[{"start":{"line":63,"column":8},"end":{"line":63,"column":8}},{"start":{"line":63,"column":8},"end":{"line":63,"column":8}}]},"13":{"line":63,"type":"binary-expr","locations":[{"start":{"line":63,"column":12},"end":{"line":63,"column":44}},{"start":{"line":63,"column":48},"end":{"line":63,"column":96}}]}}},"/Users/wupeilin/Documents/code/nodejs/aliyun-tablestore-nodejs-sdk/lib/retry/default_retry_policy.js":{"path":"/Users/wupeilin/Documents/code/nodejs/aliyun-tablestore-nodejs-sdk/lib/retry/default_retry_policy.js","s":{"1":1,"2":1,"3":0,"4":0,"5":0,"6":0,"7":0,"8":0,"9":0,"10":0,"11":0,"12":0,"13":0,"14":0,"15":0,"16":0,"17":0,"18":0,"19":0,"20":0,"21":0,"22":0,"23":0},"b":{"1":[0,0],"2":[0,0],"3":[0,0],"4":[0,0],"5":[0,0],"6":[0,0],"7":[0,0]},"f":{"1":0,"2":0,"3":0,"4":0,"5":0},"fnMap":{"1":{"name":"(anonymous_1)","line":22,"loc":{"start":{"line":22,"column":26},"end":{"line":22,"column":68}}},"2":{"name":"(anonymous_2)","line":26,"loc":{"start":{"line":26,"column":21},"end":{"line":26,"column":40}}},"3":{"name":"(anonymous_3)","line":30,"loc":{"start":{"line":30,"column":15},"end":{"line":30,"column":57}}},"4":{"name":"(anonymous_4)","line":44,"loc":{"start":{"line":44,"column":19},"end":{"line":44,"column":52}}},"5":{"name":"(anonymous_5)","line":62,"loc":{"start":{"line":62,"column":17},"end":{"line":62,"column":59}}}},"statementMap":{"1":{"start":{"line":1,"column":0},"end":{"line":1,"column":36}},"2":{"start":{"line":3,"column":0},"end":{"line":74,"column":1}},"3":{"start":{"line":23,"column":8},"end":{"line":23,"column":73}},"4":{"start":{"line":27,"column":8},"end":{"line":27,"column":61}},"5":{"start":{"line":32,"column":8},"end":{"line":34,"column":9}},"6":{"start":{"line":33,"column":12},"end":{"line":33,"column":24}},"7":{"start":{"line":36,"column":8},"end":{"line":39,"column":9}},"8":{"start":{"line":38,"column":12},"end":{"line":38,"column":24}},"9":{"start":{"line":41,"column":8},"end":{"line":41,"column":21}},"10":{"start":{"line":45,"column":8},"end":{"line":45,"column":24}},"11":{"start":{"line":46,"column":8},"end":{"line":50,"column":9}},"12":{"start":{"line":47,"column":12},"end":{"line":47,"column":93}},"13":{"start":{"line":49,"column":12},"end":{"line":49,"column":86}},"14":{"start":{"line":52,"column":8},"end":{"line":52,"column":103}},"15":{"start":{"line":54,"column":8},"end":{"line":56,"column":9}},"16":{"start":{"line":55,"column":12},"end":{"line":55,"column":69}},"17":{"start":{"line":58,"column":8},"end":{"line":58,"column":76}},"18":{"start":{"line":59,"column":8},"end":{"line":59,"column":25}},"19":{"start":{"line":64,"column":8},"end":{"line":66,"column":9}},"20":{"start":{"line":65,"column":12},"end":{"line":65,"column":25}},"21":{"start":{"line":68,"column":8},"end":{"line":70,"column":9}},"22":{"start":{"line":69,"column":12},"end":{"line":69,"column":24}},"23":{"start":{"line":72,"column":8},"end":{"line":72,"column":21}}},"branchMap":{"1":{"line":32,"type":"if","locations":[{"start":{"line":32,"column":8},"end":{"line":32,"column":8}},{"start":{"line":32,"column":8},"end":{"line":32,"column":8}}]},"2":{"line":36,"type":"if","locations":[{"start":{"line":36,"column":8},"end":{"line":36,"column":8}},{"start":{"line":36,"column":8},"end":{"line":36,"column":8}}]},"3":{"line":36,"type":"binary-expr","locations":[{"start":{"line":36,"column":12},"end":{"line":36,"column":66}},{"start":{"line":37,"column":15},"end":{"line":37,"column":96}}]},"4":{"line":46,"type":"if","locations":[{"start":{"line":46,"column":8},"end":{"line":46,"column":8}},{"start":{"line":46,"column":8},"end":{"line":46,"column":8}}]},"5":{"line":54,"type":"if","locations":[{"start":{"line":54,"column":8},"end":{"line":54,"column":8}},{"start":{"line":54,"column":8},"end":{"line":54,"column":8}}]},"6":{"line":64,"type":"if","locations":[{"start":{"line":64,"column":8},"end":{"line":64,"column":8}},{"start":{"line":64,"column":8},"end":{"line":64,"column":8}}]},"7":{"line":68,"type":"if","locations":[{"start":{"line":68,"column":8},"end":{"line":68,"column":8}},{"start":{"line":68,"column":8},"end":{"line":68,"column":8}}]}}},"/Users/wupeilin/Documents/code/nodejs/aliyun-tablestore-nodejs-sdk/lib/client.js":{"path":"/Users/wupeilin/Documents/code/nodejs/aliyun-tablestore-nodejs-sdk/lib/client.js","s":{"1":1,"2":1,"3":1,"4":0,"5":1,"6":1,"7":2,"8":2,"9":2,"10":2,"11":2,"12":2,"13":2,"14":2,"15":2,"16":2,"17":2,"18":2,"19":2,"20":2,"21":2,"22":2,"23":2,"24":0,"25":0,"26":0,"27":0,"28":0,"29":0,"30":0,"31":0,"32":0,"33":0,"34":0,"35":0,"36":0,"37":2,"38":0,"39":0,"40":2,"41":2,"42":2,"43":2,"44":2,"45":0,"46":0,"47":0,"48":0,"49":0,"50":2,"51":2,"52":4,"53":4,"54":2,"55":0,"56":2,"57":1,"58":1,"59":0,"60":0,"61":0,"62":0,"63":0,"64":0,"65":0,"66":0,"67":0,"68":0},"b":{"1":[0,0],"2":[0,0],"3":[0,0],"4":[0,0],"5":[0,0],"6":[0,2],"7":[2,0],"8":[0,0],"9":[4,0],"10":[0,2]},"f":{"1":0,"2":1,"3":2,"4":2,"5":2,"6":2,"7":2,"8":0,"9":0,"10":2,"11":0,"12":0,"13":2,"14":1,"15":1,"16":0,"17":0,"18":0,"19":0,"20":0,"21":0,"22":0,"23":0,"24":0,"25":0},"fnMap":{"1":{"name":"(anonymous_1)","line":4,"loc":{"start":{"line":4,"column":28},"end":{"line":4,"column":46}}},"2":{"name":"Client","line":9,"loc":{"start":{"line":9,"column":15},"end":{"line":9,"column":39}}},"3":{"name":"setupRequestListeners","line":13,"loc":{"start":{"line":13,"column":25},"end":{"line":13,"column":65}}},"4":{"name":"populateURI","line":22,"loc":{"start":{"line":22,"column":15},"end":{"line":22,"column":41}}},"5":{"name":"populateHeader","line":28,"loc":{"start":{"line":28,"column":18},"end":{"line":28,"column":47}}},"6":{"name":"buildContent","line":34,"loc":{"start":{"line":34,"column":16},"end":{"line":34,"column":43}}},"7":{"name":"computeContentMd5","line":40,"loc":{"start":{"line":40,"column":21},"end":{"line":40,"column":53}}},"8":{"name":"extractData","line":51,"loc":{"start":{"line":51,"column":15},"end":{"line":51,"column":42}}},"9":{"name":"extractError","line":64,"loc":{"start":{"line":64,"column":16},"end":{"line":64,"column":44}}},"10":{"name":"makeRequest","line":114,"loc":{"start":{"line":114,"column":15},"end":{"line":114,"column":65}}},"11":{"name":"(anonymous_11)","line":126,"loc":{"start":{"line":126,"column":25},"end":{"line":126,"column":52}}},"12":{"name":"(anonymous_12)","line":127,"loc":{"start":{"line":127,"column":21},"end":{"line":127,"column":42}}},"13":{"name":"addAllRequestListeners","line":140,"loc":{"start":{"line":140,"column":26},"end":{"line":140,"column":67}}},"14":{"name":"(anonymous_14)","line":157,"loc":{"start":{"line":157,"column":13},"end":{"line":157,"column":32}}},"15":{"name":"(anonymous_15)","line":164,"loc":{"start":{"line":164,"column":11},"end":{"line":164,"column":30}}},"16":{"name":"(anonymous_16)","line":171,"loc":{"start":{"line":171,"column":13},"end":{"line":171,"column":32}}},"17":{"name":"(anonymous_17)","line":178,"loc":{"start":{"line":178,"column":13},"end":{"line":178,"column":32}}},"18":{"name":"(anonymous_18)","line":185,"loc":{"start":{"line":185,"column":15},"end":{"line":185,"column":34}}},"19":{"name":"(anonymous_19)","line":197,"loc":{"start":{"line":197,"column":8},"end":{"line":197,"column":27}}},"20":{"name":"(anonymous_20)","line":204,"loc":{"start":{"line":204,"column":8},"end":{"line":204,"column":27}}},"21":{"name":"(anonymous_21)","line":211,"loc":{"start":{"line":211,"column":11},"end":{"line":211,"column":30}}},"22":{"name":"(anonymous_22)","line":218,"loc":{"start":{"line":218,"column":11},"end":{"line":218,"column":30}}},"23":{"name":"(anonymous_23)","line":225,"loc":{"start":{"line":225,"column":10},"end":{"line":225,"column":29}}},"24":{"name":"(anonymous_24)","line":232,"loc":{"start":{"line":232,"column":13},"end":{"line":232,"column":32}}},"25":{"name":"(anonymous_25)","line":239,"loc":{"start":{"line":239,"column":15},"end":{"line":239,"column":34}}}},"statementMap":{"1":{"start":{"line":1,"column":0},"end":{"line":1,"column":35}},"2":{"start":{"line":2,"column":0},"end":{"line":2,"column":38}},"3":{"start":{"line":4,"column":0},"end":{"line":6,"column":2}},"4":{"start":{"line":5,"column":2},"end":{"line":5,"column":58}},"5":{"start":{"line":8,"column":0},"end":{"line":244,"column":3}},"6":{"start":{"line":10,"column":4},"end":{"line":10,"column":48}},"7":{"start":{"line":14,"column":4},"end":{"line":14,"column":54}},"8":{"start":{"line":15,"column":4},"end":{"line":15,"column":51}},"9":{"start":{"line":16,"column":4},"end":{"line":16,"column":52}},"10":{"start":{"line":17,"column":4},"end":{"line":17,"column":57}},"11":{"start":{"line":18,"column":4},"end":{"line":18,"column":59}},"12":{"start":{"line":19,"column":4},"end":{"line":19,"column":57}},"13":{"start":{"line":23,"column":4},"end":{"line":23,"column":38}},"14":{"start":{"line":24,"column":4},"end":{"line":24,"column":62}},"15":{"start":{"line":25,"column":4},"end":{"line":25,"column":78}},"16":{"start":{"line":29,"column":4},"end":{"line":29,"column":38}},"17":{"start":{"line":30,"column":4},"end":{"line":30,"column":59}},"18":{"start":{"line":31,"column":4},"end":{"line":31,"column":72}},"19":{"start":{"line":35,"column":4},"end":{"line":35,"column":71}},"20":{"start":{"line":36,"column":4},"end":{"line":36,"column":34}},"21":{"start":{"line":37,"column":4},"end":{"line":37,"column":45}},"22":{"start":{"line":41,"column":4},"end":{"line":41,"column":73}},"23":{"start":{"line":42,"column":4},"end":{"line":42,"column":54}},"24":{"start":{"line":52,"column":4},"end":{"line":52,"column":90}},"25":{"start":{"line":55,"column":4},"end":{"line":56,"column":51}},"26":{"start":{"line":65,"column":4},"end":{"line":70,"column":6}},"27":{"start":{"line":72,"column":4},"end":{"line":72,"column":44}},"28":{"start":{"line":73,"column":4},"end":{"line":73,"column":38}},"29":{"start":{"line":74,"column":4},"end":{"line":98,"column":5}},"30":{"start":{"line":75,"column":6},"end":{"line":79,"column":9}},"31":{"start":{"line":81,"column":6},"end":{"line":81,"column":15}},"32":{"start":{"line":82,"column":6},"end":{"line":97,"column":7}},"33":{"start":{"line":83,"column":8},"end":{"line":83,"column":68}},"34":{"start":{"line":84,"column":8},"end":{"line":88,"column":11}},"35":{"start":{"line":91,"column":8},"end":{"line":91,"column":31}},"36":{"start":{"line":92,"column":8},"end":{"line":96,"column":11}},"37":{"start":{"line":115,"column":4},"end":{"line":118,"column":5}},"38":{"start":{"line":116,"column":6},"end":{"line":116,"column":24}},"39":{"start":{"line":117,"column":6},"end":{"line":117,"column":20}},"40":{"start":{"line":120,"column":4},"end":{"line":120,"column":73}},"41":{"start":{"line":121,"column":4},"end":{"line":121,"column":41}},"42":{"start":{"line":122,"column":4},"end":{"line":134,"column":5}},"43":{"start":{"line":123,"column":6},"end":{"line":123,"column":29}},"44":{"start":{"line":124,"column":6},"end":{"line":124,"column":21}},"45":{"start":{"line":126,"column":6},"end":{"line":133,"column":9}},"46":{"start":{"line":127,"column":8},"end":{"line":132,"column":11}},"47":{"start":{"line":128,"column":10},"end":{"line":130,"column":11}},"48":{"start":{"line":129,"column":12},"end":{"line":129,"column":31}},"49":{"start":{"line":131,"column":10},"end":{"line":131,"column":24}},"50":{"start":{"line":141,"column":4},"end":{"line":141,"column":67}},"51":{"start":{"line":142,"column":4},"end":{"line":144,"column":5}},"52":{"start":{"line":143,"column":6},"end":{"line":143,"column":49}},"53":{"start":{"line":143,"column":19},"end":{"line":143,"column":49}},"54":{"start":{"line":146,"column":4},"end":{"line":148,"column":5}},"55":{"start":{"line":147,"column":6},"end":{"line":147,"column":61}},"56":{"start":{"line":150,"column":4},"end":{"line":150,"column":40}},"57":{"start":{"line":158,"column":4},"end":{"line":158,"column":61}},"58":{"start":{"line":165,"column":4},"end":{"line":165,"column":59}},"59":{"start":{"line":172,"column":4},"end":{"line":172,"column":61}},"60":{"start":{"line":179,"column":4},"end":{"line":179,"column":61}},"61":{"start":{"line":186,"column":4},"end":{"line":186,"column":63}},"62":{"start":{"line":198,"column":4},"end":{"line":198,"column":56}},"63":{"start":{"line":205,"column":4},"end":{"line":205,"column":56}},"64":{"start":{"line":212,"column":4},"end":{"line":212,"column":59}},"65":{"start":{"line":219,"column":4},"end":{"line":219,"column":59}},"66":{"start":{"line":226,"column":4},"end":{"line":226,"column":58}},"67":{"start":{"line":233,"column":4},"end":{"line":233,"column":61}},"68":{"start":{"line":240,"column":4},"end":{"line":240,"column":63}}},"branchMap":{"1":{"line":55,"type":"binary-expr","locations":[{"start":{"line":55,"column":26},"end":{"line":55,"column":71}},{"start":{"line":56,"column":6},"end":{"line":56,"column":50}}]},"2":{"line":74,"type":"if","locations":[{"start":{"line":74,"column":4},"end":{"line":74,"column":4}},{"start":{"line":74,"column":4},"end":{"line":74,"column":4}}]},"3":{"line":74,"type":"binary-expr","locations":[{"start":{"line":74,"column":8},"end":{"line":74,"column":19}},{"start":{"line":74,"column":23},"end":{"line":74,"column":40}}]},"4":{"line":85,"type":"binary-expr","locations":[{"start":{"line":85,"column":16},"end":{"line":85,"column":25}},{"start":{"line":85,"column":29},"end":{"line":85,"column":33}}]},"5":{"line":86,"type":"binary-expr","locations":[{"start":{"line":86,"column":19},"end":{"line":86,"column":31}},{"start":{"line":86,"column":35},"end":{"line":86,"column":39}}]},"6":{"line":115,"type":"if","locations":[{"start":{"line":115,"column":4},"end":{"line":115,"column":4}},{"start":{"line":115,"column":4},"end":{"line":115,"column":4}}]},"7":{"line":122,"type":"if","locations":[{"start":{"line":122,"column":4},"end":{"line":122,"column":4}},{"start":{"line":122,"column":4},"end":{"line":122,"column":4}}]},"8":{"line":128,"type":"if","locations":[{"start":{"line":128,"column":10},"end":{"line":128,"column":10}},{"start":{"line":128,"column":10},"end":{"line":128,"column":10}}]},"9":{"line":143,"type":"if","locations":[{"start":{"line":143,"column":6},"end":{"line":143,"column":6}},{"start":{"line":143,"column":6},"end":{"line":143,"column":6}}]},"10":{"line":146,"type":"if","locations":[{"start":{"line":146,"column":4},"end":{"line":146,"column":4}},{"start":{"line":146,"column":4},"end":{"line":146,"column":4}}]}}},"/Users/wupeilin/Documents/code/nodejs/aliyun-tablestore-nodejs-sdk/samples/client.js":{"path":"/Users/wupeilin/Documents/code/nodejs/aliyun-tablestore-nodejs-sdk/samples/client.js","s":{"1":1,"2":1,"3":1,"4":1,"5":1,"6":1,"7":1},"b":{},"f":{},"fnMap":{},"statementMap":{"1":{"start":{"line":1,"column":0},"end":{"line":1,"column":40}},"2":{"start":{"line":3,"column":0},"end":{"line":3,"column":42}},"3":{"start":{"line":4,"column":0},"end":{"line":4,"column":50}},"4":{"start":{"line":5,"column":0},"end":{"line":5,"column":36}},"5":{"start":{"line":6,"column":0},"end":{"line":6,"column":44}},"6":{"start":{"line":8,"column":0},"end":{"line":13,"column":3}},"7":{"start":{"line":15,"column":0},"end":{"line":15,"column":24}}},"branchMap":{}}}