TN:
SF:/Users/wupeilin/Documents/code/nodejs/aliyun-tablestore-nodejs-sdk/index.js
FNF:0
FNH:0
DA:1,1
DA:2,1
LF:2
LH:2
BRF:0
BRH:0
end_of_record
TN:
SF:/Users/wupeilin/Documents/code/nodejs/aliyun-tablestore-nodejs-sdk/lib/core.js
FNF:0
FNH:0
DA:4,1
DA:5,1
DA:6,1
DA:7,1
DA:8,1
DA:9,1
DA:10,1
DA:11,1
DA:12,1
DA:13,1
DA:14,1
DA:15,1
DA:16,1
DA:17,1
DA:18,1
DA:19,1
DA:20,1
DA:21,1
DA:22,1
DA:23,1
DA:24,1
DA:25,1
DA:26,1
DA:27,1
DA:28,1
LF:25
LH:25
BRF:0
BRH:0
end_of_record
TN:
SF:/Users/wupeilin/Documents/code/nodejs/aliyun-tablestore-nodejs-sdk/lib/util.js
FN:27,(anonymous_1)
FN:51,(anonymous_2)
FN:62,uriEscape
FN:68,(anonymous_4)
FN:75,uriEscapePath
FN:77,(anonymous_6)
FN:83,urlParse
FN:87,urlFormat
FN:91,generateUUID
FN:96,(anonymous_10)
FN:104,queryParamsToString
FN:109,(anonymous_12)
FN:115,(anonymous_13)
FN:126,readFileSync
FN:133,encode64
FN:137,decode64
FN:149,(anonymous_17)
FN:170,(anonymous_18)
FN:181,byteLength
FN:198,upperFirst
FN:202,lowerFirst
FN:218,getDate
FN:221,top
FN:224,pad
FN:228,(anonymous_25)
FN:251,iso8601
FN:259,rfc822
FN:264,unixSeconds
FN:269,unixMilliseconds
FN:278,format
FN:304,format
FN:366,crc32
FN:382,hmac
FN:390,md5
FN:397,sha256
FN:404,toHex
FN:412,createHash
FN:423,each
FN:432,arrayEach
FN:441,update
FN:442,iterator
FN:448,merge
FN:452,copy
FN:462,isEmpty
FN:471,isType
FN:477,typeName
FN:484,error
FN:523,inherit
FN:532,__ctor_wrapper__
FN:539,(anonymous_50)
FN:555,mixin
FN:572,hideProperties
FN:575,(anonymous_53)
FNF:53
FNH:18
FNDA:0,(anonymous_1)
FNDA:0,(anonymous_2)
FNDA:0,uriEscape
FNDA:0,(anonymous_4)
FNDA:0,uriEscapePath
FNDA:0,(anonymous_6)
FNDA:2,urlParse
FNDA:0,urlFormat
FNDA:0,generateUUID
FNDA:0,(anonymous_10)
FNDA:0,queryParamsToString
FNDA:0,(anonymous_12)
FNDA:0,(anonymous_13)
FNDA:0,readFileSync
FNDA:0,encode64
FNDA:0,decode64
FNDA:0,(anonymous_17)
FNDA:0,(anonymous_18)
FNDA:2,byteLength
FNDA:2,upperFirst
FNDA:0,lowerFirst
FNDA:4,getDate
FNDA:0,top
FNDA:0,pad
FNDA:0,(anonymous_25)
FNDA:2,iso8601
FNDA:0,rfc822
FNDA:0,unixSeconds
FNDA:0,unixMilliseconds
FNDA:0,format
FNDA:0,format
FNDA:0,crc32
FNDA:2,hmac
FNDA:2,md5
FNDA:0,sha256
FNDA:0,toHex
FNDA:2,createHash
FNDA:30,each
FNDA:22,arrayEach
FNDA:23,update
FNDA:167,iterator
FNDA:0,merge
FNDA:0,copy
FNDA:0,isEmpty
FNDA:0,isType
FNDA:0,typeName
FNDA:0,error
FNDA:19,inherit
FNDA:2,__ctor_wrapper__
FNDA:1,(anonymous_50)
FNDA:1,mixin
FNDA:2,hideProperties
FNDA:10,(anonymous_53)
DA:3,1
DA:4,1
DA:5,1
DA:6,1
DA:9,1
DA:26,1
DA:28,0
DA:29,0
DA:30,0
DA:31,0
DA:32,0
DA:33,0
DA:34,0
DA:35,0
DA:36,0
DA:38,0
DA:39,0
DA:41,0
DA:42,0
DA:43,0
DA:45,0
DA:48,0
DA:52,0
DA:53,0
DA:59,0
DA:64,0
DA:65,0
DA:68,0
DA:69,0
DA:72,0
DA:76,0
DA:77,0
DA:78,0
DA:80,0
DA:84,2
DA:88,0
DA:92,0
DA:93,0
DA:94,0
DA:96,0
DA:97,0
DA:98,0
DA:99,0
DA:101,0
DA:105,0
DA:106,0
DA:107,0
DA:109,0
DA:110,0
DA:111,0
DA:112,0
DA:113,0
DA:114,0
DA:115,0
DA:116,0
DA:117,0
DA:118,0
DA:120,0
DA:123,0
DA:127,0
DA:128,0
DA:134,0
DA:138,0
DA:150,0
DA:154,0
DA:155,0
DA:158,0
DA:160,0
DA:161,0
DA:162,0
DA:165,0
DA:171,0
DA:172,0
DA:173,0
DA:175,0
DA:176,0
DA:182,2
DA:183,2
DA:185,2
DA:186,2
DA:187,0
DA:188,0
DA:189,0
DA:190,0
DA:191,0
DA:192,0
DA:194,0
DA:199,2
DA:203,0
DA:218,4
DA:222,0
DA:224,1
DA:225,0
DA:228,0
DA:229,0
DA:231,0
DA:233,0
DA:235,0
DA:237,0
DA:239,0
DA:241,0
DA:243,0
DA:252,2
DA:253,2
DA:260,0
DA:261,0
DA:265,0
DA:266,0
DA:270,0
DA:271,0
DA:279,0
DA:280,0
DA:281,0
DA:283,0
DA:285,0
DA:286,0
DA:289,0
DA:305,0
DA:306,0
DA:368,0
DA:369,0
DA:371,0
DA:372,0
DA:375,0
DA:376,0
DA:377,0
DA:379,0
DA:383,2
DA:384,2
DA:385,2
DA:386,2
DA:387,2
DA:391,2
DA:392,2
DA:393,2
DA:394,2
DA:398,0
DA:399,0
DA:400,0
DA:401,0
DA:405,0
DA:406,0
DA:407,0
DA:409,0
DA:413,2
DA:424,30
DA:425,218
DA:426,208
DA:427,208
DA:433,22
DA:434,40
DA:435,40
DA:436,40
DA:442,23
DA:443,167
DA:445,23
DA:449,0
DA:453,0
DA:454,0
DA:456,0
DA:457,0
DA:459,0
DA:463,0
DA:464,0
DA:465,0
DA:468,0
DA:473,0
DA:474,0
DA:478,0
DA:479,0
DA:480,0
DA:481,0
DA:485,0
DA:486,0
DA:487,0
DA:488,0
DA:489,0
DA:492,0
DA:494,0
DA:495,0
DA:497,0
DA:498,0
DA:499,0
DA:500,0
DA:501,0
DA:502,0
DA:503,0
DA:504,0
DA:507,0
DA:508,0
DA:509,0
DA:512,0
DA:513,0
DA:515,0
DA:517,0
DA:524,19
DA:525,19
DA:526,17
DA:527,17
DA:528,17
DA:532,2
DA:533,2
DA:534,2
DA:538,19
DA:539,3
DA:540,1
DA:541,0
DA:546,19
DA:547,19
DA:548,19
DA:549,19
DA:556,1
DA:557,1
DA:559,1
DA:560,14
DA:561,14
DA:562,13
DA:566,1
DA:573,2
DA:575,2
DA:576,10
DA:583,1
LF:222
LH:63
BRDA:34,1,0,0
BRDA:34,1,1,0
BRDA:34,2,0,0
BRDA:34,2,1,0
BRDA:34,2,2,0
BRDA:38,3,0,0
BRDA:38,3,1,0
BRDA:43,4,0,0
BRDA:43,4,1,0
BRDA:93,5,0,0
BRDA:93,5,1,0
BRDA:93,6,0,0
BRDA:93,6,1,0
BRDA:99,7,0,0
BRDA:99,7,1,0
BRDA:113,8,0,0
BRDA:113,8,1,0
BRDA:117,9,0,0
BRDA:117,9,1,0
BRDA:117,10,0,0
BRDA:117,10,1,0
BRDA:127,11,0,0
BRDA:127,11,1,0
BRDA:182,12,0,0
BRDA:182,12,1,2
BRDA:182,13,0,2
BRDA:182,13,1,2
BRDA:183,14,0,0
BRDA:183,14,1,2
BRDA:185,15,0,2
BRDA:185,15,1,0
BRDA:187,16,0,0
BRDA:187,16,1,0
BRDA:189,17,0,0
BRDA:189,17,1,0
BRDA:191,18,0,0
BRDA:191,18,1,0
BRDA:222,19,0,0
BRDA:222,19,1,0
BRDA:225,20,0,0
BRDA:225,20,1,0
BRDA:229,21,0,0
BRDA:229,21,1,0
BRDA:229,21,2,0
BRDA:229,21,3,0
BRDA:229,21,4,0
BRDA:229,21,5,0
BRDA:229,21,6,0
BRDA:252,22,0,0
BRDA:252,22,1,2
BRDA:260,23,0,0
BRDA:260,23,1,0
BRDA:265,24,0,0
BRDA:265,24,1,0
BRDA:270,25,0,0
BRDA:270,25,1,0
BRDA:279,26,0,0
BRDA:279,26,1,0
BRDA:280,27,0,0
BRDA:280,27,1,0
BRDA:285,28,0,0
BRDA:285,28,1,0
BRDA:305,29,0,0
BRDA:305,29,1,0
BRDA:371,30,0,0
BRDA:371,30,1,0
BRDA:383,31,0,0
BRDA:383,31,1,2
BRDA:384,32,0,0
BRDA:384,32,1,2
BRDA:385,33,0,0
BRDA:385,33,1,2
BRDA:386,34,0,2
BRDA:386,34,1,0
BRDA:391,35,0,0
BRDA:391,35,1,2
BRDA:392,36,0,0
BRDA:392,36,1,2
BRDA:393,37,0,0
BRDA:393,37,1,2
BRDA:398,38,0,0
BRDA:398,38,1,0
BRDA:399,39,0,0
BRDA:399,39,1,0
BRDA:400,40,0,0
BRDA:400,40,1,0
BRDA:425,41,0,208
BRDA:425,41,1,10
BRDA:427,42,0,0
BRDA:427,42,1,208
BRDA:434,43,0,40
BRDA:434,43,1,0
BRDA:436,44,0,0
BRDA:436,44,1,40
BRDA:453,45,0,0
BRDA:453,45,1,0
BRDA:453,46,0,0
BRDA:453,46,1,0
BRDA:464,47,0,0
BRDA:464,47,1,0
BRDA:473,48,0,0
BRDA:473,48,1,0
BRDA:478,49,0,0
BRDA:478,49,1,0
BRDA:481,50,0,0
BRDA:481,50,1,0
BRDA:486,51,0,0
BRDA:486,51,1,0
BRDA:486,52,0,0
BRDA:486,52,1,0
BRDA:487,53,0,0
BRDA:487,53,1,0
BRDA:487,54,0,0
BRDA:487,54,1,0
BRDA:487,54,2,0
BRDA:492,55,0,0
BRDA:492,55,1,0
BRDA:494,56,0,0
BRDA:494,56,1,0
BRDA:497,57,0,0
BRDA:497,57,1,0
BRDA:499,58,0,0
BRDA:499,58,1,0
BRDA:501,59,0,0
BRDA:501,59,1,0
BRDA:501,60,0,0
BRDA:501,60,1,0
BRDA:502,61,0,0
BRDA:502,61,1,0
BRDA:503,62,0,0
BRDA:503,62,1,0
BRDA:507,63,0,0
BRDA:507,63,1,0
BRDA:512,64,0,0
BRDA:512,64,1,0
BRDA:512,64,2,0
BRDA:515,65,0,0
BRDA:515,65,1,0
BRDA:525,66,0,17
BRDA:525,66,1,2
BRDA:538,67,0,3
BRDA:538,67,1,16
BRDA:540,68,0,0
BRDA:540,68,1,1
BRDA:561,69,0,13
BRDA:561,69,1,1
BRDA:573,70,0,0
BRDA:573,70,1,2
BRF:148
BRH:26
end_of_record
TN:
SF:/Users/wupeilin/Documents/code/nodejs/aliyun-tablestore-nodejs-sdk/lib/metadata.js
FNF:0
FNH:0
DA:1,1
DA:2,1
DA:4,1
DA:10,1
DA:15,1
DA:21,1
DA:26,1
DA:28,1
DA:30,1
LF:9
LH:9
BRF:0
BRH:0
end_of_record
TN:
SF:/Users/wupeilin/Documents/code/nodejs/aliyun-tablestore-nodejs-sdk/lib/long.js
FN:5,(anonymous_1)
FN:9,(anonymous_2)
FN:13,(anonymous_3)
FN:16,(anonymous_4)
FNF:4
FNH:1
FNDA:2,(anonymous_1)
FNDA:0,(anonymous_2)
FNDA:0,(anonymous_3)
FNDA:0,(anonymous_4)
DA:1,1
DA:2,1
DA:4,1
DA:6,2
DA:7,2
DA:10,0
DA:11,0
DA:14,0
DA:17,0
LF:9
LH:5
BRF:0
BRH:0
end_of_record
TN:
SF:/Users/wupeilin/Documents/code/nodejs/aliyun-tablestore-nodejs-sdk/lib/protocol/plain_buffer_consts.js
FNF:0
FNH:0
DA:1,1
DA:3,1
LF:2
LH:2
BRF:0
BRH:0
end_of_record
TN:
SF:/Users/wupeilin/Documents/code/nodejs/aliyun-tablestore-nodejs-sdk/lib/protocol/plain_buffer_crc8.js
FN:40,(anonymous_1)
FN:43,(anonymous_2)
FN:51,(anonymous_3)
FN:55,(anonymous_4)
FN:59,(anonymous_5)
FN:66,(anonymous_6)
FNF:6
FNH:0
FNDA:0,(anonymous_1)
FNDA:0,(anonymous_2)
FNDA:0,(anonymous_3)
FNDA:0,(anonymous_4)
FNDA:0,(anonymous_5)
FNDA:0,(anonymous_6)
DA:1,1
DA:3,1
DA:38,1
DA:41,0
DA:44,0
DA:45,0
DA:46,0
DA:48,0
DA:52,0
DA:56,0
DA:60,0
DA:61,0
DA:63,0
DA:67,0
DA:68,0
DA:69,0
DA:70,0
DA:71,0
DA:72,0
DA:73,0
DA:74,0
DA:76,0
LF:22
LH:3
BRF:0
BRH:0
end_of_record
TN:
SF:/Users/wupeilin/Documents/code/nodejs/aliyun-tablestore-nodejs-sdk/lib/protocol/plain_buffer_stream.js
FN:7,(anonymous_1)
FN:14,(anonymous_2)
FN:18,(anonymous_3)
FN:28,(anonymous_4)
FN:32,(anonymous_5)
FN:36,(anonymous_6)
FN:45,(anonymous_7)
FN:59,(anonymous_8)
FN:67,(anonymous_9)
FN:71,(anonymous_10)
FN:79,(anonymous_11)
FN:83,(anonymous_12)
FN:90,(anonymous_13)
FN:102,(anonymous_14)
FN:114,(anonymous_15)
FN:121,(anonymous_16)
FN:125,(anonymous_17)
FN:129,(anonymous_18)
FN:133,(anonymous_19)
FN:137,(anonymous_20)
FN:142,(anonymous_21)
FN:149,(anonymous_22)
FN:156,(anonymous_23)
FN:163,(anonymous_24)
FN:168,(anonymous_25)
FN:173,(anonymous_26)
FN:181,(anonymous_27)
FNF:27
FNH:0
FNDA:0,(anonymous_1)
FNDA:0,(anonymous_2)
FNDA:0,(anonymous_3)
FNDA:0,(anonymous_4)
FNDA:0,(anonymous_5)
FNDA:0,(anonymous_6)
FNDA:0,(anonymous_7)
FNDA:0,(anonymous_8)
FNDA:0,(anonymous_9)
FNDA:0,(anonymous_10)
FNDA:0,(anonymous_11)
FNDA:0,(anonymous_12)
FNDA:0,(anonymous_13)
FNDA:0,(anonymous_14)
FNDA:0,(anonymous_15)
FNDA:0,(anonymous_16)
FNDA:0,(anonymous_17)
FNDA:0,(anonymous_18)
FNDA:0,(anonymous_19)
FNDA:0,(anonymous_20)
FNDA:0,(anonymous_21)
FNDA:0,(anonymous_22)
FNDA:0,(anonymous_23)
FNDA:0,(anonymous_24)
FNDA:0,(anonymous_25)
FNDA:0,(anonymous_26)
FNDA:0,(anonymous_27)
DA:1,1
DA:2,1
DA:3,1
DA:6,1
DA:8,0
DA:9,0
DA:10,0
DA:11,0
DA:15,0
DA:19,0
DA:20,0
DA:21,0
DA:24,0
DA:25,0
DA:29,0
DA:33,0
DA:37,0
DA:38,0
DA:40,0
DA:41,0
DA:42,0
DA:46,0
DA:47,0
DA:48,0
DA:49,0
DA:50,0
DA:51,0
DA:52,0
DA:53,0
DA:55,0
DA:56,0
DA:60,0
DA:61,0
DA:62,0
DA:63,0
DA:64,0
DA:68,0
DA:72,0
DA:73,0
DA:74,0
DA:76,0
DA:80,0
DA:84,0
DA:86,0
DA:87,0
DA:91,0
DA:92,0
DA:95,0
DA:96,0
DA:97,0
DA:98,0
DA:99,0
DA:103,0
DA:104,0
DA:106,0
DA:107,0
DA:108,0
DA:113,1
DA:115,0
DA:116,0
DA:117,0
DA:118,0
DA:122,0
DA:126,0
DA:130,0
DA:134,0
DA:138,0
DA:139,0
DA:143,0
DA:144,0
DA:146,0
DA:150,0
DA:151,0
DA:152,0
DA:153,0
DA:157,0
DA:158,0
DA:159,0
DA:164,0
DA:165,0
DA:169,0
DA:170,0
DA:174,0
DA:175,0
DA:177,0
DA:182,0
DA:183,0
DA:184,0
DA:185,0
DA:186,0
DA:189,0
DA:190,0
DA:193,0
DA:194,0
DA:195,0
DA:196,0
DA:198,0
DA:201,0
LF:98
LH:5
BRDA:19,1,0,0
BRDA:19,1,1,0
BRDA:37,2,0,0
BRDA:37,2,1,0
BRDA:91,3,0,0
BRDA:91,3,1,0
BRDA:103,4,0,0
BRDA:103,4,1,0
BRDA:143,5,0,0
BRDA:143,5,1,0
BRDA:158,6,0,0
BRDA:158,6,1,0
BRDA:174,7,0,0
BRDA:174,7,1,0
BRDA:183,8,0,0
BRDA:183,8,1,0
BRDA:185,9,0,0
BRDA:185,9,1,0
BRDA:189,10,0,0
BRDA:189,10,1,0
BRDA:193,11,0,0
BRDA:193,11,1,0
BRDA:195,12,0,0
BRDA:195,12,1,0
BRF:24
BRH:0
end_of_record
TN:
SF:/Users/wupeilin/Documents/code/nodejs/aliyun-tablestore-nodejs-sdk/lib/protocol/plain_buffer_coded_stream.js
FN:6,(anonymous_1)
FN:10,(anonymous_2)
FN:14,(anonymous_3)
FN:18,(anonymous_4)
FN:22,(anonymous_5)
FN:26,(anonymous_6)
FN:62,(anonymous_7)
FN:113,(anonymous_8)
FN:154,(anonymous_9)
FN:207,(anonymous_10)
FN:254,(anonymous_11)
FN:262,(anonymous_12)
FN:280,(anonymous_13)
FN:283,(anonymous_14)
FN:286,(anonymous_15)
FN:289,(anonymous_16)
FN:297,(anonymous_17)
FN:348,(anonymous_18)
FN:398,(anonymous_19)
FN:422,(anonymous_20)
FN:433,(anonymous_21)
FN:451,(anonymous_22)
FN:497,(anonymous_23)
FN:508,(anonymous_24)
FN:521,(anonymous_25)
FN:557,(anonymous_26)
FN:561,(anonymous_27)
FNF:27
FNH:0
FNDA:0,(anonymous_1)
FNDA:0,(anonymous_2)
FNDA:0,(anonymous_3)
FNDA:0,(anonymous_4)
FNDA:0,(anonymous_5)
FNDA:0,(anonymous_6)
FNDA:0,(anonymous_7)
FNDA:0,(anonymous_8)
FNDA:0,(anonymous_9)
FNDA:0,(anonymous_10)
FNDA:0,(anonymous_11)
FNDA:0,(anonymous_12)
FNDA:0,(anonymous_13)
FNDA:0,(anonymous_14)
FNDA:0,(anonymous_15)
FNDA:0,(anonymous_16)
FNDA:0,(anonymous_17)
FNDA:0,(anonymous_18)
FNDA:0,(anonymous_19)
FNDA:0,(anonymous_20)
FNDA:0,(anonymous_21)
FNDA:0,(anonymous_22)
FNDA:0,(anonymous_23)
FNDA:0,(anonymous_24)
FNDA:0,(anonymous_25)
FNDA:0,(anonymous_26)
FNDA:0,(anonymous_27)
DA:1,1
DA:2,1
DA:3,1
DA:5,1
DA:7,0
DA:11,0
DA:15,0
DA:19,0
DA:23,0
DA:27,0
DA:28,0
DA:30,0
DA:31,0
DA:33,0
DA:34,0
DA:35,0
DA:36,0
DA:37,0
DA:38,0
DA:39,0
DA:40,0
DA:41,0
DA:42,0
DA:43,0
DA:44,0
DA:45,0
DA:46,0
DA:47,0
DA:48,0
DA:49,0
DA:50,0
DA:51,0
DA:52,0
DA:53,0
DA:54,0
DA:55,0
DA:57,0
DA:59,0
DA:63,0
DA:64,0
DA:66,0
DA:67,0
DA:68,0
DA:69,0
DA:70,0
DA:71,0
DA:72,0
DA:73,0
DA:74,0
DA:75,0
DA:76,0
DA:77,0
DA:78,0
DA:79,0
DA:80,0
DA:81,0
DA:82,0
DA:83,0
DA:84,0
DA:85,0
DA:86,0
DA:87,0
DA:88,0
DA:89,0
DA:90,0
DA:91,0
DA:92,0
DA:93,0
DA:94,0
DA:95,0
DA:96,0
DA:97,0
DA:98,0
DA:99,0
DA:100,0
DA:101,0
DA:102,0
DA:103,0
DA:104,0
DA:106,0
DA:108,0
DA:110,0
DA:114,0
DA:115,0
DA:117,0
DA:119,0
DA:120,0
DA:123,0
DA:124,0
DA:125,0
DA:126,0
DA:127,0
DA:129,0
DA:130,0
DA:132,0
DA:133,0
DA:134,0
DA:135,0
DA:137,0
DA:138,0
DA:139,0
DA:140,0
DA:142,0
DA:144,0
DA:146,0
DA:147,0
DA:155,0
DA:156,0
DA:158,0
DA:160,0
DA:161,0
DA:163,0
DA:164,0
DA:165,0
DA:166,0
DA:167,0
DA:168,0
DA:169,0
DA:170,0
DA:172,0
DA:173,0
DA:174,0
DA:175,0
DA:178,0
DA:179,0
DA:180,0
DA:183,0
DA:184,0
DA:185,0
DA:186,0
DA:187,0
DA:189,0
DA:190,0
DA:191,0
DA:192,0
DA:194,0
DA:196,0
DA:198,0
DA:199,0
DA:208,0
DA:209,0
DA:210,0
DA:212,0
DA:213,0
DA:215,0
DA:217,0
DA:218,0
DA:219,0
DA:220,0
DA:222,0
DA:223,0
DA:224,0
DA:225,0
DA:226,0
DA:231,0
DA:234,0
DA:235,0
DA:236,0
DA:238,0
DA:241,0
DA:242,0
DA:243,0
DA:244,0
DA:246,0
DA:248,0
DA:251,0
DA:255,0
DA:256,0
DA:258,0
DA:259,0
DA:263,0
DA:264,0
DA:266,0
DA:268,0
DA:269,0
DA:270,0
DA:271,0
DA:273,0
DA:279,1
DA:281,0
DA:284,0
DA:287,0
DA:290,0
DA:291,0
DA:292,0
DA:293,0
DA:294,0
DA:298,0
DA:299,0
DA:300,0
DA:301,0
DA:302,0
DA:303,0
DA:304,0
DA:305,0
DA:306,0
DA:307,0
DA:308,0
DA:309,0
DA:310,0
DA:311,0
DA:312,0
DA:313,0
DA:314,0
DA:315,0
DA:316,0
DA:317,0
DA:318,0
DA:319,0
DA:320,0
DA:321,0
DA:322,0
DA:323,0
DA:325,0
DA:326,0
DA:327,0
DA:328,0
DA:329,0
DA:330,0
DA:331,0
DA:333,0
DA:334,0
DA:335,0
DA:336,0
DA:338,0
DA:339,0
DA:340,0
DA:342,0
DA:344,0
DA:349,0
DA:350,0
DA:351,0
DA:352,0
DA:353,0
DA:354,0
DA:355,0
DA:356,0
DA:357,0
DA:358,0
DA:359,0
DA:360,0
DA:361,0
DA:362,0
DA:363,0
DA:364,0
DA:365,0
DA:366,0
DA:367,0
DA:368,0
DA:369,0
DA:370,0
DA:371,0
DA:372,0
DA:373,0
DA:374,0
DA:375,0
DA:376,0
DA:377,0
DA:378,0
DA:379,0
DA:380,0
DA:381,0
DA:383,0
DA:385,0
DA:386,0
DA:387,0
DA:388,0
DA:389,0
DA:390,0
DA:391,0
DA:393,0
DA:395,0
DA:399,0
DA:400,0
DA:401,0
DA:402,0
DA:403,0
DA:404,0
DA:405,0
DA:406,0
DA:407,0
DA:408,0
DA:409,0
DA:410,0
DA:411,0
DA:412,0
DA:413,0
DA:414,0
DA:415,0
DA:417,0
DA:423,0
DA:424,0
DA:425,0
DA:426,0
DA:427,0
DA:428,0
DA:429,0
DA:430,0
DA:434,0
DA:435,0
DA:436,0
DA:437,0
DA:439,0
DA:440,0
DA:441,0
DA:442,0
DA:443,0
DA:445,0
DA:446,0
DA:447,0
DA:448,0
DA:452,0
DA:453,0
DA:454,0
DA:455,0
DA:456,0
DA:457,0
DA:458,0
DA:459,0
DA:461,0
DA:462,0
DA:465,0
DA:468,0
DA:469,0
DA:470,0
DA:471,0
DA:472,0
DA:473,0
DA:475,0
DA:476,0
DA:478,0
DA:479,0
DA:481,0
DA:482,0
DA:483,0
DA:485,0
DA:486,0
DA:488,0
DA:489,0
DA:491,0
DA:492,0
DA:493,0
DA:494,0
DA:498,0
DA:499,0
DA:500,0
DA:501,0
DA:505,0
DA:509,0
DA:510,0
DA:511,0
DA:512,0
DA:513,0
DA:514,0
DA:518,0
DA:522,0
DA:523,0
DA:526,0
DA:527,0
DA:528,0
DA:529,0
DA:530,0
DA:531,0
DA:532,0
DA:533,0
DA:534,0
DA:535,0
DA:537,0
DA:539,0
DA:540,0
DA:541,0
DA:542,0
DA:545,0
DA:546,0
DA:547,0
DA:554,0
DA:558,0
DA:559,0
DA:562,0
DA:563,0
LF:380
LH:5
BRDA:27,1,0,0
BRDA:27,1,1,0
BRDA:34,2,0,0
BRDA:34,2,1,0
BRDA:40,3,0,0
BRDA:40,3,1,0
BRDA:48,4,0,0
BRDA:48,4,1,0
BRDA:63,5,0,0
BRDA:63,5,1,0
BRDA:69,6,0,0
BRDA:69,6,1,0
BRDA:75,7,0,0
BRDA:75,7,1,0
BRDA:83,8,0,0
BRDA:83,8,1,0
BRDA:91,9,0,0
BRDA:91,9,1,0
BRDA:98,10,0,0
BRDA:98,10,1,0
BRDA:114,11,0,0
BRDA:114,11,1,0
BRDA:119,12,0,0
BRDA:119,12,1,0
BRDA:129,13,0,0
BRDA:129,13,1,0
BRDA:137,14,0,0
BRDA:137,14,1,0
BRDA:139,15,0,0
BRDA:139,15,1,0
BRDA:155,16,0,0
BRDA:155,16,1,0
BRDA:160,17,0,0
BRDA:160,17,1,0
BRDA:172,18,0,0
BRDA:172,18,1,0
BRDA:178,19,0,0
BRDA:178,19,1,0
BRDA:183,20,0,0
BRDA:183,20,1,0
BRDA:189,21,0,0
BRDA:189,21,1,0
BRDA:191,22,0,0
BRDA:191,22,1,0
BRDA:212,23,0,0
BRDA:212,23,1,0
BRDA:222,24,0,0
BRDA:222,24,1,0
BRDA:234,25,0,0
BRDA:234,25,1,0
BRDA:241,26,0,0
BRDA:241,26,1,0
BRDA:243,27,0,0
BRDA:243,27,1,0
BRDA:255,28,0,0
BRDA:255,28,1,0
BRDA:263,29,0,0
BRDA:263,29,1,0
BRDA:299,30,0,0
BRDA:299,30,1,0
BRDA:303,31,0,0
BRDA:303,31,1,0
BRDA:307,32,0,0
BRDA:307,32,1,0
BRDA:311,33,0,0
BRDA:311,33,1,0
BRDA:317,34,0,0
BRDA:317,34,1,0
BRDA:329,35,0,0
BRDA:329,35,1,0
BRDA:350,36,0,0
BRDA:350,36,1,0
BRDA:356,37,0,0
BRDA:356,37,1,0
BRDA:366,38,0,0
BRDA:366,38,1,0
BRDA:375,39,0,0
BRDA:375,39,1,0
BRDA:380,40,0,0
BRDA:380,40,1,0
BRDA:385,41,0,0
BRDA:385,41,1,0
BRDA:399,42,0,0
BRDA:399,42,1,0
BRDA:402,43,0,0
BRDA:402,43,1,0
BRDA:406,44,0,0
BRDA:406,44,1,0
BRDA:410,45,0,0
BRDA:410,45,1,0
BRDA:413,46,0,0
BRDA:413,46,1,0
BRDA:439,47,0,0
BRDA:439,47,1,0
BRDA:439,48,0,0
BRDA:439,48,1,0
BRDA:456,49,0,0
BRDA:456,49,1,0
BRDA:457,50,0,0
BRDA:457,50,1,0
BRDA:458,51,0,0
BRDA:458,51,1,0
BRDA:461,52,0,0
BRDA:461,52,1,0
BRDA:468,53,0,0
BRDA:468,53,1,0
BRDA:471,54,0,0
BRDA:471,54,1,0
BRDA:475,55,0,0
BRDA:475,55,1,0
BRDA:481,56,0,0
BRDA:481,56,1,0
BRDA:485,57,0,0
BRDA:485,57,1,0
BRDA:488,58,0,0
BRDA:488,58,1,0
BRDA:509,59,0,0
BRDA:509,59,1,0
BRDA:509,60,0,0
BRDA:509,60,1,0
BRDA:522,61,0,0
BRDA:522,61,1,0
BRDA:531,62,0,0
BRDA:531,62,1,0
BRDA:533,63,0,0
BRDA:533,63,1,0
BRDA:537,64,0,0
BRDA:537,64,1,0
BRDA:539,65,0,0
BRDA:539,65,1,0
BRF:130
BRH:0
end_of_record
TN:
SF:/Users/wupeilin/Documents/code/nodejs/aliyun-tablestore-nodejs-sdk/lib/protocol/plian_buffer_builder.js
FN:5,(anonymous_1)
FN:27,(anonymous_2)
FN:31,(anonymous_3)
FN:40,(anonymous_4)
FN:62,(anonymous_5)
FN:66,(anonymous_6)
FN:80,(anonymous_7)
FN:88,(anonymous_8)
FN:98,(anonymous_9)
FN:120,(anonymous_10)
FN:153,(anonymous_11)
FN:160,(anonymous_12)
FN:169,(anonymous_13)
FN:178,(anonymous_14)
FN:195,(anonymous_15)
FN:209,(anonymous_16)
FN:223,(anonymous_17)
FNF:17
FNH:0
FNDA:0,(anonymous_1)
FNDA:0,(anonymous_2)
FNDA:0,(anonymous_3)
FNDA:0,(anonymous_4)
FNDA:0,(anonymous_5)
FNDA:0,(anonymous_6)
FNDA:0,(anonymous_7)
FNDA:0,(anonymous_8)
FNDA:0,(anonymous_9)
FNDA:0,(anonymous_10)
FNDA:0,(anonymous_11)
FNDA:0,(anonymous_12)
FNDA:0,(anonymous_13)
FNDA:0,(anonymous_14)
FNDA:0,(anonymous_15)
FNDA:0,(anonymous_16)
FNDA:0,(anonymous_17)
DA:1,1
DA:2,1
DA:4,1
DA:6,0
DA:7,0
DA:9,0
DA:10,0
DA:11,0
DA:13,0
DA:14,0
DA:15,0
DA:16,0
DA:17,0
DA:18,0
DA:19,0
DA:20,0
DA:22,0
DA:24,0
DA:28,0
DA:32,0
DA:33,0
DA:34,0
DA:35,0
DA:36,0
DA:37,0
DA:41,0
DA:42,0
DA:44,0
DA:45,0
DA:46,0
DA:47,0
DA:48,0
DA:49,0
DA:50,0
DA:51,0
DA:52,0
DA:53,0
DA:54,0
DA:55,0
DA:57,0
DA:59,0
DA:63,0
DA:67,0
DA:68,0
DA:69,0
DA:70,0
DA:71,0
DA:73,0
DA:74,0
DA:76,0
DA:77,0
DA:81,0
DA:82,0
DA:83,0
DA:85,0
DA:89,0
DA:90,0
DA:91,0
DA:92,0
DA:95,0
DA:99,0
DA:100,0
DA:101,0
DA:102,0
DA:103,0
DA:104,0
DA:105,0
DA:106,0
DA:109,0
DA:110,0
DA:111,0
DA:116,0
DA:117,0
DA:121,0
DA:122,0
DA:124,0
DA:125,0
DA:127,0
DA:128,0
DA:129,0
DA:130,0
DA:131,0
DA:133,0
DA:134,0
DA:135,0
DA:136,0
DA:138,0
DA:139,0
DA:142,0
DA:145,0
DA:149,0
DA:150,0
DA:154,0
DA:155,0
DA:156,0
DA:157,0
DA:161,0
DA:162,0
DA:163,0
DA:165,0
DA:166,0
DA:170,0
DA:171,0
DA:172,0
DA:174,0
DA:175,0
DA:179,0
DA:180,0
DA:181,0
DA:183,0
DA:184,0
DA:186,0
DA:187,0
DA:189,0
DA:190,0
DA:191,0
DA:192,0
DA:196,0
DA:197,0
DA:198,0
DA:200,0
DA:201,0
DA:202,0
DA:203,0
DA:204,0
DA:205,0
DA:206,0
DA:210,0
DA:211,0
DA:212,0
DA:214,0
DA:215,0
DA:216,0
DA:217,0
DA:218,0
DA:219,0
DA:220,0
DA:224,0
DA:225,0
DA:226,0
DA:228,0
DA:229,0
DA:230,0
DA:231,0
DA:232,0
DA:233,0
LF:146
LH:3
BRDA:9,1,0,0
BRDA:9,1,1,0
BRDA:9,2,0,0
BRDA:9,2,1,0
BRDA:9,2,2,0
BRDA:13,3,0,0
BRDA:13,3,1,0
BRDA:15,4,0,0
BRDA:15,4,1,0
BRDA:18,5,0,0
BRDA:18,5,1,0
BRDA:44,6,0,0
BRDA:44,6,1,0
BRDA:46,7,0,0
BRDA:46,7,1,0
BRDA:49,8,0,0
BRDA:49,8,1,0
BRDA:52,9,0,0
BRDA:52,9,1,0
BRDA:54,10,0,0
BRDA:54,10,1,0
BRDA:70,11,0,0
BRDA:70,11,1,0
BRDA:73,12,0,0
BRDA:73,12,1,0
BRDA:82,13,0,0
BRDA:82,13,1,0
BRDA:82,14,0,0
BRDA:82,14,1,0
BRDA:101,15,0,0
BRDA:101,15,1,0
BRDA:101,16,0,0
BRDA:101,16,1,0
BRDA:104,17,0,0
BRDA:104,17,1,0
BRDA:124,18,0,0
BRDA:124,18,1,0
BRDA:130,19,0,0
BRDA:130,19,1,0
BRDA:134,20,0,0
BRDA:134,20,1,0
BRDA:136,21,0,0
BRDA:136,21,1,0
BRDA:136,22,0,0
BRDA:136,22,1,0
BRF:45
BRH:0
end_of_record
TN:
SF:/Users/wupeilin/Documents/code/nodejs/aliyun-tablestore-nodejs-sdk/lib/filter.js
FN:34,(anonymous_1)
FN:38,(anonymous_2)
FN:41,(anonymous_3)
FN:55,(anonymous_4)
FN:58,(anonymous_5)
FN:65,(anonymous_6)
FN:71,(anonymous_7)
FN:91,(anonymous_8)
FN:94,(anonymous_9)
FN:109,(anonymous_10)
FN:112,(anonymous_11)
FN:119,(anonymous_12)
FN:122,(anonymous_13)
FN:125,(anonymous_14)
FN:128,(anonymous_15)
FN:131,(anonymous_16)
FN:134,(anonymous_17)
FN:148,(anonymous_18)
FN:154,(anonymous_19)
FN:166,(anonymous_20)
FN:180,(anonymous_21)
FN:184,(anonymous_22)
FN:190,(anonymous_23)
FNF:23
FNH:0
FNDA:0,(anonymous_1)
FNDA:0,(anonymous_2)
FNDA:0,(anonymous_3)
FNDA:0,(anonymous_4)
FNDA:0,(anonymous_5)
FNDA:0,(anonymous_6)
FNDA:0,(anonymous_7)
FNDA:0,(anonymous_8)
FNDA:0,(anonymous_9)
FNDA:0,(anonymous_10)
FNDA:0,(anonymous_11)
FNDA:0,(anonymous_12)
FNDA:0,(anonymous_13)
FNDA:0,(anonymous_14)
FNDA:0,(anonymous_15)
FNDA:0,(anonymous_16)
FNDA:0,(anonymous_17)
FNDA:0,(anonymous_18)
FNDA:0,(anonymous_19)
FNDA:0,(anonymous_20)
FNDA:0,(anonymous_21)
FNDA:0,(anonymous_22)
FNDA:0,(anonymous_23)
DA:1,1
DA:2,1
DA:3,1
DA:5,1
DA:11,1
DA:16,1
DA:25,1
DA:31,1
DA:33,1
DA:35,0
DA:36,0
DA:39,0
DA:42,0
DA:43,0
DA:44,0
DA:45,0
DA:46,0
DA:50,0
DA:51,0
DA:53,0
DA:56,0
DA:59,0
DA:60,0
DA:63,0
DA:66,0
DA:70,1
DA:72,0
DA:73,0
DA:76,0
DA:77,0
DA:80,0
DA:81,0
DA:83,0
DA:84,0
DA:85,0
DA:87,0
DA:88,0
DA:89,0
DA:92,0
DA:104,0
DA:105,0
DA:107,0
DA:110,0
DA:113,0
DA:114,0
DA:117,0
DA:120,0
DA:123,0
DA:126,0
DA:129,0
DA:132,0
DA:135,0
DA:136,0
DA:137,0
DA:138,0
DA:139,0
DA:143,0
DA:144,0
DA:146,0
DA:149,0
DA:153,1
DA:155,0
DA:156,0
DA:157,0
DA:158,0
DA:161,0
DA:162,0
DA:163,0
DA:167,0
DA:168,0
DA:169,0
DA:170,0
DA:171,0
DA:174,0
DA:175,0
DA:178,0
DA:181,0
DA:185,0
DA:186,0
DA:188,0
DA:191,0
LF:81
LH:11
BRDA:44,1,0,0
BRDA:44,1,1,0
BRDA:50,2,0,0
BRDA:50,2,1,0
BRDA:59,3,0,0
BRDA:59,3,1,0
BRDA:72,4,0,0
BRDA:72,4,1,0
BRDA:76,5,0,0
BRDA:76,5,1,0
BRDA:104,6,0,0
BRDA:104,6,1,0
BRDA:113,7,0,0
BRDA:113,7,1,0
BRDA:137,8,0,0
BRDA:137,8,1,0
BRDA:143,9,0,0
BRDA:143,9,1,0
BRDA:157,10,0,0
BRDA:157,10,1,0
BRDA:162,11,0,0
BRDA:162,11,1,0
BRDA:169,12,0,0
BRDA:169,12,1,0
BRDA:174,13,0,0
BRDA:174,13,1,0
BRDA:185,14,0,0
BRDA:185,14,1,0
BRF:28
BRH:0
end_of_record
TN:
SF:/Users/wupeilin/Documents/code/nodejs/aliyun-tablestore-nodejs-sdk/lib/protocol/tablestore_filter_proto.js
FNF:0
FNH:0
DA:1,1
LF:1
LH:1
BRF:0
BRH:0
end_of_record
TN:
SF:/Users/wupeilin/Documents/code/nodejs/aliyun-tablestore-nodejs-sdk/lib/protocol/encoder.js
FN:11,(anonymous_1)
FN:14,(anonymous_2)
FN:35,(anonymous_3)
FN:39,(anonymous_4)
FN:44,(anonymous_5)
FN:58,(anonymous_6)
FN:64,(anonymous_7)
FN:103,(anonymous_8)
FN:120,(anonymous_9)
FN:138,(anonymous_10)
FN:156,(anonymous_11)
FN:200,(anonymous_12)
FN:251,(anonymous_13)
FN:299,(anonymous_14)
FN:323,(anonymous_15)
FN:338,(anonymous_16)
FN:353,(anonymous_17)
FNF:17
FNH:3
FNDA:2,(anonymous_1)
FNDA:1,(anonymous_2)
FNDA:1,(anonymous_3)
FNDA:0,(anonymous_4)
FNDA:0,(anonymous_5)
FNDA:0,(anonymous_6)
FNDA:0,(anonymous_7)
FNDA:0,(anonymous_8)
FNDA:0,(anonymous_9)
FNDA:0,(anonymous_10)
FNDA:0,(anonymous_11)
FNDA:0,(anonymous_12)
FNDA:0,(anonymous_13)
FNDA:0,(anonymous_14)
FNDA:0,(anonymous_15)
FNDA:0,(anonymous_16)
FNDA:0,(anonymous_17)
DA:1,1
DA:2,1
DA:3,1
DA:5,1
DA:10,1
DA:12,2
DA:15,1
DA:16,1
DA:19,1
DA:23,1
DA:24,0
DA:28,0
DA:29,0
DA:33,1
DA:36,1
DA:37,1
DA:40,0
DA:41,0
DA:42,0
DA:45,0
DA:46,0
DA:47,0
DA:50,0
DA:56,0
DA:59,0
DA:60,0
DA:61,0
DA:65,0
DA:72,0
DA:73,0
DA:76,0
DA:77,0
DA:78,0
DA:79,0
DA:82,0
DA:83,0
DA:90,0
DA:91,0
DA:93,0
DA:94,0
DA:97,0
DA:98,0
DA:101,0
DA:104,0
DA:105,0
DA:106,0
DA:108,0
DA:109,0
DA:111,0
DA:112,0
DA:113,0
DA:114,0
DA:118,0
DA:121,0
DA:122,0
DA:123,0
DA:125,0
DA:126,0
DA:128,0
DA:129,0
DA:131,0
DA:132,0
DA:136,0
DA:139,0
DA:140,0
DA:141,0
DA:143,0
DA:144,0
DA:146,0
DA:147,0
DA:149,0
DA:150,0
DA:154,0
DA:157,0
DA:165,0
DA:166,0
DA:169,0
DA:170,0
DA:171,0
DA:172,0
DA:175,0
DA:176,0
DA:179,0
DA:180,0
DA:187,0
DA:188,0
DA:190,0
DA:191,0
DA:194,0
DA:195,0
DA:198,0
DA:201,0
DA:202,0
DA:205,0
DA:206,0
DA:207,0
DA:213,0
DA:214,0
DA:217,0
DA:218,0
DA:219,0
DA:220,0
DA:223,0
DA:224,0
DA:227,0
DA:228,0
DA:235,0
DA:236,0
DA:238,0
DA:239,0
DA:242,0
DA:243,0
DA:246,0
DA:249,0
DA:252,0
DA:253,0
DA:255,0
DA:256,0
DA:257,0
DA:262,0
DA:263,0
DA:264,0
DA:265,0
DA:267,0
DA:269,0
DA:271,0
DA:273,0
DA:275,0
DA:277,0
DA:279,0
DA:282,0
DA:283,0
DA:284,0
DA:287,0
DA:289,0
DA:292,0
DA:295,0
DA:297,0
DA:300,0
DA:301,0
DA:304,0
DA:305,0
DA:308,0
DA:309,0
DA:310,0
DA:314,0
DA:315,0
DA:316,0
DA:317,0
DA:319,0
DA:324,0
DA:325,0
DA:326,0
DA:327,0
DA:330,0
DA:331,0
DA:332,0
DA:333,0
DA:335,0
DA:339,0
DA:341,0
DA:342,0
DA:343,0
DA:346,0
DA:347,0
DA:348,0
DA:349,0
DA:350,0
DA:354,0
DA:355,0
DA:358,0
DA:359,0
DA:360,0
DA:363,0
DA:364,0
DA:365,0
DA:366,0
DA:371,1
LF:178
LH:14
BRDA:23,1,0,0
BRDA:23,1,1,1
BRDA:28,2,0,0
BRDA:28,2,1,0
BRDA:72,3,0,0
BRDA:72,3,1,0
BRDA:76,4,0,0
BRDA:76,4,1,0
BRDA:82,5,0,0
BRDA:82,5,1,0
BRDA:90,6,0,0
BRDA:90,6,1,0
BRDA:93,7,0,0
BRDA:93,7,1,0
BRDA:97,8,0,0
BRDA:97,8,1,0
BRDA:108,9,0,0
BRDA:108,9,1,0
BRDA:108,10,0,0
BRDA:108,10,1,0
BRDA:113,11,0,0
BRDA:113,11,1,0
BRDA:113,12,0,0
BRDA:113,12,1,0
BRDA:125,13,0,0
BRDA:125,13,1,0
BRDA:125,14,0,0
BRDA:125,14,1,0
BRDA:131,15,0,0
BRDA:131,15,1,0
BRDA:131,16,0,0
BRDA:131,16,1,0
BRDA:143,17,0,0
BRDA:143,17,1,0
BRDA:143,18,0,0
BRDA:143,18,1,0
BRDA:149,19,0,0
BRDA:149,19,1,0
BRDA:149,20,0,0
BRDA:149,20,1,0
BRDA:165,21,0,0
BRDA:165,21,1,0
BRDA:169,22,0,0
BRDA:169,22,1,0
BRDA:175,23,0,0
BRDA:175,23,1,0
BRDA:179,24,0,0
BRDA:179,24,1,0
BRDA:187,25,0,0
BRDA:187,25,1,0
BRDA:190,26,0,0
BRDA:190,26,1,0
BRDA:194,27,0,0
BRDA:194,27,1,0
BRDA:201,28,0,0
BRDA:201,28,1,0
BRDA:201,29,0,0
BRDA:201,29,1,0
BRDA:217,30,0,0
BRDA:217,30,1,0
BRDA:223,31,0,0
BRDA:223,31,1,0
BRDA:227,32,0,0
BRDA:227,32,1,0
BRDA:235,33,0,0
BRDA:235,33,1,0
BRDA:238,34,0,0
BRDA:238,34,1,0
BRDA:242,35,0,0
BRDA:242,35,1,0
BRDA:252,36,0,0
BRDA:252,36,1,0
BRDA:252,37,0,0
BRDA:252,37,1,0
BRDA:252,37,2,0
BRDA:265,38,0,0
BRDA:265,38,1,0
BRDA:265,38,2,0
BRDA:265,38,3,0
BRDA:282,39,0,0
BRDA:282,39,1,0
BRDA:287,40,0,0
BRDA:287,40,1,0
BRDA:287,41,0,0
BRDA:287,41,1,0
BRDA:300,42,0,0
BRDA:300,42,1,0
BRDA:304,43,0,0
BRDA:304,43,1,0
BRDA:309,44,0,0
BRDA:309,44,1,0
BRDA:314,45,0,0
BRDA:314,45,1,0
BRDA:316,46,0,0
BRDA:316,46,1,0
BRDA:326,47,0,0
BRDA:326,47,1,0
BRDA:326,48,0,0
BRDA:326,48,1,0
BRDA:342,49,0,0
BRDA:342,49,1,0
BRDA:354,50,0,0
BRDA:354,50,1,0
BRDA:359,51,0,0
BRDA:359,51,1,0
BRDA:359,52,0,0
BRDA:359,52,1,0
BRDA:363,53,0,0
BRDA:363,53,1,0
BRF:109
BRH:1
end_of_record
TN:
SF:/Users/wupeilin/Documents/code/nodejs/aliyun-tablestore-nodejs-sdk/lib/protocol/tablestore_proto.js
FNF:0
FNH:0
DA:1,1
LF:1
LH:1
BRF:0
BRH:0
end_of_record
TN:
SF:/Users/wupeilin/Documents/code/nodejs/aliyun-tablestore-nodejs-sdk/lib/protocol/decoder.js
FN:6,(anonymous_1)
FN:9,(anonymous_2)
FN:13,(anonymous_3)
FN:17,(anonymous_4)
FN:21,(anonymous_5)
FN:25,(anonymous_6)
FN:29,(anonymous_7)
FN:40,(anonymous_8)
FN:51,(anonymous_9)
FN:55,(anonymous_10)
FN:59,(anonymous_11)
FN:78,(anonymous_12)
FN:83,(anonymous_13)
FN:90,(anonymous_14)
FN:124,(anonymous_15)
FN:129,(anonymous_16)
FN:142,(anonymous_17)
FNF:17
FNH:0
FNDA:0,(anonymous_1)
FNDA:0,(anonymous_2)
FNDA:0,(anonymous_3)
FNDA:0,(anonymous_4)
FNDA:0,(anonymous_5)
FNDA:0,(anonymous_6)
FNDA:0,(anonymous_7)
FNDA:0,(anonymous_8)
FNDA:0,(anonymous_9)
FNDA:0,(anonymous_10)
FNDA:0,(anonymous_11)
FNDA:0,(anonymous_12)
FNDA:0,(anonymous_13)
FNDA:0,(anonymous_14)
FNDA:0,(anonymous_15)
FNDA:0,(anonymous_16)
FNDA:0,(anonymous_17)
DA:1,1
DA:2,1
DA:3,1
DA:5,1
DA:7,0
DA:10,0
DA:11,0
DA:14,0
DA:15,0
DA:18,0
DA:19,0
DA:22,0
DA:23,0
DA:26,0
DA:27,0
DA:30,0
DA:31,0
DA:32,0
DA:33,0
DA:34,0
DA:36,0
DA:38,0
DA:41,0
DA:42,0
DA:43,0
DA:44,0
DA:45,0
DA:47,0
DA:49,0
DA:52,0
DA:53,0
DA:56,0
DA:57,0
DA:60,0
DA:61,0
DA:62,0
DA:63,0
DA:64,0
DA:66,0
DA:69,0
DA:70,0
DA:71,0
DA:72,0
DA:73,0
DA:76,0
DA:79,0
DA:80,0
DA:81,0
DA:84,0
DA:85,0
DA:86,0
DA:88,0
DA:91,0
DA:92,0
DA:93,0
DA:94,0
DA:95,0
DA:96,0
DA:98,0
DA:99,0
DA:100,0
DA:101,0
DA:102,0
DA:103,0
DA:104,0
DA:107,0
DA:108,0
DA:110,0
DA:119,0
DA:122,0
DA:125,0
DA:126,0
DA:127,0
DA:130,0
DA:131,0
DA:132,0
DA:133,0
DA:135,0
DA:136,0
DA:137,0
DA:140,0
DA:143,0
DA:144,0
DA:145,0
DA:147,0
DA:148,0
DA:149,0
DA:150,0
DA:151,0
DA:152,0
DA:155,0
DA:156,0
DA:159,0
DA:167,0
DA:171,1
LF:95
LH:5
BRDA:31,1,0,0
BRDA:31,1,1,0
BRDA:31,2,0,0
BRDA:31,2,1,0
BRDA:42,3,0,0
BRDA:42,3,1,0
BRDA:42,4,0,0
BRDA:42,4,1,0
BRDA:61,5,0,0
BRDA:61,5,1,0
BRDA:61,6,0,0
BRDA:61,6,1,0
BRDA:69,7,0,0
BRDA:69,7,1,0
BRDA:98,8,0,0
BRDA:98,8,1,0
BRDA:99,9,0,0
BRDA:99,9,1,0
BRDA:99,10,0,0
BRDA:99,10,1,0
BRDA:115,11,0,0
BRDA:115,11,1,0
BRDA:147,12,0,0
BRDA:147,12,1,0
BRDA:148,13,0,0
BRDA:148,13,1,0
BRDA:148,14,0,0
BRDA:148,14,1,0
BRDA:163,15,0,0
BRDA:163,15,1,0
BRF:30
BRH:0
end_of_record
TN:
SF:/Users/wupeilin/Documents/code/nodejs/aliyun-tablestore-nodejs-sdk/lib/config.js
FN:5,Config
FN:8,(anonymous_2)
FN:17,clear
FN:19,(anonymous_4)
FN:28,getCredentials
FN:41,set
FNF:6
FNH:4
FNDA:1,Config
FNDA:9,(anonymous_2)
FNDA:0,clear
FNDA:0,(anonymous_4)
FNDA:2,getCredentials
FNDA:9,set
DA:1,1
DA:3,1
DA:6,1
DA:8,1
DA:9,9
DA:10,9
DA:11,4
DA:13,9
DA:19,0
DA:20,0
DA:24,0
DA:25,0
DA:29,2
DA:42,9
DA:43,5
DA:44,1
DA:46,5
DA:47,0
DA:49,5
DA:52,4
LF:20
LH:15
BRDA:6,1,0,0
BRDA:6,1,1,1
BRDA:10,2,0,4
BRDA:10,2,1,5
BRDA:42,3,0,5
BRDA:42,3,1,4
BRDA:43,4,0,1
BRDA:43,4,1,4
BRDA:46,5,0,0
BRDA:46,5,1,5
BRF:10
BRH:8
end_of_record
TN:
SF:/Users/wupeilin/Documents/code/nodejs/aliyun-tablestore-nodejs-sdk/lib/http.js
FN:6,Endpoint
FN:31,HttpRequest
FN:40,pathname
FN:44,search
FN:48,(anonymous_5)
FN:65,HttpResponse
FN:75,getInstance
FNF:7
FNH:4
FNDA:2,Endpoint
FNDA:2,HttpRequest
FNDA:0,pathname
FNDA:0,search
FNDA:0,(anonymous_5)
FNDA:2,HttpResponse
FNDA:2,getInstance
DA:1,1
DA:2,1
DA:4,1
DA:7,2
DA:9,2
DA:10,0
DA:13,2
DA:14,0
DA:17,2
DA:20,2
DA:21,0
DA:23,2
DA:29,1
DA:32,2
DA:33,2
DA:34,2
DA:35,2
DA:36,2
DA:37,2
DA:41,0
DA:45,0
DA:49,0
DA:50,0
DA:51,0
DA:52,0
DA:53,0
DA:54,0
DA:55,0
DA:56,0
DA:57,0
DA:63,1
DA:66,2
DA:67,2
DA:68,2
DA:73,1
DA:75,1
DA:77,2
DA:78,1
DA:80,2
LF:39
LH:25
BRDA:9,1,0,0
BRDA:9,1,1,2
BRDA:9,2,0,2
BRDA:9,2,1,2
BRDA:13,3,0,0
BRDA:13,3,1,2
BRDA:20,4,0,0
BRDA:20,4,1,2
BRDA:23,5,0,0
BRDA:23,5,1,2
BRDA:33,6,0,2
BRDA:33,6,1,0
BRDA:45,7,0,0
BRDA:45,7,1,0
BRDA:49,8,0,0
BRDA:49,8,1,0
BRDA:55,9,0,0
BRDA:55,9,1,0
BRDA:77,10,0,1
BRDA:77,10,1,1
BRF:20
BRH:9
end_of_record
TN:
SF:/Users/wupeilin/Documents/code/nodejs/aliyun-tablestore-nodejs-sdk/lib/sequential_executor.js
FN:16,SequentialExecutor
FN:24,listeners
FN:28,on
FN:37,onAsync
FN:42,removeListener
FN:59,removeAllListeners
FN:71,emit
FN:88,callListeners
FN:98,(anonymous_9)
FN:149,addListeners
FN:155,(anonymous_11)
FN:157,(anonymous_12)
FN:181,addNamedListener
FN:190,addNamedAsyncListener
FN:218,addNamedListeners
FN:221,(anonymous_16)
FN:224,(anonymous_17)
FNF:17
FNH:14
FNDA:5,SequentialExecutor
FNDA:9,listeners
FNDA:45,on
FNDA:0,onAsync
FNDA:0,removeListener
FNDA:0,removeAllListeners
FNDA:9,emit
FNDA:23,callListeners
FNDA:2,(anonymous_9)
FNDA:4,addListeners
FNDA:18,(anonymous_11)
FNDA:20,(anonymous_12)
FNDA:11,addNamedListener
FNDA:3,addNamedAsyncListener
FNDA:2,addNamedListeners
FNDA:8,(anonymous_16)
FNDA:3,(anonymous_17)
DA:1,1
DA:2,1
DA:14,1
DA:17,5
DA:18,5
DA:25,9
DA:29,45
DA:30,9
DA:32,36
DA:34,45
DA:38,0
DA:39,0
DA:43,0
DA:44,0
DA:45,0
DA:46,0
DA:47,0
DA:48,0
DA:49,0
DA:52,0
DA:53,0
DA:56,0
DA:60,0
DA:61,0
DA:63,0
DA:65,0
DA:72,9
DA:73,9
DA:74,0
DA:76,9
DA:77,0
DA:79,9
DA:80,9
DA:81,9
DA:82,9
DA:89,23
DA:90,7
DA:91,7
DA:92,0
DA:94,16
DA:95,16
DA:98,4
DA:99,2
DA:100,0
DA:101,0
DA:102,0
DA:104,2
DA:107,4
DA:112,12
DA:113,12
DA:114,12
DA:116,0
DA:117,0
DA:118,0
DA:150,4
DA:153,4
DA:155,4
DA:156,18
DA:157,18
DA:158,20
DA:162,4
DA:182,11
DA:183,11
DA:184,11
DA:191,3
DA:192,3
DA:219,2
DA:220,2
DA:222,8
DA:225,3
DA:228,2
DA:236,1
DA:237,1
LF:73
LH:48
BRDA:17,1,0,5
BRDA:17,1,1,5
BRDA:25,2,0,8
BRDA:25,2,1,1
BRDA:29,3,0,9
BRDA:29,3,1,36
BRDA:44,4,0,0
BRDA:44,4,1,0
BRDA:48,5,0,0
BRDA:48,5,1,0
BRDA:52,6,0,0
BRDA:52,6,1,0
BRDA:60,7,0,0
BRDA:60,7,1,0
BRDA:72,8,0,0
BRDA:72,8,1,9
BRDA:73,9,0,0
BRDA:73,9,1,9
BRDA:73,10,0,9
BRDA:73,10,1,9
BRDA:76,11,0,0
BRDA:76,11,1,9
BRDA:89,12,0,7
BRDA:89,12,1,16
BRDA:91,13,0,0
BRDA:91,13,1,7
BRDA:91,14,0,7
BRDA:91,14,1,7
BRDA:95,15,0,4
BRDA:95,15,1,12
BRDA:99,16,0,0
BRDA:99,16,1,2
BRDA:101,17,0,0
BRDA:101,17,1,0
BRDA:101,18,0,0
BRDA:101,18,1,0
BRDA:117,19,0,0
BRDA:117,19,1,0
BRDA:117,20,0,0
BRDA:117,20,1,0
BRDA:153,21,0,4
BRDA:153,21,1,0
BRDA:156,22,0,0
BRDA:156,22,1,18
BRF:44
BRH:21
end_of_record
TN:
SF:/Users/wupeilin/Documents/code/nodejs/aliyun-tablestore-nodejs-sdk/lib/event_listeners.js
FN:9,(anonymous_1)
FN:11,SET_CONTENT_LENGTH
FN:18,SET_HTTP_HOST
FN:22,SIGN
FN:37,VALIDATE_RESPONSE
FN:48,SEND
FN:49,callback
FN:53,onHeaders
FN:58,onReadable
FN:65,onData
FN:72,onEnd
FN:78,progress
FN:79,onSendProgress
FN:83,onReceiveProgress
FN:88,error
FN:95,(anonymous_16)
FN:110,HTTP_HEADERS
FN:118,HTTP_DATA
FN:130,HTTP_DONE
FN:140,FINALIZE_ERROR
FN:146,RESET_RETRY_STATE
FN:168,(anonymous_22)
FN:169,LOG_REQUEST
FN:174,buildMessage
FNF:24
FNH:8
FNDA:1,(anonymous_1)
FNDA:2,SET_CONTENT_LENGTH
FNDA:2,SET_HTTP_HOST
FNDA:2,SIGN
FNDA:0,VALIDATE_RESPONSE
FNDA:2,SEND
FNDA:0,callback
FNDA:0,onHeaders
FNDA:0,onReadable
FNDA:0,onData
FNDA:0,onEnd
FNDA:2,progress
FNDA:1,onSendProgress
FNDA:0,onReceiveProgress
FNDA:0,error
FNDA:0,(anonymous_16)
FNDA:0,HTTP_HEADERS
FNDA:0,HTTP_DATA
FNDA:0,HTTP_DONE
FNDA:0,FINALIZE_ERROR
FNDA:0,RESET_RETRY_STATE
FNDA:1,(anonymous_22)
FNDA:0,LOG_REQUEST
FNDA:0,buildMessage
DA:1,1
DA:2,1
DA:4,1
DA:8,1
DA:11,1
DA:12,2
DA:13,2
DA:14,2
DA:18,1
DA:19,2
DA:22,1
DA:23,2
DA:25,2
DA:26,2
DA:27,2
DA:30,2
DA:32,0
DA:34,2
DA:37,1
DA:38,0
DA:39,0
DA:40,0
DA:42,0
DA:43,0
DA:48,1
DA:49,1
DA:50,0
DA:51,0
DA:53,0
DA:54,0
DA:56,0
DA:57,0
DA:58,0
DA:59,0
DA:60,0
DA:61,0
DA:65,0
DA:66,0
DA:72,0
DA:73,0
DA:74,0
DA:78,1
DA:79,2
DA:80,1
DA:83,2
DA:84,0
DA:88,1
DA:89,0
DA:95,0
DA:96,0
DA:100,2
DA:101,2
DA:103,2
DA:104,2
DA:106,2
DA:107,2
DA:110,1
DA:111,0
DA:112,0
DA:113,0
DA:114,0
DA:115,0
DA:118,1
DA:119,0
DA:120,0
DA:122,0
DA:123,0
DA:124,0
DA:126,0
DA:130,1
DA:132,0
DA:133,0
DA:134,0
DA:136,0
DA:137,0
DA:140,1
DA:141,0
DA:142,0
DA:146,1
DA:147,0
DA:149,0
DA:150,0
DA:151,0
DA:152,0
DA:153,0
DA:154,0
DA:158,0
DA:159,0
DA:160,0
DA:162,0
DA:169,1
DA:170,0
DA:171,0
DA:172,0
DA:174,1
DA:175,0
DA:176,0
DA:177,0
DA:178,0
DA:179,0
DA:181,0
DA:182,0
DA:183,0
DA:184,0
DA:185,0
DA:186,0
DA:187,0
DA:188,0
DA:191,0
DA:192,0
DA:193,0
DA:194,0
DA:195,0
LF:113
LH:38
BRDA:12,1,0,2
BRDA:12,1,1,0
BRDA:38,2,0,0
BRDA:38,2,1,0
BRDA:56,3,0,0
BRDA:56,3,1,0
BRDA:57,4,0,0
BRDA:57,4,1,0
BRDA:60,5,0,0
BRDA:60,5,1,0
BRDA:104,6,0,2
BRDA:104,6,1,0
BRDA:119,7,0,0
BRDA:119,7,1,0
BRDA:132,8,0,0
BRDA:132,8,1,0
BRDA:132,9,0,0
BRDA:132,9,1,0
BRDA:141,10,0,0
BRDA:141,10,1,0
BRDA:149,11,0,0
BRDA:149,11,1,0
BRDA:152,12,0,0
BRDA:152,12,1,0
BRDA:152,13,0,0
BRDA:152,13,1,0
BRDA:158,14,0,0
BRDA:158,14,1,0
BRDA:172,15,0,0
BRDA:172,15,1,0
BRDA:177,16,0,0
BRDA:177,16,1,0
BRDA:182,17,0,0
BRDA:182,17,1,0
BRDA:185,18,0,0
BRDA:185,18,1,0
BRDA:187,19,0,0
BRDA:187,19,1,0
BRDA:192,20,0,0
BRDA:192,20,1,0
BRDA:194,21,0,0
BRDA:194,21,1,0
BRF:42
BRH:2
end_of_record
TN:
SF:/Users/wupeilin/Documents/code/nodejs/aliyun-tablestore-nodejs-sdk/lib/request.js
FN:7,isTerminalState
FN:11,AcceptorStateMachine
FN:16,runTo
FN:24,(anonymous_4)
FN:40,addState
FN:53,(anonymous_6)
FN:54,transition
FN:57,(anonymous_8)
FN:78,(anonymous_9)
FN:118,Request
FN:159,send
FN:161,(anonymous_12)
FN:170,build
FN:174,runTo
FN:184,emit
FN:186,(anonymous_16)
FN:189,(anonymous_17)
FN:198,eventParameters
FN:220,Response
FNF:19
FNH:15
FNDA:0,isTerminalState
FNDA:3,AcceptorStateMachine
FNDA:8,runTo
FNDA:6,(anonymous_4)
FNDA:13,addState
FNDA:1,(anonymous_6)
FNDA:8,transition
FNDA:6,(anonymous_8)
FNDA:0,(anonymous_9)
FNDA:2,Request
FNDA:2,send
FNDA:0,(anonymous_12)
FNDA:0,build
FNDA:2,runTo
FNDA:9,emit
FNDA:1,(anonymous_16)
FNDA:7,(anonymous_17)
FNDA:8,eventParameters
FNDA:2,Response
DA:1,1
DA:2,1
DA:3,1
DA:5,1
DA:7,1
DA:8,0
DA:11,1
DA:12,3
DA:13,3
DA:16,1
DA:17,8
DA:18,0
DA:19,0
DA:22,8
DA:23,8
DA:24,8
DA:25,6
DA:26,0
DA:27,0
DA:28,0
DA:30,6
DA:31,6
DA:32,0
DA:34,6
DA:36,6
DA:40,1
DA:41,13
DA:42,0
DA:43,13
DA:44,0
DA:47,13
DA:48,13
DA:49,13
DA:52,1
DA:53,1
DA:54,1
DA:55,8
DA:56,8
DA:57,8
DA:58,6
DA:59,0
DA:60,0
DA:61,0
DA:62,0
DA:63,0
DA:64,0
DA:66,0
DA:69,0
DA:70,0
DA:73,6
DA:78,1
DA:79,0
DA:80,0
DA:81,0
DA:82,0
DA:84,0
DA:85,0
DA:86,0
DA:88,0
DA:91,1
DA:92,1
DA:93,1
DA:94,1
DA:95,1
DA:96,1
DA:97,1
DA:98,1
DA:99,1
DA:100,1
DA:101,1
DA:102,1
DA:104,1
DA:106,1
DA:119,2
DA:120,2
DA:121,2
DA:122,2
DA:123,0
DA:126,2
DA:127,2
DA:128,2
DA:129,2
DA:130,2
DA:132,2
DA:133,2
DA:134,2
DA:136,2
DA:137,2
DA:160,2
DA:161,2
DA:162,0
DA:165,2
DA:167,2
DA:171,0
DA:175,2
DA:176,2
DA:185,9
DA:186,9
DA:187,9
DA:188,9
DA:189,9
DA:190,7
DA:191,7
DA:199,8
DA:204,6
DA:206,0
DA:208,2
DA:213,1
DA:215,1
DA:221,2
DA:222,2
DA:223,2
DA:224,2
DA:225,2
LF:114
LH:84
BRDA:12,1,0,3
BRDA:12,1,1,1
BRDA:13,2,0,3
BRDA:13,2,1,1
BRDA:17,3,0,0
BRDA:17,3,1,8
BRDA:24,4,0,8
BRDA:24,4,1,0
BRDA:25,5,0,0
BRDA:25,5,1,6
BRDA:26,6,0,0
BRDA:26,6,1,0
BRDA:27,7,0,0
BRDA:27,7,1,0
BRDA:28,8,0,0
BRDA:28,8,1,0
BRDA:30,9,0,0
BRDA:30,9,1,6
BRDA:31,10,0,6
BRDA:31,10,1,0
BRDA:32,11,0,0
BRDA:32,11,1,0
BRDA:34,12,0,0
BRDA:34,12,1,6
BRDA:34,13,0,0
BRDA:34,13,1,0
BRDA:41,14,0,0
BRDA:41,14,1,13
BRDA:43,15,0,0
BRDA:43,15,1,13
BRDA:47,16,0,1
BRDA:47,16,1,12
BRDA:58,17,0,0
BRDA:58,17,1,6
BRDA:59,18,0,0
BRDA:59,18,1,0
BRDA:60,19,0,0
BRDA:60,19,1,0
BRDA:60,20,0,0
BRDA:60,20,1,0
BRDA:80,21,0,0
BRDA:80,21,1,0
BRDA:82,22,0,0
BRDA:82,22,1,0
BRDA:84,23,0,0
BRDA:84,23,1,0
BRDA:122,24,0,0
BRDA:122,24,1,2
BRDA:126,25,0,2
BRDA:126,25,1,2
BRDA:128,26,0,2
BRDA:128,26,1,0
BRDA:160,27,0,2
BRDA:160,27,1,0
BRDA:185,28,0,8
BRDA:185,28,1,1
BRDA:186,29,0,1
BRDA:186,29,1,8
BRDA:187,30,0,8
BRDA:187,30,1,1
BRDA:190,31,0,0
BRDA:190,31,1,7
BRDA:199,32,0,0
BRDA:199,32,1,2
BRDA:199,32,2,4
BRDA:199,32,3,6
BRDA:199,32,4,0
BRDA:199,32,5,2
BRF:68
BRH:31
end_of_record
TN:
SF:/Users/wupeilin/Documents/code/nodejs/aliyun-tablestore-nodejs-sdk/lib/signer.js
FN:8,Signer
FN:12,addAuthorization
FN:24,stringToSign
FN:39,canonicalizedHeaders
FN:43,(anonymous_5)
FN:48,(anonymous_6)
FN:53,(anonymous_7)
FN:61,sign
FNF:8
FNH:8
FNDA:2,Signer
FNDA:2,addAuthorization
FNDA:2,stringToSign
FNDA:2,canonicalizedHeaders
FNDA:14,(anonymous_5)
FNDA:18,(anonymous_6)
FNDA:10,(anonymous_7)
FNDA:2,sign
DA:1,1
DA:2,1
DA:7,1
DA:9,2
DA:13,2
DA:14,2
DA:15,2
DA:16,2
DA:17,0
DA:20,2
DA:21,2
DA:25,2
DA:27,2
DA:29,2
DA:31,2
DA:33,2
DA:34,2
DA:36,2
DA:41,2
DA:43,2
DA:44,14
DA:45,10
DA:48,2
DA:49,18
DA:52,2
DA:53,2
DA:54,10
DA:57,2
DA:62,2
DA:63,0
DA:64,0
DA:65,0
DA:67,2
DA:71,1
LF:34
LH:30
BRDA:16,1,0,0
BRDA:16,1,1,2
BRDA:34,2,0,2
BRDA:34,2,1,0
BRDA:44,3,0,10
BRDA:44,3,1,4
BRDA:49,4,0,6
BRDA:49,4,1,12
BRDA:62,5,0,0
BRDA:62,5,1,2
BRF:10
BRH:7
end_of_record
TN:
SF:/Users/wupeilin/Documents/code/nodejs/aliyun-tablestore-nodejs-sdk/lib/http/node.js
FN:11,handleRequest
FN:34,(anonymous_2)
FN:42,(anonymous_3)
FN:50,(anonymous_4)
FN:59,writeBody
FN:76,sslAgent
FN:86,(anonymous_7)
FN:92,progressStream
FN:96,(anonymous_9)
FN:108,bufferToStream
FN:113,(anonymous_11)
FNF:11
FNH:6
FNDA:2,handleRequest
FNDA:0,(anonymous_2)
FNDA:0,(anonymous_3)
FNDA:0,(anonymous_4)
FNDA:2,writeBody
FNDA:0,sslAgent
FNDA:0,(anonymous_7)
FNDA:2,progressStream
FNDA:1,(anonymous_9)
FNDA:2,bufferToStream
FNDA:3,(anonymous_11)
DA:1,1
DA:2,1
DA:3,1
DA:4,1
DA:5,1
DA:10,1
DA:12,2
DA:13,2
DA:14,2
DA:16,2
DA:17,2
DA:18,2
DA:26,2
DA:27,0
DA:30,2
DA:31,2
DA:32,2
DA:34,2
DA:35,0
DA:36,0
DA:38,2
DA:41,2
DA:42,2
DA:43,0
DA:44,0
DA:49,0
DA:50,0
DA:51,0
DA:54,2
DA:55,2
DA:56,2
DA:60,2
DA:62,2
DA:63,2
DA:64,2
DA:67,2
DA:68,2
DA:69,0
DA:70,0
DA:72,0
DA:77,0
DA:79,0
DA:80,0
DA:81,0
DA:84,0
DA:86,0
DA:89,0
DA:93,2
DA:94,2
DA:95,2
DA:96,2
DA:97,1
DA:98,1
DA:99,1
DA:103,1
DA:105,2
DA:109,2
DA:111,2
DA:112,2
DA:113,2
DA:114,3
DA:116,1
DA:117,1
DA:118,1
DA:119,1
DA:122,2
DA:135,1
DA:140,1
LF:68
LH:50
BRDA:14,1,0,0
BRDA:14,1,1,2
BRDA:17,2,0,0
BRDA:17,2,1,2
BRDA:26,3,0,0
BRDA:26,3,1,2
BRDA:26,4,0,2
BRDA:26,4,1,0
BRDA:41,5,0,2
BRDA:41,5,1,2
BRDA:62,6,0,2
BRDA:62,6,1,0
BRDA:62,7,0,2
BRDA:62,7,1,2
BRDA:62,7,2,2
BRDA:63,8,0,2
BRDA:63,8,1,0
BRDA:67,9,0,2
BRDA:67,9,1,0
BRDA:69,10,0,0
BRDA:69,10,1,0
BRDA:79,11,0,0
BRDA:79,11,1,0
BRDA:97,12,0,1
BRDA:97,12,1,0
BRDA:109,13,0,0
BRDA:109,13,1,2
BRDA:114,14,0,2
BRDA:114,14,1,1
BRDA:117,15,0,1
BRDA:117,15,1,0
BRDA:140,16,0,1
BRDA:140,16,1,0
BRF:33
BRH:18
end_of_record
TN:
SF:/Users/wupeilin/Documents/code/nodejs/aliyun-tablestore-nodejs-sdk/lib/retry/retry_util.js
FN:5,(anonymous_1)
FN:25,(anonymous_2)
FN:35,(anonymous_3)
FN:53,(anonymous_4)
FNF:4
FNH:0
FNDA:0,(anonymous_1)
FNDA:0,(anonymous_2)
FNDA:0,(anonymous_3)
FNDA:0,(anonymous_4)
DA:1,1
DA:3,1
DA:6,0
DA:7,0
DA:9,0
DA:15,0
DA:18,0
DA:19,0
DA:22,0
DA:26,0
DA:27,0
DA:28,0
DA:29,0
DA:30,0
DA:36,0
DA:37,0
DA:39,0
DA:43,0
DA:46,0
DA:47,0
DA:50,0
DA:54,0
DA:55,0
DA:57,0
DA:60,0
DA:63,0
DA:64,0
DA:67,0
LF:28
LH:2
BRDA:9,1,0,0
BRDA:9,1,1,0
BRDA:9,2,0,0
BRDA:9,2,1,0
BRDA:9,2,2,0
BRDA:9,2,3,0
BRDA:9,2,4,0
BRDA:9,2,5,0
BRDA:18,3,0,0
BRDA:18,3,1,0
BRDA:18,4,0,0
BRDA:18,4,1,0
BRDA:29,5,0,0
BRDA:29,5,1,0
BRDA:39,6,0,0
BRDA:39,6,1,0
BRDA:39,7,0,0
BRDA:39,7,1,0
BRDA:39,7,2,0
BRDA:39,7,3,0
BRDA:46,8,0,0
BRDA:46,8,1,0
BRDA:46,9,0,0
BRDA:46,9,1,0
BRDA:46,9,2,0
BRDA:57,10,0,0
BRDA:57,10,1,0
BRDA:57,11,0,0
BRDA:57,11,1,0
BRDA:57,11,2,0
BRDA:63,12,0,0
BRDA:63,12,1,0
BRDA:63,13,0,0
BRDA:63,13,1,0
BRF:34
BRH:0
end_of_record
TN:
SF:/Users/wupeilin/Documents/code/nodejs/aliyun-tablestore-nodejs-sdk/lib/retry/default_retry_policy.js
FN:22,(anonymous_1)
FN:26,(anonymous_2)
FN:30,(anonymous_3)
FN:44,(anonymous_4)
FN:62,(anonymous_5)
FNF:5
FNH:0
FNDA:0,(anonymous_1)
FNDA:0,(anonymous_2)
FNDA:0,(anonymous_3)
FNDA:0,(anonymous_4)
FNDA:0,(anonymous_5)
DA:1,1
DA:3,1
DA:23,0
DA:27,0
DA:32,0
DA:33,0
DA:36,0
DA:38,0
DA:41,0
DA:45,0
DA:46,0
DA:47,0
DA:49,0
DA:52,0
DA:54,0
DA:55,0
DA:58,0
DA:59,0
DA:64,0
DA:65,0
DA:68,0
DA:69,0
DA:72,0
LF:23
LH:2
BRDA:32,1,0,0
BRDA:32,1,1,0
BRDA:36,2,0,0
BRDA:36,2,1,0
BRDA:36,3,0,0
BRDA:36,3,1,0
BRDA:46,4,0,0
BRDA:46,4,1,0
BRDA:54,5,0,0
BRDA:54,5,1,0
BRDA:64,6,0,0
BRDA:64,6,1,0
BRDA:68,7,0,0
BRDA:68,7,1,0
BRF:14
BRH:0
end_of_record
TN:
SF:/Users/wupeilin/Documents/code/nodejs/aliyun-tablestore-nodejs-sdk/lib/client.js
FN:4,(anonymous_1)
FN:9,Client
FN:13,setupRequestListeners
FN:22,populateURI
FN:28,populateHeader
FN:34,buildContent
FN:40,computeContentMd5
FN:51,extractData
FN:64,extractError
FN:114,makeRequest
FN:126,(anonymous_11)
FN:127,(anonymous_12)
FN:140,addAllRequestListeners
FN:157,(anonymous_14)
FN:164,(anonymous_15)
FN:171,(anonymous_16)
FN:178,(anonymous_17)
FN:185,(anonymous_18)
FN:197,(anonymous_19)
FN:204,(anonymous_20)
FN:211,(anonymous_21)
FN:218,(anonymous_22)
FN:225,(anonymous_23)
FN:232,(anonymous_24)
FN:239,(anonymous_25)
FNF:25
FNH:10
FNDA:0,(anonymous_1)
FNDA:1,Client
FNDA:2,setupRequestListeners
FNDA:2,populateURI
FNDA:2,populateHeader
FNDA:2,buildContent
FNDA:2,computeContentMd5
FNDA:0,extractData
FNDA:0,extractError
FNDA:2,makeRequest
FNDA:0,(anonymous_11)
FNDA:0,(anonymous_12)
FNDA:2,addAllRequestListeners
FNDA:1,(anonymous_14)
FNDA:1,(anonymous_15)
FNDA:0,(anonymous_16)
FNDA:0,(anonymous_17)
FNDA:0,(anonymous_18)
FNDA:0,(anonymous_19)
FNDA:0,(anonymous_20)
FNDA:0,(anonymous_21)
FNDA:0,(anonymous_22)
FNDA:0,(anonymous_23)
FNDA:0,(anonymous_24)
FNDA:0,(anonymous_25)
DA:1,1
DA:2,1
DA:4,1
DA:5,0
DA:8,1
DA:10,1
DA:14,2
DA:15,2
DA:16,2
DA:17,2
DA:18,2
DA:19,2
DA:23,2
DA:24,2
DA:25,2
DA:29,2
DA:30,2
DA:31,2
DA:35,2
DA:36,2
DA:37,2
DA:41,2
DA:42,2
DA:52,0
DA:55,0
DA:65,0
DA:72,0
DA:73,0
DA:74,0
DA:75,0
DA:81,0
DA:82,0
DA:83,0
DA:84,0
DA:91,0
DA:92,0
DA:115,2
DA:116,0
DA:117,0
DA:120,2
DA:121,2
DA:122,2
DA:123,2
DA:124,2
DA:126,0
DA:127,0
DA:128,0
DA:129,0
DA:131,0
DA:141,2
DA:142,2
DA:143,4
DA:146,2
DA:147,0
DA:150,2
DA:158,1
DA:165,1
DA:172,0
DA:179,0
DA:186,0
DA:198,0
DA:205,0
DA:212,0
DA:219,0
DA:226,0
DA:233,0
DA:240,0
LF:67
LH:35
BRDA:55,1,0,0
BRDA:55,1,1,0
BRDA:74,2,0,0
BRDA:74,2,1,0
BRDA:74,3,0,0
BRDA:74,3,1,0
BRDA:85,4,0,0
BRDA:85,4,1,0
BRDA:86,5,0,0
BRDA:86,5,1,0
BRDA:115,6,0,0
BRDA:115,6,1,2
BRDA:122,7,0,2
BRDA:122,7,1,0
BRDA:128,8,0,0
BRDA:128,8,1,0
BRDA:143,9,0,4
BRDA:143,9,1,0
BRDA:146,10,0,0
BRDA:146,10,1,2
BRF:20
BRH:4
end_of_record
TN:
SF:/Users/wupeilin/Documents/code/nodejs/aliyun-tablestore-nodejs-sdk/samples/client.js
FNF:0
FNH:0
DA:1,1
DA:3,1
DA:4,1
DA:5,1
DA:6,1
DA:8,1
DA:15,1
LF:7
LH:7
BRF:0
BRH:0
end_of_record
